
Showing logs for build [32mpolasekr-go-http-pr-9-pr-build-2v2c8-1[0m stage [32mfrom-build-pack[0m and container [32mstep-credential-initializer-vdpjm[0m
{"level":"warn","ts":1585407430.0887012,"logger":"fallback-logger","caller":"logging/config.go:69","msg":"Fetch GitHub commit ID from kodata failed: \"ref: refs/heads/0.8.0-**-support-backwards-incompats\" is not a valid GitHub commit ID"}
{"level":"info","ts":1585407430.088974,"logger":"fallback-logger","caller":"creds-init/main.go:40","msg":"Credentials initialized."}

Showing logs for build [32mpolasekr-go-http-pr-9-pr-build-2v2c8-1[0m stage [32mfrom-build-pack[0m and container [32mstep-working-dir-initializer-hrtrv[0m
{"level":"warn","ts":1585407431.372527,"logger":"fallback-logger","caller":"logging/config.go:69","msg":"Fetch GitHub commit ID from kodata failed: open /var/run/ko/HEAD: no such file or directory"}
{"level":"info","ts":1585407431.3739183,"logger":"fallback-logger","caller":"bash/main.go:64","msg":"Successfully executed command \"sh -c mkdir -p /workspace/source\"; output "}

Showing logs for build [32mpolasekr-go-http-pr-9-pr-build-2v2c8-1[0m stage [32mfrom-build-pack[0m and container [32mstep-place-tools[0m

Showing logs for build [32mpolasekr-go-http-pr-9-pr-build-2v2c8-1[0m stage [32mfrom-build-pack[0m and container [32mstep-git-source-polasekr-go-http-pr-9-pr-build-2v2c8-mlt2v[0m
{"level":"warn","ts":1585407437.5181913,"logger":"fallback-logger","caller":"logging/config.go:69","msg":"Fetch GitHub commit ID from kodata failed: \"ref: refs/heads/0.8.0-**-support-backwards-incompats\" is not a valid GitHub commit ID"}
{"level":"info","ts":1585407437.9695573,"logger":"fallback-logger","caller":"git/git.go:103","msg":"Successfully cloned https://github.com/********/go-http.git @ master in path /workspace/source"}

Showing logs for build [32mpolasekr-go-http-pr-9-pr-build-2v2c8-1[0m stage [32mfrom-build-pack[0m and container [32mstep-git-merge[0m
Using SHAs from PULL_REFS=master:3206dd32f1537415db329ffa1c6b694c7808852d,9:0fc0d7caf4cc4df11ccbb43f991f45c468841407
DEBUG: LC_ALL=C JX_LOG_LEVEL=error git fetch origin --unshallow 0fc0d7caf4cc4df11ccbb43f991f45c468841407: 3206dd32f1537415db329ffa1c6b694c7808852d:
DEBUG: ran git fetch --unshallow origin 0fc0d7caf4cc4df11ccbb43f991f45c468841407: 3206dd32f1537415db329ffa1c6b694c7808852d: in 
DEBUG: LC_ALL=C JX_LOG_LEVEL=error git branch
DEBUG: LC_ALL=C JX_LOG_LEVEL=error git checkout master
DEBUG: ran git checkout master in 
DEBUG: LC_ALL=C JX_LOG_LEVEL=error git reset --hard 3206dd32f1537415db329ffa1c6b694c7808852d
DEBUG: ran git reset --hard 3206dd32f1537415db329ffa1c6b694c7808852d in 
DEBUG: LC_ALL=C JX_LOG_LEVEL=error git clean -fd .
DEBUG: ran clean --force -d . in 
DEBUG: LC_ALL=C JX_LOG_LEVEL=error git merge 0fc0d7caf4cc4df11ccbb43f991f45c468841407
DEBUG: ran git merge 0fc0d7caf4cc4df11ccbb43f991f45c468841407 in 
DEBUG: LC_ALL=C JX_LOG_LEVEL=error git log --format=%H%x1f%an%x1f%ae%x1f%cn%x1f%ce%x1f%s%n%b%x1e 3206dd32f1537415db329ffa1c6b694c7808852d..HEAD
Merged SHA 0fc0d7caf4cc4df11ccbb43f991f45c468841407 with commit message 'title change on a develop branch' into base branch master

Showing logs for build [32mpolasekr-go-http-pr-9-pr-build-2v2c8-1[0m stage [32mfrom-build-pack[0m and container [32mstep-build-make-linux[0m
CGO_ENABLED=0 GOOS=linux GOARCH=amd64 GO15VENDOREXPERIMENT=1 go build -ldflags '' -o bin/go-http main.go

Showing logs for build [32mpolasekr-go-http-pr-9-pr-build-2v2c8-1[0m stage [32mfrom-build-pack[0m and container [32mstep-build-container-build[0m
[36mINFO[0m[0000] No base image, nothing to extract            
[36mINFO[0m[0000] cmd: EXPOSE                                  
[36mINFO[0m[0000] Adding exposed port: 8080/tcp                
[36mINFO[0m[0000] Using files from context: [/workspace/source/bin] 
[36mINFO[0m[0000] Skipping unpacking as no commands require it. 
[36mINFO[0m[0000] Taking snapshot of full filesystem...        
[36mINFO[0m[0000] EXPOSE 8080                                  
[36mINFO[0m[0000] cmd: EXPOSE                                  
[36mINFO[0m[0000] Adding exposed port: 8080/tcp                
[36mINFO[0m[0000] No files changed in this command, skipping snapshotting. 
[36mINFO[0m[0000] ENTRYPOINT ["/go-http"]                      
[36mINFO[0m[0000] No files changed in this command, skipping snapshotting. 
[36mINFO[0m[0000] Using files from context: [/workspace/source/bin] 
[36mINFO[0m[0000] COPY ./bin/ /                                
[36mINFO[0m[0000] Taking snapshot of files...                  
2020/03/28 14:57:28 pushed blob: sha256:24fab77cbb75fd0d6052c7c84cada479c360388581f9286b4055d6ae31cb94a8
2020/03/28 14:57:29 pushed blob: sha256:26bf081f4bec5162af3b4dc918679dbbec3cdb546d6afe9d5613126692f2a37a
2020/03/28 14:57:30 index.docker.io/rhithmapp/go-http:0.0.0-SNAPSHOT-PR-9-1: digest: sha256:1351c82885ea943d15aa06bae196aa0c611012ff9c891bc3dccf01679b30c005 size: 428

Showing logs for build [32mpolasekr-go-http-pr-9-pr-build-2v2c8-1[0m stage [32mfrom-build-pack[0m and container [32mstep-postbuild-post-build[0m
no CVE provider running in the current ** namespace so skip adding image to be analysed

Showing logs for build [32mpolasekr-go-http-pr-9-pr-build-2v2c8-1[0m stage [32mfrom-build-pack[0m and container [32mstep-promote-make-preview[0m
sed -i -e "s/version:.*/version: 0.0.0-SNAPSHOT-PR-9-1/" Chart.yaml
sed -i -e "s/version:.*/version: 0.0.0-SNAPSHOT-PR-9-1/" ../*/Chart.yaml
sed -i -e "s|repository:.*|repository: docker.io\/rhithmapp\/go-http|" values.yaml
sed -i -e "s/tag:.*/tag: 0.0.0-SNAPSHOT-PR-9-1/" values.yaml
echo "  version: 0.0.0-SNAPSHOT-PR-9-1" >> requirements.yaml
** step helm build
WARNING: No $CHART_REPOSITORY defined so using the default value of: http://jenkins-x-chartmuseum:8080
Adding missing Helm repo: storage.googleapis.com https://storage.googleapis.com/chartmuseum.jenkins-x.io
Successfully added Helm repository storage.googleapis.com.
Adding missing Helm repo: jenkins-x-chartmuseum http://jenkins-x-chartmuseum:8080
Successfully added Helm repository jenkins-x-chartmuseum.
WARNING: No $CHART_REPOSITORY defined so using the default value of: http://jenkins-x-chartmuseum:8080
Adding missing Helm repo: chartmuseum.jenkins-x.io http://chartmuseum.jenkins-x.io
Successfully added Helm repository chartmuseum.jenkins-x.io.

Showing logs for build [32mpolasekr-go-http-pr-9-pr-build-2v2c8-1[0m stage [32mfrom-build-pack[0m and container [32mstep-promote-jx-preview[0m
Creating a preview
Found commit author match for: ******** with email address: ********@gmail.com
Created environment ********-go-http-pr-9
Namespace **-********-go-http-pr-9 created 
expose:
  Annotations:
    helm.sh/hook: post-install,post-upgrade
    helm.sh/hook-delete-policy: hook-succeeded
  config:
    domain: dev.rhithm.app
    exposer: Ingress
    http: "true"
preview:
  image:
    repository: docker.io/rhithmapp/go-http
    tag: 0.0.0-SNAPSHOT-PR-9-1

Updating PipelineActivities ********-go-http-pr-9-1 which has status Running
Preview application is now available at: https://go-http-**.dev.rhithm.app
