
Showing logs for build [32mpolasekr-go-http-pr-6-pr-build-dczg6-2[0m stage [32mfrom-build-pack[0m and container [32mstep-credential-initializer-jhcqk[0m
{"level":"warn","ts":1585273924.6247451,"logger":"fallback-logger","caller":"logging/config.go:69","msg":"Fetch GitHub commit ID from kodata failed: \"ref: refs/heads/0.8.0-**-support-backwards-incompats\" is not a valid GitHub commit ID"}
{"level":"info","ts":1585273924.6250207,"logger":"fallback-logger","caller":"creds-init/main.go:40","msg":"Credentials initialized."}

Showing logs for build [32mpolasekr-go-http-pr-6-pr-build-dczg6-2[0m stage [32mfrom-build-pack[0m and container [32mstep-working-dir-initializer-nhdmz[0m
{"level":"warn","ts":1585273925.0090048,"logger":"fallback-logger","caller":"logging/config.go:69","msg":"Fetch GitHub commit ID from kodata failed: open /var/run/ko/HEAD: no such file or directory"}
{"level":"info","ts":1585273925.0118175,"logger":"fallback-logger","caller":"bash/main.go:64","msg":"Successfully executed command \"sh -c mkdir -p /workspace/source\"; output "}

Showing logs for build [32mpolasekr-go-http-pr-6-pr-build-dczg6-2[0m stage [32mfrom-build-pack[0m and container [32mstep-place-tools[0m

Showing logs for build [32mpolasekr-go-http-pr-6-pr-build-dczg6-2[0m stage [32mfrom-build-pack[0m and container [32mstep-git-source-polasekr-go-http-pr-6-pr-build-dczg6-57fmc[0m
{"level":"warn","ts":1585273930.044467,"logger":"fallback-logger","caller":"logging/config.go:69","msg":"Fetch GitHub commit ID from kodata failed: \"ref: refs/heads/0.8.0-**-support-backwards-incompats\" is not a valid GitHub commit ID"}
{"level":"info","ts":1585273930.5054839,"logger":"fallback-logger","caller":"git/git.go:103","msg":"Successfully cloned https://github.com/********/go-http.git @ master in path /workspace/source"}

Showing logs for build [32mpolasekr-go-http-pr-6-pr-build-dczg6-2[0m stage [32mfrom-build-pack[0m and container [32mstep-git-merge[0m
Using SHAs from PULL_REFS=master:eb73589b5e74883e56fb6cac6a42f3e103ac51b1,6:059ae6144ef601e860ec1b27d2311960efd2b594
DEBUG: JX_LOG_LEVEL=error LC_ALL=C git fetch origin --unshallow 059ae6144ef601e860ec1b27d2311960efd2b594: eb73589b5e74883e56fb6cac6a42f3e103ac51b1:
DEBUG: ran git fetch --unshallow origin 059ae6144ef601e860ec1b27d2311960efd2b594: eb73589b5e74883e56fb6cac6a42f3e103ac51b1: in 
DEBUG: LC_ALL=C JX_LOG_LEVEL=error git branch
DEBUG: LC_ALL=C JX_LOG_LEVEL=error git checkout master
DEBUG: ran git checkout master in 
DEBUG: LC_ALL=C JX_LOG_LEVEL=error git reset --hard eb73589b5e74883e56fb6cac6a42f3e103ac51b1
DEBUG: ran git reset --hard eb73589b5e74883e56fb6cac6a42f3e103ac51b1 in 
DEBUG: LC_ALL=C JX_LOG_LEVEL=error git clean -fd .
DEBUG: ran clean --force -d . in 
DEBUG: LC_ALL=C JX_LOG_LEVEL=error git merge 059ae6144ef601e860ec1b27d2311960efd2b594
DEBUG: ran git merge 059ae6144ef601e860ec1b27d2311960efd2b594 in 
DEBUG: LC_ALL=C JX_LOG_LEVEL=error git log --format=%H%x1f%an%x1f%ae%x1f%cn%x1f%ce%x1f%s%n%b%x1e eb73589b5e74883e56fb6cac6a42f3e103ac51b1..HEAD
Merged SHA 8708aecba1dd7fa86c1719ffc9f066b3d9041763 with commit message 'Merge commit '059ae6144ef601e860ec1b27d2311960efd2b594'' into base branch master
Merged SHA 059ae6144ef601e860ec1b27d2311960efd2b594 with commit message 'latest change to title' into base branch master
Merged SHA f00a0d3adf3e7fe2d5b72d43e71b08b8647e8182 with commit message 'Merge remote-tracking branch 'upstream/master'' into base branch master
Merged SHA 6812e0a0296c49d6e513f61609a8174cdd8a9300 with commit message 'another change' into base branch master
Merged SHA f6db6dbd1ba281eefbe2d1cf1fd945b1f4363d82 with commit message 'updated message in the application' into base branch master

Showing logs for build [32mpolasekr-go-http-pr-6-pr-build-dczg6-2[0m stage [32mfrom-build-pack[0m and container [32mstep-build-make-linux[0m
CGO_ENABLED=0 GOOS=linux GOARCH=amd64 GO15VENDOREXPERIMENT=1 go build -ldflags '' -o bin/go-http main.go

Showing logs for build [32mpolasekr-go-http-pr-6-pr-build-dczg6-2[0m stage [32mfrom-build-pack[0m and container [32mstep-build-container-build[0m
[36mINFO[0m[0000] No base image, nothing to extract            
[36mINFO[0m[0000] cmd: EXPOSE                                  
[36mINFO[0m[0000] Adding exposed port: 8080/tcp                
[36mINFO[0m[0000] Using files from context: [/workspace/source/bin] 
[36mINFO[0m[0000] Skipping unpacking as no commands require it. 
[36mINFO[0m[0000] Taking snapshot of full filesystem...        
[36mINFO[0m[0000] EXPOSE 8080                                  
[36mINFO[0m[0000] cmd: EXPOSE                                  
[36mINFO[0m[0000] Adding exposed port: 8080/tcp                
[36mINFO[0m[0000] No files changed in this command, skipping snapshotting. 
[36mINFO[0m[0000] ENTRYPOINT ["/go-http"]                      
[36mINFO[0m[0000] No files changed in this command, skipping snapshotting. 
[36mINFO[0m[0000] Using files from context: [/workspace/source/bin] 
[36mINFO[0m[0000] COPY ./bin/ /                                
[36mINFO[0m[0000] Taking snapshot of files...                  
error pushing image: failed to push to destination index.docker.io/rhithmapp/go-http:0.0.0-SNAPSHOT-PR-6-2: UNAUTHORIZED: authentication required; [map[Type:repository Class: Name:rhithmapp/go-http Action:pull] map[Type:repository Class: Name:rhithmapp/go-http Action:push]]
[31m
Pipeline failed on stage 'from-build-pack' : container 'step-build-container-build'. The execution of the pipeline has stopped.[0m
