
Showing logs for build [32mpolasekr-go-http-pr-6-pr-build-tsbll-3[0m stage [32mfrom-build-pack[0m and container [32mstep-credential-initializer-l9wzf[0m
{"level":"warn","ts":1585312916.6597023,"logger":"fallback-logger","caller":"logging/config.go:69","msg":"Fetch GitHub commit ID from kodata failed: \"ref: refs/heads/0.8.0-**-support-backwards-incompats\" is not a valid GitHub commit ID"}
{"level":"info","ts":1585312916.6618922,"logger":"fallback-logger","caller":"creds-init/main.go:40","msg":"Credentials initialized."}

Showing logs for build [32mpolasekr-go-http-pr-6-pr-build-tsbll-3[0m stage [32mfrom-build-pack[0m and container [32mstep-working-dir-initializer-2td6r[0m
{"level":"warn","ts":1585312917.919955,"logger":"fallback-logger","caller":"logging/config.go:69","msg":"Fetch GitHub commit ID from kodata failed: open /var/run/ko/HEAD: no such file or directory"}
{"level":"info","ts":1585312917.9235725,"logger":"fallback-logger","caller":"bash/main.go:64","msg":"Successfully executed command \"sh -c mkdir -p /workspace/source\"; output "}

Showing logs for build [32mpolasekr-go-http-pr-6-pr-build-tsbll-3[0m stage [32mfrom-build-pack[0m and container [32mstep-place-tools[0m

Showing logs for build [32mpolasekr-go-http-pr-6-pr-build-tsbll-3[0m stage [32mfrom-build-pack[0m and container [32mstep-git-source-polasekr-go-http-pr-6-pr-build-tsbll-5wcc2[0m
{"level":"warn","ts":1585312923.9573596,"logger":"fallback-logger","caller":"logging/config.go:69","msg":"Fetch GitHub commit ID from kodata failed: \"ref: refs/heads/0.8.0-**-support-backwards-incompats\" is not a valid GitHub commit ID"}
{"level":"info","ts":1585312924.4814029,"logger":"fallback-logger","caller":"git/git.go:103","msg":"Successfully cloned https://github.com/********/go-http.git @ master in path /workspace/source"}

Showing logs for build [32mpolasekr-go-http-pr-6-pr-build-tsbll-3[0m stage [32mfrom-build-pack[0m and container [32mstep-git-merge[0m
Using SHAs from PULL_REFS=master:be8d107a07ec463f320cafc5d53e9382ec529fc3,6:059ae6144ef601e860ec1b27d2311960efd2b594
DEBUG: LC_ALL=C JX_LOG_LEVEL=error git fetch origin --unshallow 059ae6144ef601e860ec1b27d2311960efd2b594: be8d107a07ec463f320cafc5d53e9382ec529fc3:
DEBUG: ran git fetch --unshallow origin 059ae6144ef601e860ec1b27d2311960efd2b594: be8d107a07ec463f320cafc5d53e9382ec529fc3: in 
DEBUG: LC_ALL=C JX_LOG_LEVEL=error git branch
DEBUG: LC_ALL=C JX_LOG_LEVEL=error git checkout master
DEBUG: ran git checkout master in 
DEBUG: JX_LOG_LEVEL=error LC_ALL=C git reset --hard be8d107a07ec463f320cafc5d53e9382ec529fc3
DEBUG: ran git reset --hard be8d107a07ec463f320cafc5d53e9382ec529fc3 in 
DEBUG: LC_ALL=C JX_LOG_LEVEL=error git clean -fd .
DEBUG: ran clean --force -d . in 
DEBUG: LC_ALL=C JX_LOG_LEVEL=error git merge 059ae6144ef601e860ec1b27d2311960efd2b594
DEBUG: ran git merge 059ae6144ef601e860ec1b27d2311960efd2b594 in 
DEBUG: LC_ALL=C JX_LOG_LEVEL=error git log --format=%H%x1f%an%x1f%ae%x1f%cn%x1f%ce%x1f%s%n%b%x1e be8d107a07ec463f320cafc5d53e9382ec529fc3..HEAD
Merged SHA cc2e16c16807da454a55194b65434f88d4f9693c with commit message 'Merge commit '059ae6144ef601e860ec1b27d2311960efd2b594'' into base branch master
Merged SHA 059ae6144ef601e860ec1b27d2311960efd2b594 with commit message 'latest change to title' into base branch master
Merged SHA f00a0d3adf3e7fe2d5b72d43e71b08b8647e8182 with commit message 'Merge remote-tracking branch 'upstream/master'' into base branch master
Merged SHA 6812e0a0296c49d6e513f61609a8174cdd8a9300 with commit message 'another change' into base branch master
Merged SHA f6db6dbd1ba281eefbe2d1cf1fd945b1f4363d82 with commit message 'updated message in the application' into base branch master

Showing logs for build [32mpolasekr-go-http-pr-6-pr-build-tsbll-3[0m stage [32mfrom-build-pack[0m and container [32mstep-build-make-linux[0m
CGO_ENABLED=0 GOOS=linux GOARCH=amd64 GO15VENDOREXPERIMENT=1 go build -ldflags '' -o bin/go-http main.go

Showing logs for build [32mpolasekr-go-http-pr-6-pr-build-tsbll-3[0m stage [32mfrom-build-pack[0m and container [32mstep-build-container-build[0m
[36mINFO[0m[0000] No base image, nothing to extract            
[36mINFO[0m[0000] cmd: EXPOSE                                  
[36mINFO[0m[0000] Adding exposed port: 8080/tcp                
[36mINFO[0m[0000] Using files from context: [/workspace/source/bin] 
[36mINFO[0m[0000] Skipping unpacking as no commands require it. 
[36mINFO[0m[0000] Taking snapshot of full filesystem...        
[36mINFO[0m[0008] EXPOSE 8080                                  
[36mINFO[0m[0008] cmd: EXPOSE                                  
[36mINFO[0m[0008] Adding exposed port: 8080/tcp                
[36mINFO[0m[0008] No files changed in this command, skipping snapshotting. 
[36mINFO[0m[0008] ENTRYPOINT ["/go-http"]                      
[36mINFO[0m[0008] No files changed in this command, skipping snapshotting. 
[36mINFO[0m[0008] Using files from context: [/workspace/source/bin] 
[36mINFO[0m[0008] COPY ./bin/ /                                
[36mINFO[0m[0008] Taking snapshot of files...                  
2020/03/27 12:42:24 pushed blob: sha256:97a88f9c2e01f120ee7688de6ff290639013c7307a7abd61925b7ec436cb1c2d
2020/03/27 12:42:25 pushed blob: sha256:54356c0ecd1f6801bfd62e559c6ef341d077c30ed6aaa085f43e956c3008322f
2020/03/27 12:42:25 index.docker.io/rhithmapp/go-http:0.0.0-SNAPSHOT-PR-6-3: digest: sha256:13e3d8d3b21d8f3d841e95d89df8c7ed2ca9b9daf1fa1a040b117d1d5f6c5011 size: 428

Showing logs for build [32mpolasekr-go-http-pr-6-pr-build-tsbll-3[0m stage [32mfrom-build-pack[0m and container [32mstep-postbuild-post-build[0m
no CVE provider running in the current ** namespace so skip adding image to be analysed

Showing logs for build [32mpolasekr-go-http-pr-6-pr-build-tsbll-3[0m stage [32mfrom-build-pack[0m and container [32mstep-promote-make-preview[0m
sed -i -e "s/version:.*/version: 0.0.0-SNAPSHOT-PR-6-3/" Chart.yaml
sed -i -e "s/version:.*/version: 0.0.0-SNAPSHOT-PR-6-3/" ../*/Chart.yaml
sed -i -e "s|repository:.*|repository: docker.io\/rhithmapp\/go-http|" values.yaml
sed -i -e "s/tag:.*/tag: 0.0.0-SNAPSHOT-PR-6-3/" values.yaml
echo "  version: 0.0.0-SNAPSHOT-PR-6-3" >> requirements.yaml
** step helm build
WARNING: No $CHART_REPOSITORY defined so using the default value of: http://jenkins-x-chartmuseum:8080
Adding missing Helm repo: storage.googleapis.com https://storage.googleapis.com/chartmuseum.jenkins-x.io
Successfully added Helm repository storage.googleapis.com.
Adding missing Helm repo: jenkins-x-chartmuseum http://jenkins-x-chartmuseum:8080
Successfully added Helm repository jenkins-x-chartmuseum.
WARNING: No $CHART_REPOSITORY defined so using the default value of: http://jenkins-x-chartmuseum:8080
Adding missing Helm repo: chartmuseum.jenkins-x.io http://chartmuseum.jenkins-x.io
Successfully added Helm repository chartmuseum.jenkins-x.io.

Showing logs for build [32mpolasekr-go-http-pr-6-pr-build-tsbll-3[0m stage [32mfrom-build-pack[0m and container [32mstep-promote-jx-preview[0m
Creating a preview
Found commit author match for: robson-test with email address: robsonr@seznam.cz
Created environment ********-go-http-pr-6
Namespace **-********-go-http-pr-6 created 
expose:
  Annotations:
    helm.sh/hook: post-install,post-upgrade
    helm.sh/hook-delete-policy: hook-succeeded
  config:
    domain: dev.rhithm.app
    exposer: Ingress
    http: "true"
preview:
  image:
    repository: docker.io/rhithmapp/go-http
    tag: 0.0.0-SNAPSHOT-PR-6-3

Updating PipelineActivities ********-go-http-pr-6-3 which has status Running
WARNING: preview application http://go-http.**-********-go-http-pr-6.dev.rhithm.app not available, error was 503 503 Service Temporarily Unavailable, delaying for: 703.186876ms
WARNING: preview application http://go-http.**-********-go-http-pr-6.dev.rhithm.app not available, error was 503 503 Service Temporarily Unavailable, delaying for: 792.454625ms
WARNING: preview application http://go-http.**-********-go-http-pr-6.dev.rhithm.app not available, error was 503 503 Service Temporarily Unavailable, delaying for: 2.349350039s
WARNING: preview application http://go-http.**-********-go-http-pr-6.dev.rhithm.app not available, error was 503 503 Service Temporarily Unavailable, delaying for: 2.016409337s
Preview application is now available at: http://go-http.**-********-go-http-pr-6.dev.rhithm.app
