
Showing logs for build [32mpolasekr-go-http-master-5b4mr-17[0m stage [32mfrom-build-pack[0m and container [32mstep-credential-initializer-7f27c[0m
{"level":"warn","ts":1584838057.380324,"logger":"fallback-logger","caller":"logging/config.go:69","msg":"Fetch GitHub commit ID from kodata failed: \"ref: refs/heads/0.8.0-**-support-backwards-incompats\" is not a valid GitHub commit ID"}
{"level":"info","ts":1584838057.3805928,"logger":"fallback-logger","caller":"creds-init/main.go:40","msg":"Credentials initialized."}

Showing logs for build [32mpolasekr-go-http-master-5b4mr-17[0m stage [32mfrom-build-pack[0m and container [32mstep-working-dir-initializer-pfcdw[0m
{"level":"warn","ts":1584838058.3994,"logger":"fallback-logger","caller":"logging/config.go:69","msg":"Fetch GitHub commit ID from kodata failed: open /var/run/ko/HEAD: no such file or directory"}
{"level":"info","ts":1584838058.4007812,"logger":"fallback-logger","caller":"bash/main.go:64","msg":"Successfully executed command \"sh -c mkdir -p /workspace/source\"; output "}

Showing logs for build [32mpolasekr-go-http-master-5b4mr-17[0m stage [32mfrom-build-pack[0m and container [32mstep-place-tools[0m

Showing logs for build [32mpolasekr-go-http-master-5b4mr-17[0m stage [32mfrom-build-pack[0m and container [32mstep-git-source-polasekr-go-http-master-5b4mr-2c9wd[0m
{"level":"warn","ts":1584838064.4667907,"logger":"fallback-logger","caller":"logging/config.go:69","msg":"Fetch GitHub commit ID from kodata failed: \"ref: refs/heads/0.8.0-**-support-backwards-incompats\" is not a valid GitHub commit ID"}
{"level":"info","ts":1584838064.8848052,"logger":"fallback-logger","caller":"git/git.go:103","msg":"Successfully cloned https://github.com/********/go-http.git @ v0.0.22 in path /workspace/source"}

Showing logs for build [32mpolasekr-go-http-master-5b4mr-17[0m stage [32mfrom-build-pack[0m and container [32mstep-git-merge[0m
Using SHAs from PULL_REFS=master:
WARNING: no SHAs to merge, falling back to initial cloned commit

Showing logs for build [32mpolasekr-go-http-master-5b4mr-17[0m stage [32mfrom-build-pack[0m and container [32mstep-setup-jx-git-credentials[0m
failed to get helm version: failed to run 'helm version --short' command in directory '', output: 'Client: v2.14.3+g0e7f3b6
Error: could not find tiller'
old helm binary on the PATH so replacing with helm 3
Generated Git credentials file /workspace/xdg_config/git/credentials

Showing logs for build [32mpolasekr-go-http-master-5b4mr-17[0m stage [32mfrom-build-pack[0m and container [32mstep-build-make-build[0m
CGO_ENABLED=0 GO15VENDOREXPERIMENT=1 go build -ldflags '' -o bin/go-http main.go

Showing logs for build [32mpolasekr-go-http-master-5b4mr-17[0m stage [32mfrom-build-pack[0m and container [32mstep-build-container-build[0m
2020/03/22 00:47:54 Error executing command: fork/exec /bin/sh: no such file or directory
[31m
Pipeline failed on stage 'from-build-pack' : container 'step-build-container-build'. The execution of the pipeline has stopped.[0m
