
Showing logs for build [32mmeta-polasekr-go-http-master-8p98h-33[0m stage [32mmeta-pipeline[0m and container [32mstep-credential-initializer-p9bbb[0m
{"level":"warn","ts":1584969253.142609,"logger":"fallback-logger","caller":"logging/config.go:69","msg":"Fetch GitHub commit ID from kodata failed: \"ref: refs/heads/0.8.0-**-support-backwards-incompats\" is not a valid GitHub commit ID"}
{"level":"info","ts":1584969253.1461885,"logger":"fallback-logger","caller":"creds-init/main.go:40","msg":"Credentials initialized."}

Showing logs for build [32mmeta-polasekr-go-http-master-8p98h-33[0m stage [32mmeta-pipeline[0m and container [32mstep-working-dir-initializer-vkkkb[0m
{"level":"warn","ts":1584969254.1597087,"logger":"fallback-logger","caller":"logging/config.go:69","msg":"Fetch GitHub commit ID from kodata failed: open /var/run/ko/HEAD: no such file or directory"}
{"level":"info","ts":1584969254.1656308,"logger":"fallback-logger","caller":"bash/main.go:64","msg":"Successfully executed command \"sh -c mkdir -p /workspace/source\"; output "}

Showing logs for build [32mmeta-polasekr-go-http-master-8p98h-33[0m stage [32mmeta-pipeline[0m and container [32mstep-place-tools[0m

Showing logs for build [32mmeta-polasekr-go-http-master-8p98h-33[0m stage [32mmeta-pipeline[0m and container [32mstep-git-source-meta-polasekr-go-http-master-8p98h-2fgck[0m
{"level":"warn","ts":1584969258.2086527,"logger":"fallback-logger","caller":"logging/config.go:69","msg":"Fetch GitHub commit ID from kodata failed: \"ref: refs/heads/0.8.0-**-support-backwards-incompats\" is not a valid GitHub commit ID"}
{"level":"info","ts":1584969258.7107167,"logger":"fallback-logger","caller":"git/git.go:103","msg":"Successfully cloned https://github.com/********/go-http.git @ master in path /workspace/source"}

Showing logs for build [32mmeta-polasekr-go-http-master-8p98h-33[0m stage [32mmeta-pipeline[0m and container [32mstep-git-merge[0m
Using SHAs from PULL_REFS=master:
WARNING: no SHAs to merge, falling back to initial cloned commit

Showing logs for build [32mmeta-polasekr-go-http-master-8p98h-33[0m stage [32mmeta-pipeline[0m and container [32mstep-merge-pull-refs[0m
SKIP merge-pull-refs: Nothing to merge

Showing logs for build [32mmeta-polasekr-go-http-master-8p98h-33[0m stage [32mmeta-pipeline[0m and container [32mstep-create-effective-pipeline[0m
error: failed to load project config in dir /workspace/source: Validation failures in YAML file /workspace/source/jenkins-x.yml:
pipelineConfig.pipelines.release: Additional property options is not allowed
[31m
Pipeline failed on stage 'meta-pipeline' : container 'step-create-effective-pipeline'. The execution of the pipeline has stopped.[0m

Showing logs for build [32mmeta-polasekr-go-http-master-8p98h-33[0m stage [32mmeta-pipeline[0m and container [32mstep-credential-initializer-p9bbb[0m
{"level":"warn","ts":1584969253.142609,"logger":"fallback-logger","caller":"logging/config.go:69","msg":"Fetch GitHub commit ID from kodata failed: \"ref: refs/heads/0.8.0-**-support-backwards-incompats\" is not a valid GitHub commit ID"}
{"level":"info","ts":1584969253.1461885,"logger":"fallback-logger","caller":"creds-init/main.go:40","msg":"Credentials initialized."}

Showing logs for build [32mmeta-polasekr-go-http-master-8p98h-33[0m stage [32mmeta-pipeline[0m and container [32mstep-working-dir-initializer-vkkkb[0m
{"level":"warn","ts":1584969254.1597087,"logger":"fallback-logger","caller":"logging/config.go:69","msg":"Fetch GitHub commit ID from kodata failed: open /var/run/ko/HEAD: no such file or directory"}
{"level":"info","ts":1584969254.1656308,"logger":"fallback-logger","caller":"bash/main.go:64","msg":"Successfully executed command \"sh -c mkdir -p /workspace/source\"; output "}

Showing logs for build [32mmeta-polasekr-go-http-master-8p98h-33[0m stage [32mmeta-pipeline[0m and container [32mstep-place-tools[0m

Showing logs for build [32mmeta-polasekr-go-http-master-8p98h-33[0m stage [32mmeta-pipeline[0m and container [32mstep-git-source-meta-polasekr-go-http-master-8p98h-2fgck[0m
{"level":"warn","ts":1584969258.2086527,"logger":"fallback-logger","caller":"logging/config.go:69","msg":"Fetch GitHub commit ID from kodata failed: \"ref: refs/heads/0.8.0-**-support-backwards-incompats\" is not a valid GitHub commit ID"}
{"level":"info","ts":1584969258.7107167,"logger":"fallback-logger","caller":"git/git.go:103","msg":"Successfully cloned https://github.com/********/go-http.git @ master in path /workspace/source"}

Showing logs for build [32mmeta-polasekr-go-http-master-8p98h-33[0m stage [32mmeta-pipeline[0m and container [32mstep-git-merge[0m
Using SHAs from PULL_REFS=master:
WARNING: no SHAs to merge, falling back to initial cloned commit

Showing logs for build [32mmeta-polasekr-go-http-master-8p98h-33[0m stage [32mmeta-pipeline[0m and container [32mstep-merge-pull-refs[0m
SKIP merge-pull-refs: Nothing to merge

Showing logs for build [32mmeta-polasekr-go-http-master-8p98h-33[0m stage [32mmeta-pipeline[0m and container [32mstep-create-effective-pipeline[0m
error: failed to load project config in dir /workspace/source: Validation failures in YAML file /workspace/source/jenkins-x.yml:
pipelineConfig.pipelines.release: Additional property options is not allowed
[31m
Pipeline failed on stage 'meta-pipeline' : container 'step-create-effective-pipeline'. The execution of the pipeline has stopped.[0m
