
Showing logs for build [32mpolasekr-go-http-master-bhhnj-37[0m stage [32mfrom-build-pack[0m and container [32mstep-credential-initializer-qmnfw[0m
{"level":"warn","ts":1585312901.0057073,"logger":"fallback-logger","caller":"logging/config.go:69","msg":"Fetch GitHub commit ID from kodata failed: \"ref: refs/heads/0.8.0-**-support-backwards-incompats\" is not a valid GitHub commit ID"}
{"level":"info","ts":1585312901.0060472,"logger":"fallback-logger","caller":"creds-init/main.go:40","msg":"Credentials initialized."}

Showing logs for build [32mpolasekr-go-http-master-bhhnj-37[0m stage [32mfrom-build-pack[0m and container [32mstep-working-dir-initializer-mdbzv[0m
{"level":"warn","ts":1585312901.4139605,"logger":"fallback-logger","caller":"logging/config.go:69","msg":"Fetch GitHub commit ID from kodata failed: open /var/run/ko/HEAD: no such file or directory"}
{"level":"info","ts":1585312901.414986,"logger":"fallback-logger","caller":"bash/main.go:64","msg":"Successfully executed command \"sh -c mkdir -p /workspace/source\"; output "}

Showing logs for build [32mpolasekr-go-http-master-bhhnj-37[0m stage [32mfrom-build-pack[0m and container [32mstep-place-tools[0m

Showing logs for build [32mpolasekr-go-http-master-bhhnj-37[0m stage [32mfrom-build-pack[0m and container [32mstep-git-source-polasekr-go-http-master-bhhnj-rpn8p[0m
{"level":"warn","ts":1585312907.4999595,"logger":"fallback-logger","caller":"logging/config.go:69","msg":"Fetch GitHub commit ID from kodata failed: \"ref: refs/heads/0.8.0-**-support-backwards-incompats\" is not a valid GitHub commit ID"}
{"level":"info","ts":1585312907.9443023,"logger":"fallback-logger","caller":"git/git.go:103","msg":"Successfully cloned https://github.com/********/go-http.git @ v0.0.45 in path /workspace/source"}

Showing logs for build [32mpolasekr-go-http-master-bhhnj-37[0m stage [32mfrom-build-pack[0m and container [32mstep-git-merge[0m
Using SHAs from PULL_REFS=master:be8d107a07ec463f320cafc5d53e9382ec529fc3
WARNING: no SHAs to merge, falling back to initial cloned commit

Showing logs for build [32mpolasekr-go-http-master-bhhnj-37[0m stage [32mfrom-build-pack[0m and container [32mstep-setup-jx-git-credentials[0m
failed to get helm version: failed to run 'helm version --short' command in directory '', output: 'Client: v2.14.3+g0e7f3b6
Error: could not find tiller'
old helm binary on the PATH so replacing with helm 3
Generated Git credentials file /workspace/xdg_config/git/credentials

Showing logs for build [32mpolasekr-go-http-master-bhhnj-37[0m stage [32mfrom-build-pack[0m and container [32mstep-build-make-build[0m
CGO_ENABLED=0 GO15VENDOREXPERIMENT=1 go build -ldflags '' -o bin/go-http main.go

Showing logs for build [32mpolasekr-go-http-master-bhhnj-37[0m stage [32mfrom-build-pack[0m and container [32mstep-build-container-build[0m
[36mINFO[0m[0000] No base image, nothing to extract            
[36mINFO[0m[0000] cmd: EXPOSE                                  
[36mINFO[0m[0000] Adding exposed port: 8080/tcp                
[36mINFO[0m[0000] Using files from context: [/workspace/source/bin] 
[36mINFO[0m[0000] Skipping unpacking as no commands require it. 
[36mINFO[0m[0000] Taking snapshot of full filesystem...        
[36mINFO[0m[0000] EXPOSE 8080                                  
[36mINFO[0m[0000] cmd: EXPOSE                                  
[36mINFO[0m[0000] Adding exposed port: 8080/tcp                
[36mINFO[0m[0000] No files changed in this command, skipping snapshotting. 
[36mINFO[0m[0000] ENTRYPOINT ["/go-http"]                      
[36mINFO[0m[0000] No files changed in this command, skipping snapshotting. 
[36mINFO[0m[0000] Using files from context: [/workspace/source/bin] 
[36mINFO[0m[0000] COPY ./bin/ /                                
[36mINFO[0m[0000] Taking snapshot of files...                  
2020/03/27 12:42:05 pushed blob: sha256:30c58b1285aabc613a371d86e03b52c8d9a696fc49f86c35cb859d84f7c1f45a
2020/03/27 12:42:06 pushed blob: sha256:10356c6258c3f474d476d51e4a4973dbcbe11d53a4a785f4ade2f77ffef55747
2020/03/27 12:42:07 index.docker.io/rhithmapp/go-http:0.0.45: digest: sha256:8e17b6d55abe48d672ccf1542ce15bf2d4c1e7a15e5cf9df85584260bc58bfa9 size: 428

Showing logs for build [32mpolasekr-go-http-master-bhhnj-37[0m stage [32mfrom-build-pack[0m and container [32mstep-build-post-build[0m
no CVE provider running in the current ** namespace so skip adding image to be analysed

Showing logs for build [32mpolasekr-go-http-master-bhhnj-37[0m stage [32mfrom-build-pack[0m and container [32mstep-promote-changelog[0m
Converted /workspace/source/charts/go-http to an unshallow repository
Generating change log from git ref e932c154c90c67e9a99cc457c012e0c451494908 => e0431106a0acf04c9d11d13fdca63ea686e9ca33
WARNING: No release found for ********/go-http and tag v0.0.45 so creating a new release
Updated the release information at https://github.com/********/go-http/releases/tag/v0.0.45
generated: /workspace/source/charts/go-http/templates/release.yaml
Created Release go-http-0-0-45 resource in namespace **
Updating PipelineActivity ********-go-http-master-37 with version 0.0.45
Updated PipelineActivities ********-go-http-master-37 with release notes URL: https://github.com/********/go-http/releases/tag/v0.0.45

Showing logs for build [32mpolasekr-go-http-master-bhhnj-37[0m stage [32mfrom-build-pack[0m and container [32mstep-promote-helm-release[0m
WARNING: No $CHART_REPOSITORY defined so using the default value of: http://jenkins-x-chartmuseum:8080
Adding missing Helm repo: storage.googleapis.com https://storage.googleapis.com/chartmuseum.jenkins-x.io
Successfully added Helm repository storage.googleapis.com.
Adding missing Helm repo: jenkins-x-chartmuseum http://jenkins-x-chartmuseum:8080
Successfully added Helm repository jenkins-x-chartmuseum.
WARNING: No $CHART_REPOSITORY defined so using the default value of: http://jenkins-x-chartmuseum:8080
Uploading chart file go-http-0.0.45.tgz to http://jenkins-x-chartmuseum:8080/api/charts
Received 201 response: {"saved":true}

Showing logs for build [32mpolasekr-go-http-master-bhhnj-37[0m stage [32mfrom-build-pack[0m and container [32mstep-promote-jx-promote[0m
WARNING: prow based install so skip waiting for the merge of Pull Requests to go green as currently there is an issue with gettingstatuses from the PR, see https://github.com/jenkins-x/**/issues/2410
WARNING: No $CHART_REPOSITORY defined so using the default value of: http://jenkins-x-chartmuseum:8080
Promoting app go-http version 0.0.45 to namespace **-staging
WARNING: 
Created Pull Request: https://github.com/********/environment-rhithm-dev-staging/pull/4
Added label updatebot to Pull Request https://github.com/********/environment-rhithm-dev-staging/pull/4
WARNING: Failed to query the Pull Request last commit status for https://github.com/********/environment-rhithm-dev-staging/pull/4 ref 9335ee21e0fb24cac3556ccd8cfc165e58d70f0d Could not find a status for repository ********/environment-rhithm-dev-staging with ref 9335ee21e0fb24cac3556ccd8cfc165e58d70f0d
WARNING: Failed to query the Pull Request last commit status for https://github.com/********/environment-rhithm-dev-staging/pull/4 ref 9335ee21e0fb24cac3556ccd8cfc165e58d70f0d Could not find a status for repository ********/environment-rhithm-dev-staging with ref 9335ee21e0fb24cac3556ccd8cfc165e58d70f0d
WARNING: Failed to query the Pull Request last commit status for https://github.com/********/environment-rhithm-dev-staging/pull/4 ref 9335ee21e0fb24cac3556ccd8cfc165e58d70f0d Could not find a status for repository ********/environment-rhithm-dev-staging with ref 9335ee21e0fb24cac3556ccd8cfc165e58d70f0d
WARNING: Failed to query the Pull Request last commit status for https://github.com/********/environment-rhithm-dev-staging/pull/4 ref 9335ee21e0fb24cac3556ccd8cfc165e58d70f0d Could not find a status for repository ********/environment-rhithm-dev-staging with ref 9335ee21e0fb24cac3556ccd8cfc165e58d70f0d
WARNING: Failed to query the Pull Request last commit status for https://github.com/********/environment-rhithm-dev-staging/pull/4 ref 9335ee21e0fb24cac3556ccd8cfc165e58d70f0d Could not find a status for repository ********/environment-rhithm-dev-staging with ref 9335ee21e0fb24cac3556ccd8cfc165e58d70f0d
WARNING: Failed to query the Pull Request last commit status for https://github.com/********/environment-rhithm-dev-staging/pull/4 ref 9335ee21e0fb24cac3556ccd8cfc165e58d70f0d Could not find a status for repository ********/environment-rhithm-dev-staging with ref 9335ee21e0fb24cac3556ccd8cfc165e58d70f0d
WARNING: Failed to query the Pull Request last commit status for https://github.com/********/environment-rhithm-dev-staging/pull/4 ref 9335ee21e0fb24cac3556ccd8cfc165e58d70f0d Could not find a status for repository ********/environment-rhithm-dev-staging with ref 9335ee21e0fb24cac3556ccd8cfc165e58d70f0d
WARNING: Failed to query the Pull Request last commit status for https://github.com/********/environment-rhithm-dev-staging/pull/4 ref 9335ee21e0fb24cac3556ccd8cfc165e58d70f0d Could not find a status for repository ********/environment-rhithm-dev-staging with ref 9335ee21e0fb24cac3556ccd8cfc165e58d70f0d
WARNING: Failed to query the Pull Request last commit status for https://github.com/********/environment-rhithm-dev-staging/pull/4 ref 9335ee21e0fb24cac3556ccd8cfc165e58d70f0d Could not find a status for repository ********/environment-rhithm-dev-staging with ref 9335ee21e0fb24cac3556ccd8cfc165e58d70f0d
WARNING: Failed to query the Pull Request last commit status for https://github.com/********/environment-rhithm-dev-staging/pull/4 ref 9335ee21e0fb24cac3556ccd8cfc165e58d70f0d Could not find a status for repository ********/environment-rhithm-dev-staging with ref 9335ee21e0fb24cac3556ccd8cfc165e58d70f0d
WARNING: Failed to query the Pull Request last commit status for https://github.com/********/environment-rhithm-dev-staging/pull/4 ref 9335ee21e0fb24cac3556ccd8cfc165e58d70f0d Could not find a status for repository ********/environment-rhithm-dev-staging with ref 9335ee21e0fb24cac3556ccd8cfc165e58d70f0d
WARNING: Failed to query the Pull Request last commit status for https://github.com/********/environment-rhithm-dev-staging/pull/4 ref 9335ee21e0fb24cac3556ccd8cfc165e58d70f0d Could not find a status for repository ********/environment-rhithm-dev-staging with ref 9335ee21e0fb24cac3556ccd8cfc165e58d70f0d
WARNING: Failed to query the Pull Request last commit status for https://github.com/********/environment-rhithm-dev-staging/pull/4 ref 9335ee21e0fb24cac3556ccd8cfc165e58d70f0d Could not find a status for repository ********/environment-rhithm-dev-staging with ref 9335ee21e0fb24cac3556ccd8cfc165e58d70f0d
WARNING: Failed to query the Pull Request last commit status for https://github.com/********/environment-rhithm-dev-staging/pull/4 ref 9335ee21e0fb24cac3556ccd8cfc165e58d70f0d Could not find a status for repository ********/environment-rhithm-dev-staging with ref 9335ee21e0fb24cac3556ccd8cfc165e58d70f0d
WARNING: Failed to query the Pull Request last commit status for https://github.com/********/environment-rhithm-dev-staging/pull/4 ref 9335ee21e0fb24cac3556ccd8cfc165e58d70f0d Could not find a status for repository ********/environment-rhithm-dev-staging with ref 9335ee21e0fb24cac3556ccd8cfc165e58d70f0d
WARNING: Failed to query the Pull Request last commit status for https://github.com/********/environment-rhithm-dev-staging/pull/4 ref 9335ee21e0fb24cac3556ccd8cfc165e58d70f0d Could not find a status for repository ********/environment-rhithm-dev-staging with ref 9335ee21e0fb24cac3556ccd8cfc165e58d70f0d
WARNING: Failed to query the Pull Request last commit status for https://github.com/********/environment-rhithm-dev-staging/pull/4 ref 9335ee21e0fb24cac3556ccd8cfc165e58d70f0d Could not find a status for repository ********/environment-rhithm-dev-staging with ref 9335ee21e0fb24cac3556ccd8cfc165e58d70f0d
WARNING: Failed to query the Pull Request last commit status for https://github.com/********/environment-rhithm-dev-staging/pull/4 ref 9335ee21e0fb24cac3556ccd8cfc165e58d70f0d Could not find a status for repository ********/environment-rhithm-dev-staging with ref 9335ee21e0fb24cac3556ccd8cfc165e58d70f0d
WARNING: Failed to query the Pull Request last commit status for https://github.com/********/environment-rhithm-dev-staging/pull/4 ref 9335ee21e0fb24cac3556ccd8cfc165e58d70f0d Could not find a status for repository ********/environment-rhithm-dev-staging with ref 9335ee21e0fb24cac3556ccd8cfc165e58d70f0d
WARNING: Failed to query the Pull Request last commit status for https://github.com/********/environment-rhithm-dev-staging/pull/4 ref 9335ee21e0fb24cac3556ccd8cfc165e58d70f0d Could not find a status for repository ********/environment-rhithm-dev-staging with ref 9335ee21e0fb24cac3556ccd8cfc165e58d70f0d
WARNING: Failed to query the Pull Request last commit status for https://github.com/********/environment-rhithm-dev-staging/pull/4 ref 9335ee21e0fb24cac3556ccd8cfc165e58d70f0d Could not find a status for repository ********/environment-rhithm-dev-staging with ref 9335ee21e0fb24cac3556ccd8cfc165e58d70f0d
WARNING: Failed to query the Pull Request last commit status for https://github.com/********/environment-rhithm-dev-staging/pull/4 ref 9335ee21e0fb24cac3556ccd8cfc165e58d70f0d Could not find a status for repository ********/environment-rhithm-dev-staging with ref 9335ee21e0fb24cac3556ccd8cfc165e58d70f0d
WARNING: Failed to query the Pull Request last commit status for https://github.com/********/environment-rhithm-dev-staging/pull/4 ref 9335ee21e0fb24cac3556ccd8cfc165e58d70f0d Could not find a status for repository ********/environment-rhithm-dev-staging with ref 9335ee21e0fb24cac3556ccd8cfc165e58d70f0d
WARNING: Failed to query the Pull Request last commit status for https://github.com/********/environment-rhithm-dev-staging/pull/4 ref 9335ee21e0fb24cac3556ccd8cfc165e58d70f0d Could not find a status for repository ********/environment-rhithm-dev-staging with ref 9335ee21e0fb24cac3556ccd8cfc165e58d70f0d
WARNING: Failed to query the Pull Request last commit status for https://github.com/********/environment-rhithm-dev-staging/pull/4 ref 9335ee21e0fb24cac3556ccd8cfc165e58d70f0d Could not find a status for repository ********/environment-rhithm-dev-staging with ref 9335ee21e0fb24cac3556ccd8cfc165e58d70f0d
WARNING: Failed to query the Pull Request last commit status for https://github.com/********/environment-rhithm-dev-staging/pull/4 ref 9335ee21e0fb24cac3556ccd8cfc165e58d70f0d Could not find a status for repository ********/environment-rhithm-dev-staging with ref 9335ee21e0fb24cac3556ccd8cfc165e58d70f0d
WARNING: Failed to query the Pull Request last commit status for https://github.com/********/environment-rhithm-dev-staging/pull/4 ref 9335ee21e0fb24cac3556ccd8cfc165e58d70f0d Could not find a status for repository ********/environment-rhithm-dev-staging with ref 9335ee21e0fb24cac3556ccd8cfc165e58d70f0d
WARNING: Failed to query the Pull Request last commit status for https://github.com/********/environment-rhithm-dev-staging/pull/4 ref 9335ee21e0fb24cac3556ccd8cfc165e58d70f0d Could not find a status for repository ********/environment-rhithm-dev-staging with ref 9335ee21e0fb24cac3556ccd8cfc165e58d70f0d
WARNING: Failed to query the Pull Request last commit status for https://github.com/********/environment-rhithm-dev-staging/pull/4 ref 9335ee21e0fb24cac3556ccd8cfc165e58d70f0d Could not find a status for repository ********/environment-rhithm-dev-staging with ref 9335ee21e0fb24cac3556ccd8cfc165e58d70f0d
WARNING: Failed to query the Pull Request last commit status for https://github.com/********/environment-rhithm-dev-staging/pull/4 ref 9335ee21e0fb24cac3556ccd8cfc165e58d70f0d Could not find a status for repository ********/environment-rhithm-dev-staging with ref 9335ee21e0fb24cac3556ccd8cfc165e58d70f0d
WARNING: Failed to query the Pull Request last commit status for https://github.com/********/environment-rhithm-dev-staging/pull/4 ref 9335ee21e0fb24cac3556ccd8cfc165e58d70f0d Could not find a status for repository ********/environment-rhithm-dev-staging with ref 9335ee21e0fb24cac3556ccd8cfc165e58d70f0d
WARNING: Failed to query the Pull Request last commit status for https://github.com/********/environment-rhithm-dev-staging/pull/4 ref 9335ee21e0fb24cac3556ccd8cfc165e58d70f0d Could not find a status for repository ********/environment-rhithm-dev-staging with ref 9335ee21e0fb24cac3556ccd8cfc165e58d70f0d
WARNING: Failed to query the Pull Request last commit status for https://github.com/********/environment-rhithm-dev-staging/pull/4 ref 9335ee21e0fb24cac3556ccd8cfc165e58d70f0d Could not find a status for repository ********/environment-rhithm-dev-staging with ref 9335ee21e0fb24cac3556ccd8cfc165e58d70f0d
WARNING: Failed to query the Pull Request last commit status for https://github.com/********/environment-rhithm-dev-staging/pull/4 ref 9335ee21e0fb24cac3556ccd8cfc165e58d70f0d Could not find a status for repository ********/environment-rhithm-dev-staging with ref 9335ee21e0fb24cac3556ccd8cfc165e58d70f0d
WARNING: Failed to query the Pull Request last commit status for https://github.com/********/environment-rhithm-dev-staging/pull/4 ref 9335ee21e0fb24cac3556ccd8cfc165e58d70f0d Could not find a status for repository ********/environment-rhithm-dev-staging with ref 9335ee21e0fb24cac3556ccd8cfc165e58d70f0d
WARNING: Failed to query the Pull Request last commit status for https://github.com/********/environment-rhithm-dev-staging/pull/4 ref 9335ee21e0fb24cac3556ccd8cfc165e58d70f0d Could not find a status for repository ********/environment-rhithm-dev-staging with ref 9335ee21e0fb24cac3556ccd8cfc165e58d70f0d
WARNING: Failed to query the Pull Request last commit status for https://github.com/********/environment-rhithm-dev-staging/pull/4 ref 9335ee21e0fb24cac3556ccd8cfc165e58d70f0d Could not find a status for repository ********/environment-rhithm-dev-staging with ref 9335ee21e0fb24cac3556ccd8cfc165e58d70f0d
WARNING: Failed to query the Pull Request last commit status for https://github.com/********/environment-rhithm-dev-staging/pull/4 ref 9335ee21e0fb24cac3556ccd8cfc165e58d70f0d Could not find a status for repository ********/environment-rhithm-dev-staging with ref 9335ee21e0fb24cac3556ccd8cfc165e58d70f0d
WARNING: Failed to query the Pull Request last commit status for https://github.com/********/environment-rhithm-dev-staging/pull/4 ref 9335ee21e0fb24cac3556ccd8cfc165e58d70f0d Could not find a status for repository ********/environment-rhithm-dev-staging with ref 9335ee21e0fb24cac3556ccd8cfc165e58d70f0d
WARNING: Failed to query the Pull Request last commit status for https://github.com/********/environment-rhithm-dev-staging/pull/4 ref 9335ee21e0fb24cac3556ccd8cfc165e58d70f0d Could not find a status for repository ********/environment-rhithm-dev-staging with ref 9335ee21e0fb24cac3556ccd8cfc165e58d70f0d
WARNING: Failed to query the Pull Request last commit status for https://github.com/********/environment-rhithm-dev-staging/pull/4 ref 9335ee21e0fb24cac3556ccd8cfc165e58d70f0d Could not find a status for repository ********/environment-rhithm-dev-staging with ref 9335ee21e0fb24cac3556ccd8cfc165e58d70f0d
WARNING: Failed to query the Pull Request last commit status for https://github.com/********/environment-rhithm-dev-staging/pull/4 ref 9335ee21e0fb24cac3556ccd8cfc165e58d70f0d Could not find a status for repository ********/environment-rhithm-dev-staging with ref 9335ee21e0fb24cac3556ccd8cfc165e58d70f0d
WARNING: Failed to query the Pull Request last commit status for https://github.com/********/environment-rhithm-dev-staging/pull/4 ref 9335ee21e0fb24cac3556ccd8cfc165e58d70f0d Could not find a status for repository ********/environment-rhithm-dev-staging with ref 9335ee21e0fb24cac3556ccd8cfc165e58d70f0d
WARNING: Failed to query the Pull Request last commit status for https://github.com/********/environment-rhithm-dev-staging/pull/4 ref 9335ee21e0fb24cac3556ccd8cfc165e58d70f0d Could not find a status for repository ********/environment-rhithm-dev-staging with ref 9335ee21e0fb24cac3556ccd8cfc165e58d70f0d
WARNING: Failed to query the Pull Request last commit status for https://github.com/********/environment-rhithm-dev-staging/pull/4 ref 9335ee21e0fb24cac3556ccd8cfc165e58d70f0d Could not find a status for repository ********/environment-rhithm-dev-staging with ref 9335ee21e0fb24cac3556ccd8cfc165e58d70f0d
WARNING: Failed to query the Pull Request last commit status for https://github.com/********/environment-rhithm-dev-staging/pull/4 ref 9335ee21e0fb24cac3556ccd8cfc165e58d70f0d Could not find a status for repository ********/environment-rhithm-dev-staging with ref 9335ee21e0fb24cac3556ccd8cfc165e58d70f0d
WARNING: Failed to query the Pull Request last commit status for https://github.com/********/environment-rhithm-dev-staging/pull/4 ref 9335ee21e0fb24cac3556ccd8cfc165e58d70f0d Could not find a status for repository ********/environment-rhithm-dev-staging with ref 9335ee21e0fb24cac3556ccd8cfc165e58d70f0d
WARNING: Failed to query the Pull Request last commit status for https://github.com/********/environment-rhithm-dev-staging/pull/4 ref 9335ee21e0fb24cac3556ccd8cfc165e58d70f0d Could not find a status for repository ********/environment-rhithm-dev-staging with ref 9335ee21e0fb24cac3556ccd8cfc165e58d70f0d
WARNING: Failed to query the Pull Request last commit status for https://github.com/********/environment-rhithm-dev-staging/pull/4 ref 9335ee21e0fb24cac3556ccd8cfc165e58d70f0d Could not find a status for repository ********/environment-rhithm-dev-staging with ref 9335ee21e0fb24cac3556ccd8cfc165e58d70f0d
WARNING: Failed to query the Pull Request last commit status for https://github.com/********/environment-rhithm-dev-staging/pull/4 ref 9335ee21e0fb24cac3556ccd8cfc165e58d70f0d Could not find a status for repository ********/environment-rhithm-dev-staging with ref 9335ee21e0fb24cac3556ccd8cfc165e58d70f0d
WARNING: Failed to query the Pull Request last commit status for https://github.com/********/environment-rhithm-dev-staging/pull/4 ref 9335ee21e0fb24cac3556ccd8cfc165e58d70f0d Could not find a status for repository ********/environment-rhithm-dev-staging with ref 9335ee21e0fb24cac3556ccd8cfc165e58d70f0d
WARNING: Failed to query the Pull Request last commit status for https://github.com/********/environment-rhithm-dev-staging/pull/4 ref 9335ee21e0fb24cac3556ccd8cfc165e58d70f0d Could not find a status for repository ********/environment-rhithm-dev-staging with ref 9335ee21e0fb24cac3556ccd8cfc165e58d70f0d
WARNING: Failed to query the Pull Request last commit status for https://github.com/********/environment-rhithm-dev-staging/pull/4 ref 9335ee21e0fb24cac3556ccd8cfc165e58d70f0d Could not find a status for repository ********/environment-rhithm-dev-staging with ref 9335ee21e0fb24cac3556ccd8cfc165e58d70f0d
WARNING: Failed to query the Pull Request last commit status for https://github.com/********/environment-rhithm-dev-staging/pull/4 ref 9335ee21e0fb24cac3556ccd8cfc165e58d70f0d Could not find a status for repository ********/environment-rhithm-dev-staging with ref 9335ee21e0fb24cac3556ccd8cfc165e58d70f0d
WARNING: Failed to query the Pull Request last commit status for https://github.com/********/environment-rhithm-dev-staging/pull/4 ref 9335ee21e0fb24cac3556ccd8cfc165e58d70f0d Could not find a status for repository ********/environment-rhithm-dev-staging with ref 9335ee21e0fb24cac3556ccd8cfc165e58d70f0d
WARNING: Failed to query the Pull Request last commit status for https://github.com/********/environment-rhithm-dev-staging/pull/4 ref 9335ee21e0fb24cac3556ccd8cfc165e58d70f0d Could not find a status for repository ********/environment-rhithm-dev-staging with ref 9335ee21e0fb24cac3556ccd8cfc165e58d70f0d
WARNING: Failed to query the Pull Request last commit status for https://github.com/********/environment-rhithm-dev-staging/pull/4 ref 9335ee21e0fb24cac3556ccd8cfc165e58d70f0d Could not find a status for repository ********/environment-rhithm-dev-staging with ref 9335ee21e0fb24cac3556ccd8cfc165e58d70f0d
WARNING: Failed to query the Pull Request last commit status for https://github.com/********/environment-rhithm-dev-staging/pull/4 ref 9335ee21e0fb24cac3556ccd8cfc165e58d70f0d Could not find a status for repository ********/environment-rhithm-dev-staging with ref 9335ee21e0fb24cac3556ccd8cfc165e58d70f0d
WARNING: Failed to query the Pull Request last commit status for https://github.com/********/environment-rhithm-dev-staging/pull/4 ref 9335ee21e0fb24cac3556ccd8cfc165e58d70f0d Could not find a status for repository ********/environment-rhithm-dev-staging with ref 9335ee21e0fb24cac3556ccd8cfc165e58d70f0d
WARNING: Failed to query the Pull Request last commit status for https://github.com/********/environment-rhithm-dev-staging/pull/4 ref 9335ee21e0fb24cac3556ccd8cfc165e58d70f0d Could not find a status for repository ********/environment-rhithm-dev-staging with ref 9335ee21e0fb24cac3556ccd8cfc165e58d70f0d
WARNING: Failed to query the Pull Request last commit status for https://github.com/********/environment-rhithm-dev-staging/pull/4 ref 9335ee21e0fb24cac3556ccd8cfc165e58d70f0d Could not find a status for repository ********/environment-rhithm-dev-staging with ref 9335ee21e0fb24cac3556ccd8cfc165e58d70f0d
WARNING: Failed to query the Pull Request last commit status for https://github.com/********/environment-rhithm-dev-staging/pull/4 ref 9335ee21e0fb24cac3556ccd8cfc165e58d70f0d Could not find a status for repository ********/environment-rhithm-dev-staging with ref 9335ee21e0fb24cac3556ccd8cfc165e58d70f0d
WARNING: Failed to query the Pull Request last commit status for https://github.com/********/environment-rhithm-dev-staging/pull/4 ref 9335ee21e0fb24cac3556ccd8cfc165e58d70f0d Could not find a status for repository ********/environment-rhithm-dev-staging with ref 9335ee21e0fb24cac3556ccd8cfc165e58d70f0d
WARNING: Failed to query the Pull Request last commit status for https://github.com/********/environment-rhithm-dev-staging/pull/4 ref 9335ee21e0fb24cac3556ccd8cfc165e58d70f0d Could not find a status for repository ********/environment-rhithm-dev-staging with ref 9335ee21e0fb24cac3556ccd8cfc165e58d70f0d
WARNING: Failed to query the Pull Request last commit status for https://github.com/********/environment-rhithm-dev-staging/pull/4 ref 9335ee21e0fb24cac3556ccd8cfc165e58d70f0d Could not find a status for repository ********/environment-rhithm-dev-staging with ref 9335ee21e0fb24cac3556ccd8cfc165e58d70f0d
WARNING: Failed to query the Pull Request last commit status for https://github.com/********/environment-rhithm-dev-staging/pull/4 ref 9335ee21e0fb24cac3556ccd8cfc165e58d70f0d Could not find a status for repository ********/environment-rhithm-dev-staging with ref 9335ee21e0fb24cac3556ccd8cfc165e58d70f0d
WARNING: Failed to query the Pull Request last commit status for https://github.com/********/environment-rhithm-dev-staging/pull/4 ref 9335ee21e0fb24cac3556ccd8cfc165e58d70f0d Could not find a status for repository ********/environment-rhithm-dev-staging with ref 9335ee21e0fb24cac3556ccd8cfc165e58d70f0d
WARNING: Failed to query the Pull Request last commit status for https://github.com/********/environment-rhithm-dev-staging/pull/4 ref 9335ee21e0fb24cac3556ccd8cfc165e58d70f0d Could not find a status for repository ********/environment-rhithm-dev-staging with ref 9335ee21e0fb24cac3556ccd8cfc165e58d70f0d
WARNING: Failed to query the Pull Request last commit status for https://github.com/********/environment-rhithm-dev-staging/pull/4 ref 9335ee21e0fb24cac3556ccd8cfc165e58d70f0d Could not find a status for repository ********/environment-rhithm-dev-staging with ref 9335ee21e0fb24cac3556ccd8cfc165e58d70f0d
WARNING: Failed to query the Pull Request last commit status for https://github.com/********/environment-rhithm-dev-staging/pull/4 ref 9335ee21e0fb24cac3556ccd8cfc165e58d70f0d Could not find a status for repository ********/environment-rhithm-dev-staging with ref 9335ee21e0fb24cac3556ccd8cfc165e58d70f0d
WARNING: Failed to query the Pull Request last commit status for https://github.com/********/environment-rhithm-dev-staging/pull/4 ref 9335ee21e0fb24cac3556ccd8cfc165e58d70f0d Could not find a status for repository ********/environment-rhithm-dev-staging with ref 9335ee21e0fb24cac3556ccd8cfc165e58d70f0d
WARNING: Failed to query the Pull Request last commit status for https://github.com/********/environment-rhithm-dev-staging/pull/4 ref 9335ee21e0fb24cac3556ccd8cfc165e58d70f0d Could not find a status for repository ********/environment-rhithm-dev-staging with ref 9335ee21e0fb24cac3556ccd8cfc165e58d70f0d
WARNING: Failed to query the Pull Request last commit status for https://github.com/********/environment-rhithm-dev-staging/pull/4 ref 9335ee21e0fb24cac3556ccd8cfc165e58d70f0d Could not find a status for repository ********/environment-rhithm-dev-staging with ref 9335ee21e0fb24cac3556ccd8cfc165e58d70f0d
WARNING: Failed to query the Pull Request last commit status for https://github.com/********/environment-rhithm-dev-staging/pull/4 ref 9335ee21e0fb24cac3556ccd8cfc165e58d70f0d Could not find a status for repository ********/environment-rhithm-dev-staging with ref 9335ee21e0fb24cac3556ccd8cfc165e58d70f0d
WARNING: Failed to query the Pull Request last commit status for https://github.com/********/environment-rhithm-dev-staging/pull/4 ref 9335ee21e0fb24cac3556ccd8cfc165e58d70f0d Could not find a status for repository ********/environment-rhithm-dev-staging with ref 9335ee21e0fb24cac3556ccd8cfc165e58d70f0d
WARNING: Failed to query the Pull Request last commit status for https://github.com/********/environment-rhithm-dev-staging/pull/4 ref 9335ee21e0fb24cac3556ccd8cfc165e58d70f0d Could not find a status for repository ********/environment-rhithm-dev-staging with ref 9335ee21e0fb24cac3556ccd8cfc165e58d70f0d
WARNING: Failed to query the Pull Request last commit status for https://github.com/********/environment-rhithm-dev-staging/pull/4 ref 9335ee21e0fb24cac3556ccd8cfc165e58d70f0d Could not find a status for repository ********/environment-rhithm-dev-staging with ref 9335ee21e0fb24cac3556ccd8cfc165e58d70f0d
WARNING: Failed to query the Pull Request last commit status for https://github.com/********/environment-rhithm-dev-staging/pull/4 ref 9335ee21e0fb24cac3556ccd8cfc165e58d70f0d Could not find a status for repository ********/environment-rhithm-dev-staging with ref 9335ee21e0fb24cac3556ccd8cfc165e58d70f0d
WARNING: Failed to query the Pull Request last commit status for https://github.com/********/environment-rhithm-dev-staging/pull/4 ref 9335ee21e0fb24cac3556ccd8cfc165e58d70f0d Could not find a status for repository ********/environment-rhithm-dev-staging with ref 9335ee21e0fb24cac3556ccd8cfc165e58d70f0d
WARNING: Failed to query the Pull Request last commit status for https://github.com/********/environment-rhithm-dev-staging/pull/4 ref 9335ee21e0fb24cac3556ccd8cfc165e58d70f0d Could not find a status for repository ********/environment-rhithm-dev-staging with ref 9335ee21e0fb24cac3556ccd8cfc165e58d70f0d
WARNING: Failed to query the Pull Request last commit status for https://github.com/********/environment-rhithm-dev-staging/pull/4 ref 9335ee21e0fb24cac3556ccd8cfc165e58d70f0d Could not find a status for repository ********/environment-rhithm-dev-staging with ref 9335ee21e0fb24cac3556ccd8cfc165e58d70f0d
WARNING: Failed to query the Pull Request last commit status for https://github.com/********/environment-rhithm-dev-staging/pull/4 ref 9335ee21e0fb24cac3556ccd8cfc165e58d70f0d Could not find a status for repository ********/environment-rhithm-dev-staging with ref 9335ee21e0fb24cac3556ccd8cfc165e58d70f0d
WARNING: Failed to query the Pull Request last commit status for https://github.com/********/environment-rhithm-dev-staging/pull/4 ref 9335ee21e0fb24cac3556ccd8cfc165e58d70f0d Could not find a status for repository ********/environment-rhithm-dev-staging with ref 9335ee21e0fb24cac3556ccd8cfc165e58d70f0d
WARNING: Failed to query the Pull Request last commit status for https://github.com/********/environment-rhithm-dev-staging/pull/4 ref 9335ee21e0fb24cac3556ccd8cfc165e58d70f0d Could not find a status for repository ********/environment-rhithm-dev-staging with ref 9335ee21e0fb24cac3556ccd8cfc165e58d70f0d
WARNING: Failed to query the Pull Request last commit status for https://github.com/********/environment-rhithm-dev-staging/pull/4 ref 9335ee21e0fb24cac3556ccd8cfc165e58d70f0d Could not find a status for repository ********/environment-rhithm-dev-staging with ref 9335ee21e0fb24cac3556ccd8cfc165e58d70f0d
WARNING: Failed to query the Pull Request last commit status for https://github.com/********/environment-rhithm-dev-staging/pull/4 ref 9335ee21e0fb24cac3556ccd8cfc165e58d70f0d Could not find a status for repository ********/environment-rhithm-dev-staging with ref 9335ee21e0fb24cac3556ccd8cfc165e58d70f0d
WARNING: Failed to query the Pull Request last commit status for https://github.com/********/environment-rhithm-dev-staging/pull/4 ref 9335ee21e0fb24cac3556ccd8cfc165e58d70f0d Could not find a status for repository ********/environment-rhithm-dev-staging with ref 9335ee21e0fb24cac3556ccd8cfc165e58d70f0d
WARNING: Failed to query the Pull Request last commit status for https://github.com/********/environment-rhithm-dev-staging/pull/4 ref 9335ee21e0fb24cac3556ccd8cfc165e58d70f0d Could not find a status for repository ********/environment-rhithm-dev-staging with ref 9335ee21e0fb24cac3556ccd8cfc165e58d70f0d
WARNING: Failed to query the Pull Request last commit status for https://github.com/********/environment-rhithm-dev-staging/pull/4 ref 9335ee21e0fb24cac3556ccd8cfc165e58d70f0d Could not find a status for repository ********/environment-rhithm-dev-staging with ref 9335ee21e0fb24cac3556ccd8cfc165e58d70f0d
WARNING: Failed to query the Pull Request last commit status for https://github.com/********/environment-rhithm-dev-staging/pull/4 ref 9335ee21e0fb24cac3556ccd8cfc165e58d70f0d Could not find a status for repository ********/environment-rhithm-dev-staging with ref 9335ee21e0fb24cac3556ccd8cfc165e58d70f0d
WARNING: Failed to query the Pull Request last commit status for https://github.com/********/environment-rhithm-dev-staging/pull/4 ref 9335ee21e0fb24cac3556ccd8cfc165e58d70f0d Could not find a status for repository ********/environment-rhithm-dev-staging with ref 9335ee21e0fb24cac3556ccd8cfc165e58d70f0d
WARNING: Failed to query the Pull Request last commit status for https://github.com/********/environment-rhithm-dev-staging/pull/4 ref 9335ee21e0fb24cac3556ccd8cfc165e58d70f0d Could not find a status for repository ********/environment-rhithm-dev-staging with ref 9335ee21e0fb24cac3556ccd8cfc165e58d70f0d
WARNING: Failed to query the Pull Request last commit status for https://github.com/********/environment-rhithm-dev-staging/pull/4 ref 9335ee21e0fb24cac3556ccd8cfc165e58d70f0d Could not find a status for repository ********/environment-rhithm-dev-staging with ref 9335ee21e0fb24cac3556ccd8cfc165e58d70f0d
WARNING: Failed to query the Pull Request last commit status for https://github.com/********/environment-rhithm-dev-staging/pull/4 ref 9335ee21e0fb24cac3556ccd8cfc165e58d70f0d Could not find a status for repository ********/environment-rhithm-dev-staging with ref 9335ee21e0fb24cac3556ccd8cfc165e58d70f0d
WARNING: Failed to query the Pull Request last commit status for https://github.com/********/environment-rhithm-dev-staging/pull/4 ref 9335ee21e0fb24cac3556ccd8cfc165e58d70f0d Could not find a status for repository ********/environment-rhithm-dev-staging with ref 9335ee21e0fb24cac3556ccd8cfc165e58d70f0d
WARNING: Failed to query the Pull Request last commit status for https://github.com/********/environment-rhithm-dev-staging/pull/4 ref 9335ee21e0fb24cac3556ccd8cfc165e58d70f0d Could not find a status for repository ********/environment-rhithm-dev-staging with ref 9335ee21e0fb24cac3556ccd8cfc165e58d70f0d
WARNING: Failed to query the Pull Request last commit status for https://github.com/********/environment-rhithm-dev-staging/pull/4 ref 9335ee21e0fb24cac3556ccd8cfc165e58d70f0d Could not find a status for repository ********/environment-rhithm-dev-staging with ref 9335ee21e0fb24cac3556ccd8cfc165e58d70f0d
WARNING: Failed to query the Pull Request last commit status for https://github.com/********/environment-rhithm-dev-staging/pull/4 ref 9335ee21e0fb24cac3556ccd8cfc165e58d70f0d Could not find a status for repository ********/environment-rhithm-dev-staging with ref 9335ee21e0fb24cac3556ccd8cfc165e58d70f0d
WARNING: Failed to query the Pull Request last commit status for https://github.com/********/environment-rhithm-dev-staging/pull/4 ref 9335ee21e0fb24cac3556ccd8cfc165e58d70f0d Could not find a status for repository ********/environment-rhithm-dev-staging with ref 9335ee21e0fb24cac3556ccd8cfc165e58d70f0d
WARNING: Failed to query the Pull Request last commit status for https://github.com/********/environment-rhithm-dev-staging/pull/4 ref 9335ee21e0fb24cac3556ccd8cfc165e58d70f0d Could not find a status for repository ********/environment-rhithm-dev-staging with ref 9335ee21e0fb24cac3556ccd8cfc165e58d70f0d
WARNING: Failed to query the Pull Request last commit status for https://github.com/********/environment-rhithm-dev-staging/pull/4 ref 9335ee21e0fb24cac3556ccd8cfc165e58d70f0d Could not find a status for repository ********/environment-rhithm-dev-staging with ref 9335ee21e0fb24cac3556ccd8cfc165e58d70f0d
WARNING: Failed to query the Pull Request last commit status for https://github.com/********/environment-rhithm-dev-staging/pull/4 ref 9335ee21e0fb24cac3556ccd8cfc165e58d70f0d Could not find a status for repository ********/environment-rhithm-dev-staging with ref 9335ee21e0fb24cac3556ccd8cfc165e58d70f0d
WARNING: Failed to query the Pull Request last commit status for https://github.com/********/environment-rhithm-dev-staging/pull/4 ref 9335ee21e0fb24cac3556ccd8cfc165e58d70f0d Could not find a status for repository ********/environment-rhithm-dev-staging with ref 9335ee21e0fb24cac3556ccd8cfc165e58d70f0d
WARNING: Failed to query the Pull Request last commit status for https://github.com/********/environment-rhithm-dev-staging/pull/4 ref 9335ee21e0fb24cac3556ccd8cfc165e58d70f0d Could not find a status for repository ********/environment-rhithm-dev-staging with ref 9335ee21e0fb24cac3556ccd8cfc165e58d70f0d
WARNING: Failed to query the Pull Request last commit status for https://github.com/********/environment-rhithm-dev-staging/pull/4 ref 9335ee21e0fb24cac3556ccd8cfc165e58d70f0d Could not find a status for repository ********/environment-rhithm-dev-staging with ref 9335ee21e0fb24cac3556ccd8cfc165e58d70f0d
WARNING: Failed to query the Pull Request last commit status for https://github.com/********/environment-rhithm-dev-staging/pull/4 ref 9335ee21e0fb24cac3556ccd8cfc165e58d70f0d Could not find a status for repository ********/environment-rhithm-dev-staging with ref 9335ee21e0fb24cac3556ccd8cfc165e58d70f0d
WARNING: Failed to query the Pull Request last commit status for https://github.com/********/environment-rhithm-dev-staging/pull/4 ref 9335ee21e0fb24cac3556ccd8cfc165e58d70f0d Could not find a status for repository ********/environment-rhithm-dev-staging with ref 9335ee21e0fb24cac3556ccd8cfc165e58d70f0d
WARNING: Failed to query the Pull Request last commit status for https://github.com/********/environment-rhithm-dev-staging/pull/4 ref 9335ee21e0fb24cac3556ccd8cfc165e58d70f0d Could not find a status for repository ********/environment-rhithm-dev-staging with ref 9335ee21e0fb24cac3556ccd8cfc165e58d70f0d
WARNING: Failed to query the Pull Request last commit status for https://github.com/********/environment-rhithm-dev-staging/pull/4 ref 9335ee21e0fb24cac3556ccd8cfc165e58d70f0d Could not find a status for repository ********/environment-rhithm-dev-staging with ref 9335ee21e0fb24cac3556ccd8cfc165e58d70f0d
WARNING: Failed to query the Pull Request last commit status for https://github.com/********/environment-rhithm-dev-staging/pull/4 ref 9335ee21e0fb24cac3556ccd8cfc165e58d70f0d Could not find a status for repository ********/environment-rhithm-dev-staging with ref 9335ee21e0fb24cac3556ccd8cfc165e58d70f0d
WARNING: Failed to query the Pull Request last commit status for https://github.com/********/environment-rhithm-dev-staging/pull/4 ref 9335ee21e0fb24cac3556ccd8cfc165e58d70f0d Could not find a status for repository ********/environment-rhithm-dev-staging with ref 9335ee21e0fb24cac3556ccd8cfc165e58d70f0d
WARNING: Failed to query the Pull Request last commit status for https://github.com/********/environment-rhithm-dev-staging/pull/4 ref 9335ee21e0fb24cac3556ccd8cfc165e58d70f0d Could not find a status for repository ********/environment-rhithm-dev-staging with ref 9335ee21e0fb24cac3556ccd8cfc165e58d70f0d
WARNING: Failed to query the Pull Request last commit status for https://github.com/********/environment-rhithm-dev-staging/pull/4 ref 9335ee21e0fb24cac3556ccd8cfc165e58d70f0d Could not find a status for repository ********/environment-rhithm-dev-staging with ref 9335ee21e0fb24cac3556ccd8cfc165e58d70f0d
WARNING: Failed to query the Pull Request last commit status for https://github.com/********/environment-rhithm-dev-staging/pull/4 ref 9335ee21e0fb24cac3556ccd8cfc165e58d70f0d Could not find a status for repository ********/environment-rhithm-dev-staging with ref 9335ee21e0fb24cac3556ccd8cfc165e58d70f0d
WARNING: Failed to query the Pull Request last commit status for https://github.com/********/environment-rhithm-dev-staging/pull/4 ref 9335ee21e0fb24cac3556ccd8cfc165e58d70f0d Could not find a status for repository ********/environment-rhithm-dev-staging with ref 9335ee21e0fb24cac3556ccd8cfc165e58d70f0d
WARNING: Failed to query the Pull Request last commit status for https://github.com/********/environment-rhithm-dev-staging/pull/4 ref 9335ee21e0fb24cac3556ccd8cfc165e58d70f0d Could not find a status for repository ********/environment-rhithm-dev-staging with ref 9335ee21e0fb24cac3556ccd8cfc165e58d70f0d
WARNING: Failed to query the Pull Request last commit status for https://github.com/********/environment-rhithm-dev-staging/pull/4 ref 9335ee21e0fb24cac3556ccd8cfc165e58d70f0d Could not find a status for repository ********/environment-rhithm-dev-staging with ref 9335ee21e0fb24cac3556ccd8cfc165e58d70f0d
WARNING: Failed to query the Pull Request last commit status for https://github.com/********/environment-rhithm-dev-staging/pull/4 ref 9335ee21e0fb24cac3556ccd8cfc165e58d70f0d Could not find a status for repository ********/environment-rhithm-dev-staging with ref 9335ee21e0fb24cac3556ccd8cfc165e58d70f0d
WARNING: Failed to query the Pull Request last commit status for https://github.com/********/environment-rhithm-dev-staging/pull/4 ref 9335ee21e0fb24cac3556ccd8cfc165e58d70f0d Could not find a status for repository ********/environment-rhithm-dev-staging with ref 9335ee21e0fb24cac3556ccd8cfc165e58d70f0d
WARNING: Failed to query the Pull Request last commit status for https://github.com/********/environment-rhithm-dev-staging/pull/4 ref 9335ee21e0fb24cac3556ccd8cfc165e58d70f0d Could not find a status for repository ********/environment-rhithm-dev-staging with ref 9335ee21e0fb24cac3556ccd8cfc165e58d70f0d
WARNING: Failed to query the Pull Request last commit status for https://github.com/********/environment-rhithm-dev-staging/pull/4 ref 9335ee21e0fb24cac3556ccd8cfc165e58d70f0d Could not find a status for repository ********/environment-rhithm-dev-staging with ref 9335ee21e0fb24cac3556ccd8cfc165e58d70f0d
WARNING: Failed to query the Pull Request last commit status for https://github.com/********/environment-rhithm-dev-staging/pull/4 ref 9335ee21e0fb24cac3556ccd8cfc165e58d70f0d Could not find a status for repository ********/environment-rhithm-dev-staging with ref 9335ee21e0fb24cac3556ccd8cfc165e58d70f0d
WARNING: Failed to query the Pull Request last commit status for https://github.com/********/environment-rhithm-dev-staging/pull/4 ref 9335ee21e0fb24cac3556ccd8cfc165e58d70f0d Could not find a status for repository ********/environment-rhithm-dev-staging with ref 9335ee21e0fb24cac3556ccd8cfc165e58d70f0d
WARNING: Failed to query the Pull Request last commit status for https://github.com/********/environment-rhithm-dev-staging/pull/4 ref 9335ee21e0fb24cac3556ccd8cfc165e58d70f0d Could not find a status for repository ********/environment-rhithm-dev-staging with ref 9335ee21e0fb24cac3556ccd8cfc165e58d70f0d
WARNING: Failed to query the Pull Request last commit status for https://github.com/********/environment-rhithm-dev-staging/pull/4 ref 9335ee21e0fb24cac3556ccd8cfc165e58d70f0d Could not find a status for repository ********/environment-rhithm-dev-staging with ref 9335ee21e0fb24cac3556ccd8cfc165e58d70f0d
WARNING: Failed to query the Pull Request last commit status for https://github.com/********/environment-rhithm-dev-staging/pull/4 ref 9335ee21e0fb24cac3556ccd8cfc165e58d70f0d Could not find a status for repository ********/environment-rhithm-dev-staging with ref 9335ee21e0fb24cac3556ccd8cfc165e58d70f0d
WARNING: Failed to query the Pull Request last commit status for https://github.com/********/environment-rhithm-dev-staging/pull/4 ref 9335ee21e0fb24cac3556ccd8cfc165e58d70f0d Could not find a status for repository ********/environment-rhithm-dev-staging with ref 9335ee21e0fb24cac3556ccd8cfc165e58d70f0d
WARNING: Failed to query the Pull Request last commit status for https://github.com/********/environment-rhithm-dev-staging/pull/4 ref 9335ee21e0fb24cac3556ccd8cfc165e58d70f0d Could not find a status for repository ********/environment-rhithm-dev-staging with ref 9335ee21e0fb24cac3556ccd8cfc165e58d70f0d
WARNING: Failed to query the Pull Request last commit status for https://github.com/********/environment-rhithm-dev-staging/pull/4 ref 9335ee21e0fb24cac3556ccd8cfc165e58d70f0d Could not find a status for repository ********/environment-rhithm-dev-staging with ref 9335ee21e0fb24cac3556ccd8cfc165e58d70f0d
WARNING: Failed to query the Pull Request last commit status for https://github.com/********/environment-rhithm-dev-staging/pull/4 ref 9335ee21e0fb24cac3556ccd8cfc165e58d70f0d Could not find a status for repository ********/environment-rhithm-dev-staging with ref 9335ee21e0fb24cac3556ccd8cfc165e58d70f0d
WARNING: Failed to query the Pull Request last commit status for https://github.com/********/environment-rhithm-dev-staging/pull/4 ref 9335ee21e0fb24cac3556ccd8cfc165e58d70f0d Could not find a status for repository ********/environment-rhithm-dev-staging with ref 9335ee21e0fb24cac3556ccd8cfc165e58d70f0d
WARNING: Failed to query the Pull Request last commit status for https://github.com/********/environment-rhithm-dev-staging/pull/4 ref 9335ee21e0fb24cac3556ccd8cfc165e58d70f0d Could not find a status for repository ********/environment-rhithm-dev-staging with ref 9335ee21e0fb24cac3556ccd8cfc165e58d70f0d
WARNING: Failed to query the Pull Request last commit status for https://github.com/********/environment-rhithm-dev-staging/pull/4 ref 9335ee21e0fb24cac3556ccd8cfc165e58d70f0d Could not find a status for repository ********/environment-rhithm-dev-staging with ref 9335ee21e0fb24cac3556ccd8cfc165e58d70f0d
WARNING: Failed to query the Pull Request last commit status for https://github.com/********/environment-rhithm-dev-staging/pull/4 ref 9335ee21e0fb24cac3556ccd8cfc165e58d70f0d Could not find a status for repository ********/environment-rhithm-dev-staging with ref 9335ee21e0fb24cac3556ccd8cfc165e58d70f0d
WARNING: Failed to query the Pull Request last commit status for https://github.com/********/environment-rhithm-dev-staging/pull/4 ref 9335ee21e0fb24cac3556ccd8cfc165e58d70f0d Could not find a status for repository ********/environment-rhithm-dev-staging with ref 9335ee21e0fb24cac3556ccd8cfc165e58d70f0d
WARNING: Failed to query the Pull Request last commit status for https://github.com/********/environment-rhithm-dev-staging/pull/4 ref 9335ee21e0fb24cac3556ccd8cfc165e58d70f0d Could not find a status for repository ********/environment-rhithm-dev-staging with ref 9335ee21e0fb24cac3556ccd8cfc165e58d70f0d
WARNING: Failed to query the Pull Request last commit status for https://github.com/********/environment-rhithm-dev-staging/pull/4 ref 9335ee21e0fb24cac3556ccd8cfc165e58d70f0d Could not find a status for repository ********/environment-rhithm-dev-staging with ref 9335ee21e0fb24cac3556ccd8cfc165e58d70f0d
WARNING: Failed to query the Pull Request last commit status for https://github.com/********/environment-rhithm-dev-staging/pull/4 ref 9335ee21e0fb24cac3556ccd8cfc165e58d70f0d Could not find a status for repository ********/environment-rhithm-dev-staging with ref 9335ee21e0fb24cac3556ccd8cfc165e58d70f0d
WARNING: Failed to query the Pull Request last commit status for https://github.com/********/environment-rhithm-dev-staging/pull/4 ref 9335ee21e0fb24cac3556ccd8cfc165e58d70f0d Could not find a status for repository ********/environment-rhithm-dev-staging with ref 9335ee21e0fb24cac3556ccd8cfc165e58d70f0d
WARNING: Failed to query the Pull Request last commit status for https://github.com/********/environment-rhithm-dev-staging/pull/4 ref 9335ee21e0fb24cac3556ccd8cfc165e58d70f0d Could not find a status for repository ********/environment-rhithm-dev-staging with ref 9335ee21e0fb24cac3556ccd8cfc165e58d70f0d
WARNING: Failed to query the Pull Request last commit status for https://github.com/********/environment-rhithm-dev-staging/pull/4 ref 9335ee21e0fb24cac3556ccd8cfc165e58d70f0d Could not find a status for repository ********/environment-rhithm-dev-staging with ref 9335ee21e0fb24cac3556ccd8cfc165e58d70f0d
WARNING: Failed to query the Pull Request last commit status for https://github.com/********/environment-rhithm-dev-staging/pull/4 ref 9335ee21e0fb24cac3556ccd8cfc165e58d70f0d Could not find a status for repository ********/environment-rhithm-dev-staging with ref 9335ee21e0fb24cac3556ccd8cfc165e58d70f0d
WARNING: Failed to query the Pull Request last commit status for https://github.com/********/environment-rhithm-dev-staging/pull/4 ref 9335ee21e0fb24cac3556ccd8cfc165e58d70f0d Could not find a status for repository ********/environment-rhithm-dev-staging with ref 9335ee21e0fb24cac3556ccd8cfc165e58d70f0d
WARNING: Failed to query the Pull Request last commit status for https://github.com/********/environment-rhithm-dev-staging/pull/4 ref 9335ee21e0fb24cac3556ccd8cfc165e58d70f0d Could not find a status for repository ********/environment-rhithm-dev-staging with ref 9335ee21e0fb24cac3556ccd8cfc165e58d70f0d
WARNING: Failed to query the Pull Request last commit status for https://github.com/********/environment-rhithm-dev-staging/pull/4 ref 9335ee21e0fb24cac3556ccd8cfc165e58d70f0d Could not find a status for repository ********/environment-rhithm-dev-staging with ref 9335ee21e0fb24cac3556ccd8cfc165e58d70f0d
WARNING: Failed to query the Pull Request last commit status for https://github.com/********/environment-rhithm-dev-staging/pull/4 ref 9335ee21e0fb24cac3556ccd8cfc165e58d70f0d Could not find a status for repository ********/environment-rhithm-dev-staging with ref 9335ee21e0fb24cac3556ccd8cfc165e58d70f0d
WARNING: Failed to query the Pull Request last commit status for https://github.com/********/environment-rhithm-dev-staging/pull/4 ref 9335ee21e0fb24cac3556ccd8cfc165e58d70f0d Could not find a status for repository ********/environment-rhithm-dev-staging with ref 9335ee21e0fb24cac3556ccd8cfc165e58d70f0d
WARNING: Failed to query the Pull Request last commit status for https://github.com/********/environment-rhithm-dev-staging/pull/4 ref 9335ee21e0fb24cac3556ccd8cfc165e58d70f0d Could not find a status for repository ********/environment-rhithm-dev-staging with ref 9335ee21e0fb24cac3556ccd8cfc165e58d70f0d
WARNING: Failed to query the Pull Request last commit status for https://github.com/********/environment-rhithm-dev-staging/pull/4 ref 9335ee21e0fb24cac3556ccd8cfc165e58d70f0d Could not find a status for repository ********/environment-rhithm-dev-staging with ref 9335ee21e0fb24cac3556ccd8cfc165e58d70f0d
WARNING: Failed to query the Pull Request last commit status for https://github.com/********/environment-rhithm-dev-staging/pull/4 ref 9335ee21e0fb24cac3556ccd8cfc165e58d70f0d Could not find a status for repository ********/environment-rhithm-dev-staging with ref 9335ee21e0fb24cac3556ccd8cfc165e58d70f0d
WARNING: Failed to query the Pull Request last commit status for https://github.com/********/environment-rhithm-dev-staging/pull/4 ref 9335ee21e0fb24cac3556ccd8cfc165e58d70f0d Could not find a status for repository ********/environment-rhithm-dev-staging with ref 9335ee21e0fb24cac3556ccd8cfc165e58d70f0d
WARNING: Failed to query the Pull Request last commit status for https://github.com/********/environment-rhithm-dev-staging/pull/4 ref 9335ee21e0fb24cac3556ccd8cfc165e58d70f0d Could not find a status for repository ********/environment-rhithm-dev-staging with ref 9335ee21e0fb24cac3556ccd8cfc165e58d70f0d
WARNING: Failed to query the Pull Request last commit status for https://github.com/********/environment-rhithm-dev-staging/pull/4 ref 9335ee21e0fb24cac3556ccd8cfc165e58d70f0d Could not find a status for repository ********/environment-rhithm-dev-staging with ref 9335ee21e0fb24cac3556ccd8cfc165e58d70f0d
WARNING: Failed to query the Pull Request last commit status for https://github.com/********/environment-rhithm-dev-staging/pull/4 ref 9335ee21e0fb24cac3556ccd8cfc165e58d70f0d Could not find a status for repository ********/environment-rhithm-dev-staging with ref 9335ee21e0fb24cac3556ccd8cfc165e58d70f0d
WARNING: Failed to query the Pull Request last commit status for https://github.com/********/environment-rhithm-dev-staging/pull/4 ref 9335ee21e0fb24cac3556ccd8cfc165e58d70f0d Could not find a status for repository ********/environment-rhithm-dev-staging with ref 9335ee21e0fb24cac3556ccd8cfc165e58d70f0d
WARNING: Failed to query the Pull Request last commit status for https://github.com/********/environment-rhithm-dev-staging/pull/4 ref 9335ee21e0fb24cac3556ccd8cfc165e58d70f0d Could not find a status for repository ********/environment-rhithm-dev-staging with ref 9335ee21e0fb24cac3556ccd8cfc165e58d70f0d
WARNING: Failed to query the Pull Request last commit status for https://github.com/********/environment-rhithm-dev-staging/pull/4 ref 9335ee21e0fb24cac3556ccd8cfc165e58d70f0d Could not find a status for repository ********/environment-rhithm-dev-staging with ref 9335ee21e0fb24cac3556ccd8cfc165e58d70f0d
WARNING: Failed to query the Pull Request last commit status for https://github.com/********/environment-rhithm-dev-staging/pull/4 ref 9335ee21e0fb24cac3556ccd8cfc165e58d70f0d Could not find a status for repository ********/environment-rhithm-dev-staging with ref 9335ee21e0fb24cac3556ccd8cfc165e58d70f0d
WARNING: Failed to query the Pull Request last commit status for https://github.com/********/environment-rhithm-dev-staging/pull/4 ref 9335ee21e0fb24cac3556ccd8cfc165e58d70f0d Could not find a status for repository ********/environment-rhithm-dev-staging with ref 9335ee21e0fb24cac3556ccd8cfc165e58d70f0d
WARNING: Failed to query the Pull Request last commit status for https://github.com/********/environment-rhithm-dev-staging/pull/4 ref 9335ee21e0fb24cac3556ccd8cfc165e58d70f0d Could not find a status for repository ********/environment-rhithm-dev-staging with ref 9335ee21e0fb24cac3556ccd8cfc165e58d70f0d
WARNING: Failed to query the Pull Request last commit status for https://github.com/********/environment-rhithm-dev-staging/pull/4 ref 9335ee21e0fb24cac3556ccd8cfc165e58d70f0d Could not find a status for repository ********/environment-rhithm-dev-staging with ref 9335ee21e0fb24cac3556ccd8cfc165e58d70f0d
WARNING: Failed to query the Pull Request last commit status for https://github.com/********/environment-rhithm-dev-staging/pull/4 ref 9335ee21e0fb24cac3556ccd8cfc165e58d70f0d Could not find a status for repository ********/environment-rhithm-dev-staging with ref 9335ee21e0fb24cac3556ccd8cfc165e58d70f0d
WARNING: Failed to query the Pull Request last commit status for https://github.com/********/environment-rhithm-dev-staging/pull/4 ref 9335ee21e0fb24cac3556ccd8cfc165e58d70f0d Could not find a status for repository ********/environment-rhithm-dev-staging with ref 9335ee21e0fb24cac3556ccd8cfc165e58d70f0d
WARNING: Failed to query the Pull Request last commit status for https://github.com/********/environment-rhithm-dev-staging/pull/4 ref 9335ee21e0fb24cac3556ccd8cfc165e58d70f0d Could not find a status for repository ********/environment-rhithm-dev-staging with ref 9335ee21e0fb24cac3556ccd8cfc165e58d70f0d
WARNING: Failed to query the Pull Request last commit status for https://github.com/********/environment-rhithm-dev-staging/pull/4 ref 9335ee21e0fb24cac3556ccd8cfc165e58d70f0d Could not find a status for repository ********/environment-rhithm-dev-staging with ref 9335ee21e0fb24cac3556ccd8cfc165e58d70f0d
WARNING: Failed to query the Pull Request last commit status for https://github.com/********/environment-rhithm-dev-staging/pull/4 ref 9335ee21e0fb24cac3556ccd8cfc165e58d70f0d Could not find a status for repository ********/environment-rhithm-dev-staging with ref 9335ee21e0fb24cac3556ccd8cfc165e58d70f0d
WARNING: Failed to query the Pull Request last commit status for https://github.com/********/environment-rhithm-dev-staging/pull/4 ref 9335ee21e0fb24cac3556ccd8cfc165e58d70f0d Could not find a status for repository ********/environment-rhithm-dev-staging with ref 9335ee21e0fb24cac3556ccd8cfc165e58d70f0d
WARNING: Failed to query the Pull Request last commit status for https://github.com/********/environment-rhithm-dev-staging/pull/4 ref 9335ee21e0fb24cac3556ccd8cfc165e58d70f0d Could not find a status for repository ********/environment-rhithm-dev-staging with ref 9335ee21e0fb24cac3556ccd8cfc165e58d70f0d
WARNING: Failed to query the Pull Request last commit status for https://github.com/********/environment-rhithm-dev-staging/pull/4 ref 9335ee21e0fb24cac3556ccd8cfc165e58d70f0d Could not find a status for repository ********/environment-rhithm-dev-staging with ref 9335ee21e0fb24cac3556ccd8cfc165e58d70f0d
WARNING: Failed to query the Pull Request last commit status for https://github.com/********/environment-rhithm-dev-staging/pull/4 ref 9335ee21e0fb24cac3556ccd8cfc165e58d70f0d Could not find a status for repository ********/environment-rhithm-dev-staging with ref 9335ee21e0fb24cac3556ccd8cfc165e58d70f0d
WARNING: Failed to query the Pull Request last commit status for https://github.com/********/environment-rhithm-dev-staging/pull/4 ref 9335ee21e0fb24cac3556ccd8cfc165e58d70f0d Could not find a status for repository ********/environment-rhithm-dev-staging with ref 9335ee21e0fb24cac3556ccd8cfc165e58d70f0d
WARNING: Failed to query the Pull Request last commit status for https://github.com/********/environment-rhithm-dev-staging/pull/4 ref 9335ee21e0fb24cac3556ccd8cfc165e58d70f0d Could not find a status for repository ********/environment-rhithm-dev-staging with ref 9335ee21e0fb24cac3556ccd8cfc165e58d70f0d
WARNING: Failed to query the Pull Request last commit status for https://github.com/********/environment-rhithm-dev-staging/pull/4 ref 9335ee21e0fb24cac3556ccd8cfc165e58d70f0d Could not find a status for repository ********/environment-rhithm-dev-staging with ref 9335ee21e0fb24cac3556ccd8cfc165e58d70f0d
WARNING: Failed to query the Pull Request last commit status for https://github.com/********/environment-rhithm-dev-staging/pull/4 ref 9335ee21e0fb24cac3556ccd8cfc165e58d70f0d Could not find a status for repository ********/environment-rhithm-dev-staging with ref 9335ee21e0fb24cac3556ccd8cfc165e58d70f0d
WARNING: Failed to query the Pull Request last commit status for https://github.com/********/environment-rhithm-dev-staging/pull/4 ref 9335ee21e0fb24cac3556ccd8cfc165e58d70f0d Could not find a status for repository ********/environment-rhithm-dev-staging with ref 9335ee21e0fb24cac3556ccd8cfc165e58d70f0d
WARNING: Failed to query the Pull Request last commit status for https://github.com/********/environment-rhithm-dev-staging/pull/4 ref 9335ee21e0fb24cac3556ccd8cfc165e58d70f0d Could not find a status for repository ********/environment-rhithm-dev-staging with ref 9335ee21e0fb24cac3556ccd8cfc165e58d70f0d
WARNING: Failed to query the Pull Request last commit status for https://github.com/********/environment-rhithm-dev-staging/pull/4 ref 9335ee21e0fb24cac3556ccd8cfc165e58d70f0d Could not find a status for repository ********/environment-rhithm-dev-staging with ref 9335ee21e0fb24cac3556ccd8cfc165e58d70f0d
WARNING: Failed to query the Pull Request last commit status for https://github.com/********/environment-rhithm-dev-staging/pull/4 ref 9335ee21e0fb24cac3556ccd8cfc165e58d70f0d Could not find a status for repository ********/environment-rhithm-dev-staging with ref 9335ee21e0fb24cac3556ccd8cfc165e58d70f0d
error: Timed out waiting for pull request https://github.com/********/environment-rhithm-dev-staging/pull/4 to merge. Waited 1h0m0s
[31m
Pipeline failed on stage 'from-build-pack' : container 'step-promote-jx-promote'. The execution of the pipeline has stopped.[0m
