
Showing logs for build [32mpolasekr-go-http-master-njnkb-38[0m stage [32mfrom-build-pack[0m and container [32mstep-credential-initializer-srlv2[0m
{"level":"warn","ts":1585313404.440136,"logger":"fallback-logger","caller":"logging/config.go:69","msg":"Fetch GitHub commit ID from kodata failed: \"ref: refs/heads/0.8.0-**-support-backwards-incompats\" is not a valid GitHub commit ID"}
{"level":"info","ts":1585313404.440454,"logger":"fallback-logger","caller":"creds-init/main.go:40","msg":"Credentials initialized."}

Showing logs for build [32mpolasekr-go-http-master-njnkb-38[0m stage [32mfrom-build-pack[0m and container [32mstep-working-dir-initializer-6p472[0m
{"level":"warn","ts":1585313404.852054,"logger":"fallback-logger","caller":"logging/config.go:69","msg":"Fetch GitHub commit ID from kodata failed: open /var/run/ko/HEAD: no such file or directory"}
{"level":"info","ts":1585313404.8538935,"logger":"fallback-logger","caller":"bash/main.go:64","msg":"Successfully executed command \"sh -c mkdir -p /workspace/source\"; output "}

Showing logs for build [32mpolasekr-go-http-master-njnkb-38[0m stage [32mfrom-build-pack[0m and container [32mstep-place-tools[0m

Showing logs for build [32mpolasekr-go-http-master-njnkb-38[0m stage [32mfrom-build-pack[0m and container [32mstep-git-source-polasekr-go-http-master-njnkb-nlblf[0m
{"level":"warn","ts":1585313409.8693178,"logger":"fallback-logger","caller":"logging/config.go:69","msg":"Fetch GitHub commit ID from kodata failed: \"ref: refs/heads/0.8.0-**-support-backwards-incompats\" is not a valid GitHub commit ID"}
{"level":"info","ts":1585313410.2933335,"logger":"fallback-logger","caller":"git/git.go:103","msg":"Successfully cloned https://github.com/********/go-http.git @ v0.0.47 in path /workspace/source"}

Showing logs for build [32mpolasekr-go-http-master-njnkb-38[0m stage [32mfrom-build-pack[0m and container [32mstep-git-merge[0m
Using SHAs from PULL_REFS=master:584b07026b3082a6d4881ed13c7226cd0302b613
WARNING: no SHAs to merge, falling back to initial cloned commit

Showing logs for build [32mpolasekr-go-http-master-njnkb-38[0m stage [32mfrom-build-pack[0m and container [32mstep-setup-jx-git-credentials[0m
failed to get helm version: failed to run 'helm version --short' command in directory '', output: 'Client: v2.14.3+g0e7f3b6
Error: could not find tiller'
old helm binary on the PATH so replacing with helm 3
Generated Git credentials file /workspace/xdg_config/git/credentials

Showing logs for build [32mpolasekr-go-http-master-njnkb-38[0m stage [32mfrom-build-pack[0m and container [32mstep-build-make-build[0m
CGO_ENABLED=0 GO15VENDOREXPERIMENT=1 go build -ldflags '' -o bin/go-http main.go

Showing logs for build [32mpolasekr-go-http-master-njnkb-38[0m stage [32mfrom-build-pack[0m and container [32mstep-build-container-build[0m
[36mINFO[0m[0000] No base image, nothing to extract            
[36mINFO[0m[0000] cmd: EXPOSE                                  
[36mINFO[0m[0000] Adding exposed port: 8080/tcp                
[36mINFO[0m[0000] Using files from context: [/workspace/source/bin] 
[36mINFO[0m[0000] Skipping unpacking as no commands require it. 
[36mINFO[0m[0000] Taking snapshot of full filesystem...        
[36mINFO[0m[0000] EXPOSE 8080                                  
[36mINFO[0m[0000] cmd: EXPOSE                                  
[36mINFO[0m[0000] Adding exposed port: 8080/tcp                
[36mINFO[0m[0000] No files changed in this command, skipping snapshotting. 
[36mINFO[0m[0000] ENTRYPOINT ["/go-http"]                      
[36mINFO[0m[0000] No files changed in this command, skipping snapshotting. 
[36mINFO[0m[0000] Using files from context: [/workspace/source/bin] 
[36mINFO[0m[0000] COPY ./bin/ /                                
[36mINFO[0m[0000] Taking snapshot of files...                  
2020/03/27 12:50:22 pushed blob: sha256:efc9e5a43252e27bc5c50e5c9f7092a4f4bffdddd777d7f9c1813c9bc6b98b40
2020/03/27 12:50:23 pushed blob: sha256:e3332955ab2ce261095f8e9a3112f20bcb339ff9b6db77bc6febc2570f653d3d
2020/03/27 12:50:23 index.docker.io/rhithmapp/go-http:0.0.47: digest: sha256:adc63cc40dde1b7e43cc833f6093eb7221e53cba761bda2878be149a98f9d99a size: 428

Showing logs for build [32mpolasekr-go-http-master-njnkb-38[0m stage [32mfrom-build-pack[0m and container [32mstep-build-post-build[0m
no CVE provider running in the current ** namespace so skip adding image to be analysed

Showing logs for build [32mpolasekr-go-http-master-njnkb-38[0m stage [32mfrom-build-pack[0m and container [32mstep-promote-changelog[0m
Converted /workspace/source/charts/go-http to an unshallow repository
Generating change log from git ref 902a165ace47fb3aecf4cdda29dca47bcefedd66 => fec8a028e73b4fa03cd72b7d1d4f26483f49cbed
WARNING: No release found for ********/go-http and tag v0.0.47 so creating a new release
Updated the release information at https://github.com/********/go-http/releases/tag/v0.0.47
generated: /workspace/source/charts/go-http/templates/release.yaml
Created Release go-http-0-0-47 resource in namespace **
Updating PipelineActivity ********-go-http-master-38 with version 0.0.47
Updated PipelineActivities ********-go-http-master-38 with release notes URL: https://github.com/********/go-http/releases/tag/v0.0.47

Showing logs for build [32mpolasekr-go-http-master-njnkb-38[0m stage [32mfrom-build-pack[0m and container [32mstep-promote-helm-release[0m
WARNING: No $CHART_REPOSITORY defined so using the default value of: http://jenkins-x-chartmuseum:8080
Adding missing Helm repo: storage.googleapis.com https://storage.googleapis.com/chartmuseum.jenkins-x.io
Successfully added Helm repository storage.googleapis.com.
Adding missing Helm repo: jenkins-x-chartmuseum http://jenkins-x-chartmuseum:8080
Successfully added Helm repository jenkins-x-chartmuseum.
WARNING: No $CHART_REPOSITORY defined so using the default value of: http://jenkins-x-chartmuseum:8080
Uploading chart file go-http-0.0.47.tgz to http://jenkins-x-chartmuseum:8080/api/charts
Received 201 response: {"saved":true}

Showing logs for build [32mpolasekr-go-http-master-njnkb-38[0m stage [32mfrom-build-pack[0m and container [32mstep-promote-jx-promote[0m
WARNING: prow based install so skip waiting for the merge of Pull Requests to go green as currently there is an issue with gettingstatuses from the PR, see https://github.com/jenkins-x/**/issues/2410
WARNING: No $CHART_REPOSITORY defined so using the default value of: http://jenkins-x-chartmuseum:8080
Promoting app go-http version 0.0.47 to namespace **-staging
WARNING: 
Created Pull Request: https://github.com/********/environment-rhithm-dev-staging/pull/5
Added label updatebot to Pull Request https://github.com/********/environment-rhithm-dev-staging/pull/5
WARNING: Failed to query the Pull Request last commit status for https://github.com/********/environment-rhithm-dev-staging/pull/5 ref 1d124ca5c71bde6d6518b87c6c0f38a046dadbd0 Could not find a status for repository ********/environment-rhithm-dev-staging with ref 1d124ca5c71bde6d6518b87c6c0f38a046dadbd0
WARNING: Failed to query the Pull Request last commit status for https://github.com/********/environment-rhithm-dev-staging/pull/5 ref 1d124ca5c71bde6d6518b87c6c0f38a046dadbd0 Could not find a status for repository ********/environment-rhithm-dev-staging with ref 1d124ca5c71bde6d6518b87c6c0f38a046dadbd0
WARNING: Failed to query the Pull Request last commit status for https://github.com/********/environment-rhithm-dev-staging/pull/5 ref 1d124ca5c71bde6d6518b87c6c0f38a046dadbd0 Could not find a status for repository ********/environment-rhithm-dev-staging with ref 1d124ca5c71bde6d6518b87c6c0f38a046dadbd0
WARNING: Failed to query the Pull Request last commit status for https://github.com/********/environment-rhithm-dev-staging/pull/5 ref 1d124ca5c71bde6d6518b87c6c0f38a046dadbd0 Could not find a status for repository ********/environment-rhithm-dev-staging with ref 1d124ca5c71bde6d6518b87c6c0f38a046dadbd0
WARNING: Failed to query the Pull Request last commit status for https://github.com/********/environment-rhithm-dev-staging/pull/5 ref 1d124ca5c71bde6d6518b87c6c0f38a046dadbd0 Could not find a status for repository ********/environment-rhithm-dev-staging with ref 1d124ca5c71bde6d6518b87c6c0f38a046dadbd0
WARNING: Failed to query the Pull Request last commit status for https://github.com/********/environment-rhithm-dev-staging/pull/5 ref 1d124ca5c71bde6d6518b87c6c0f38a046dadbd0 Could not find a status for repository ********/environment-rhithm-dev-staging with ref 1d124ca5c71bde6d6518b87c6c0f38a046dadbd0
WARNING: Failed to query the Pull Request last commit status for https://github.com/********/environment-rhithm-dev-staging/pull/5 ref 1d124ca5c71bde6d6518b87c6c0f38a046dadbd0 Could not find a status for repository ********/environment-rhithm-dev-staging with ref 1d124ca5c71bde6d6518b87c6c0f38a046dadbd0
WARNING: Failed to query the Pull Request last commit status for https://github.com/********/environment-rhithm-dev-staging/pull/5 ref 1d124ca5c71bde6d6518b87c6c0f38a046dadbd0 Could not find a status for repository ********/environment-rhithm-dev-staging with ref 1d124ca5c71bde6d6518b87c6c0f38a046dadbd0
WARNING: Failed to query the Pull Request last commit status for https://github.com/********/environment-rhithm-dev-staging/pull/5 ref 1d124ca5c71bde6d6518b87c6c0f38a046dadbd0 Could not find a status for repository ********/environment-rhithm-dev-staging with ref 1d124ca5c71bde6d6518b87c6c0f38a046dadbd0
WARNING: Failed to query the Pull Request last commit status for https://github.com/********/environment-rhithm-dev-staging/pull/5 ref 1d124ca5c71bde6d6518b87c6c0f38a046dadbd0 Could not find a status for repository ********/environment-rhithm-dev-staging with ref 1d124ca5c71bde6d6518b87c6c0f38a046dadbd0
WARNING: Failed to query the Pull Request last commit status for https://github.com/********/environment-rhithm-dev-staging/pull/5 ref 1d124ca5c71bde6d6518b87c6c0f38a046dadbd0 Could not find a status for repository ********/environment-rhithm-dev-staging with ref 1d124ca5c71bde6d6518b87c6c0f38a046dadbd0
WARNING: Failed to query the Pull Request last commit status for https://github.com/********/environment-rhithm-dev-staging/pull/5 ref 1d124ca5c71bde6d6518b87c6c0f38a046dadbd0 Could not find a status for repository ********/environment-rhithm-dev-staging with ref 1d124ca5c71bde6d6518b87c6c0f38a046dadbd0
WARNING: Failed to query the Pull Request last commit status for https://github.com/********/environment-rhithm-dev-staging/pull/5 ref 1d124ca5c71bde6d6518b87c6c0f38a046dadbd0 Could not find a status for repository ********/environment-rhithm-dev-staging with ref 1d124ca5c71bde6d6518b87c6c0f38a046dadbd0
WARNING: Failed to query the Pull Request last commit status for https://github.com/********/environment-rhithm-dev-staging/pull/5 ref 1d124ca5c71bde6d6518b87c6c0f38a046dadbd0 Could not find a status for repository ********/environment-rhithm-dev-staging with ref 1d124ca5c71bde6d6518b87c6c0f38a046dadbd0
WARNING: Failed to query the Pull Request last commit status for https://github.com/********/environment-rhithm-dev-staging/pull/5 ref 1d124ca5c71bde6d6518b87c6c0f38a046dadbd0 Could not find a status for repository ********/environment-rhithm-dev-staging with ref 1d124ca5c71bde6d6518b87c6c0f38a046dadbd0
WARNING: Failed to query the Pull Request last commit status for https://github.com/********/environment-rhithm-dev-staging/pull/5 ref 1d124ca5c71bde6d6518b87c6c0f38a046dadbd0 Could not find a status for repository ********/environment-rhithm-dev-staging with ref 1d124ca5c71bde6d6518b87c6c0f38a046dadbd0
WARNING: Failed to query the Pull Request last commit status for https://github.com/********/environment-rhithm-dev-staging/pull/5 ref 1d124ca5c71bde6d6518b87c6c0f38a046dadbd0 Could not find a status for repository ********/environment-rhithm-dev-staging with ref 1d124ca5c71bde6d6518b87c6c0f38a046dadbd0
WARNING: Failed to query the Pull Request last commit status for https://github.com/********/environment-rhithm-dev-staging/pull/5 ref 1d124ca5c71bde6d6518b87c6c0f38a046dadbd0 Could not find a status for repository ********/environment-rhithm-dev-staging with ref 1d124ca5c71bde6d6518b87c6c0f38a046dadbd0
WARNING: Failed to query the Pull Request last commit status for https://github.com/********/environment-rhithm-dev-staging/pull/5 ref 1d124ca5c71bde6d6518b87c6c0f38a046dadbd0 Could not find a status for repository ********/environment-rhithm-dev-staging with ref 1d124ca5c71bde6d6518b87c6c0f38a046dadbd0
WARNING: Failed to query the Pull Request last commit status for https://github.com/********/environment-rhithm-dev-staging/pull/5 ref 1d124ca5c71bde6d6518b87c6c0f38a046dadbd0 Could not find a status for repository ********/environment-rhithm-dev-staging with ref 1d124ca5c71bde6d6518b87c6c0f38a046dadbd0
WARNING: Failed to query the Pull Request last commit status for https://github.com/********/environment-rhithm-dev-staging/pull/5 ref 1d124ca5c71bde6d6518b87c6c0f38a046dadbd0 Could not find a status for repository ********/environment-rhithm-dev-staging with ref 1d124ca5c71bde6d6518b87c6c0f38a046dadbd0
WARNING: Failed to query the Pull Request last commit status for https://github.com/********/environment-rhithm-dev-staging/pull/5 ref 1d124ca5c71bde6d6518b87c6c0f38a046dadbd0 Could not find a status for repository ********/environment-rhithm-dev-staging with ref 1d124ca5c71bde6d6518b87c6c0f38a046dadbd0
WARNING: Failed to query the Pull Request last commit status for https://github.com/********/environment-rhithm-dev-staging/pull/5 ref 1d124ca5c71bde6d6518b87c6c0f38a046dadbd0 Could not find a status for repository ********/environment-rhithm-dev-staging with ref 1d124ca5c71bde6d6518b87c6c0f38a046dadbd0
WARNING: Failed to query the Pull Request last commit status for https://github.com/********/environment-rhithm-dev-staging/pull/5 ref 1d124ca5c71bde6d6518b87c6c0f38a046dadbd0 Could not find a status for repository ********/environment-rhithm-dev-staging with ref 1d124ca5c71bde6d6518b87c6c0f38a046dadbd0
WARNING: Failed to query the Pull Request last commit status for https://github.com/********/environment-rhithm-dev-staging/pull/5 ref 1d124ca5c71bde6d6518b87c6c0f38a046dadbd0 Could not find a status for repository ********/environment-rhithm-dev-staging with ref 1d124ca5c71bde6d6518b87c6c0f38a046dadbd0
WARNING: Failed to query the Pull Request last commit status for https://github.com/********/environment-rhithm-dev-staging/pull/5 ref 1d124ca5c71bde6d6518b87c6c0f38a046dadbd0 Could not find a status for repository ********/environment-rhithm-dev-staging with ref 1d124ca5c71bde6d6518b87c6c0f38a046dadbd0
WARNING: Failed to query the Pull Request last commit status for https://github.com/********/environment-rhithm-dev-staging/pull/5 ref 1d124ca5c71bde6d6518b87c6c0f38a046dadbd0 Could not find a status for repository ********/environment-rhithm-dev-staging with ref 1d124ca5c71bde6d6518b87c6c0f38a046dadbd0
WARNING: Failed to query the Pull Request last commit status for https://github.com/********/environment-rhithm-dev-staging/pull/5 ref 1d124ca5c71bde6d6518b87c6c0f38a046dadbd0 Could not find a status for repository ********/environment-rhithm-dev-staging with ref 1d124ca5c71bde6d6518b87c6c0f38a046dadbd0
WARNING: Failed to query the Pull Request last commit status for https://github.com/********/environment-rhithm-dev-staging/pull/5 ref 1d124ca5c71bde6d6518b87c6c0f38a046dadbd0 Could not find a status for repository ********/environment-rhithm-dev-staging with ref 1d124ca5c71bde6d6518b87c6c0f38a046dadbd0
WARNING: Failed to query the Pull Request last commit status for https://github.com/********/environment-rhithm-dev-staging/pull/5 ref 1d124ca5c71bde6d6518b87c6c0f38a046dadbd0 Could not find a status for repository ********/environment-rhithm-dev-staging with ref 1d124ca5c71bde6d6518b87c6c0f38a046dadbd0
WARNING: Failed to query the Pull Request last commit status for https://github.com/********/environment-rhithm-dev-staging/pull/5 ref 1d124ca5c71bde6d6518b87c6c0f38a046dadbd0 Could not find a status for repository ********/environment-rhithm-dev-staging with ref 1d124ca5c71bde6d6518b87c6c0f38a046dadbd0
WARNING: Failed to query the Pull Request last commit status for https://github.com/********/environment-rhithm-dev-staging/pull/5 ref 1d124ca5c71bde6d6518b87c6c0f38a046dadbd0 Could not find a status for repository ********/environment-rhithm-dev-staging with ref 1d124ca5c71bde6d6518b87c6c0f38a046dadbd0
WARNING: Failed to query the Pull Request last commit status for https://github.com/********/environment-rhithm-dev-staging/pull/5 ref 1d124ca5c71bde6d6518b87c6c0f38a046dadbd0 Could not find a status for repository ********/environment-rhithm-dev-staging with ref 1d124ca5c71bde6d6518b87c6c0f38a046dadbd0
WARNING: Failed to query the Pull Request last commit status for https://github.com/********/environment-rhithm-dev-staging/pull/5 ref 1d124ca5c71bde6d6518b87c6c0f38a046dadbd0 Could not find a status for repository ********/environment-rhithm-dev-staging with ref 1d124ca5c71bde6d6518b87c6c0f38a046dadbd0
WARNING: Failed to query the Pull Request last commit status for https://github.com/********/environment-rhithm-dev-staging/pull/5 ref 1d124ca5c71bde6d6518b87c6c0f38a046dadbd0 Could not find a status for repository ********/environment-rhithm-dev-staging with ref 1d124ca5c71bde6d6518b87c6c0f38a046dadbd0
WARNING: Failed to query the Pull Request last commit status for https://github.com/********/environment-rhithm-dev-staging/pull/5 ref 1d124ca5c71bde6d6518b87c6c0f38a046dadbd0 Could not find a status for repository ********/environment-rhithm-dev-staging with ref 1d124ca5c71bde6d6518b87c6c0f38a046dadbd0
WARNING: Failed to query the Pull Request last commit status for https://github.com/********/environment-rhithm-dev-staging/pull/5 ref 1d124ca5c71bde6d6518b87c6c0f38a046dadbd0 Could not find a status for repository ********/environment-rhithm-dev-staging with ref 1d124ca5c71bde6d6518b87c6c0f38a046dadbd0
WARNING: Failed to query the Pull Request last commit status for https://github.com/********/environment-rhithm-dev-staging/pull/5 ref 1d124ca5c71bde6d6518b87c6c0f38a046dadbd0 Could not find a status for repository ********/environment-rhithm-dev-staging with ref 1d124ca5c71bde6d6518b87c6c0f38a046dadbd0
WARNING: Failed to query the Pull Request last commit status for https://github.com/********/environment-rhithm-dev-staging/pull/5 ref 1d124ca5c71bde6d6518b87c6c0f38a046dadbd0 Could not find a status for repository ********/environment-rhithm-dev-staging with ref 1d124ca5c71bde6d6518b87c6c0f38a046dadbd0
WARNING: Failed to query the Pull Request last commit status for https://github.com/********/environment-rhithm-dev-staging/pull/5 ref 1d124ca5c71bde6d6518b87c6c0f38a046dadbd0 Could not find a status for repository ********/environment-rhithm-dev-staging with ref 1d124ca5c71bde6d6518b87c6c0f38a046dadbd0
WARNING: Failed to query the Pull Request last commit status for https://github.com/********/environment-rhithm-dev-staging/pull/5 ref 1d124ca5c71bde6d6518b87c6c0f38a046dadbd0 Could not find a status for repository ********/environment-rhithm-dev-staging with ref 1d124ca5c71bde6d6518b87c6c0f38a046dadbd0
WARNING: Failed to query the Pull Request last commit status for https://github.com/********/environment-rhithm-dev-staging/pull/5 ref 1d124ca5c71bde6d6518b87c6c0f38a046dadbd0 Could not find a status for repository ********/environment-rhithm-dev-staging with ref 1d124ca5c71bde6d6518b87c6c0f38a046dadbd0
WARNING: Failed to query the Pull Request last commit status for https://github.com/********/environment-rhithm-dev-staging/pull/5 ref 1d124ca5c71bde6d6518b87c6c0f38a046dadbd0 Could not find a status for repository ********/environment-rhithm-dev-staging with ref 1d124ca5c71bde6d6518b87c6c0f38a046dadbd0
WARNING: Failed to query the Pull Request last commit status for https://github.com/********/environment-rhithm-dev-staging/pull/5 ref 1d124ca5c71bde6d6518b87c6c0f38a046dadbd0 Could not find a status for repository ********/environment-rhithm-dev-staging with ref 1d124ca5c71bde6d6518b87c6c0f38a046dadbd0
WARNING: Failed to query the Pull Request last commit status for https://github.com/********/environment-rhithm-dev-staging/pull/5 ref 1d124ca5c71bde6d6518b87c6c0f38a046dadbd0 Could not find a status for repository ********/environment-rhithm-dev-staging with ref 1d124ca5c71bde6d6518b87c6c0f38a046dadbd0
WARNING: Failed to query the Pull Request last commit status for https://github.com/********/environment-rhithm-dev-staging/pull/5 ref 1d124ca5c71bde6d6518b87c6c0f38a046dadbd0 Could not find a status for repository ********/environment-rhithm-dev-staging with ref 1d124ca5c71bde6d6518b87c6c0f38a046dadbd0
WARNING: Failed to query the Pull Request last commit status for https://github.com/********/environment-rhithm-dev-staging/pull/5 ref 1d124ca5c71bde6d6518b87c6c0f38a046dadbd0 Could not find a status for repository ********/environment-rhithm-dev-staging with ref 1d124ca5c71bde6d6518b87c6c0f38a046dadbd0
WARNING: Failed to query the Pull Request last commit status for https://github.com/********/environment-rhithm-dev-staging/pull/5 ref 1d124ca5c71bde6d6518b87c6c0f38a046dadbd0 Could not find a status for repository ********/environment-rhithm-dev-staging with ref 1d124ca5c71bde6d6518b87c6c0f38a046dadbd0
WARNING: Failed to query the Pull Request last commit status for https://github.com/********/environment-rhithm-dev-staging/pull/5 ref 1d124ca5c71bde6d6518b87c6c0f38a046dadbd0 Could not find a status for repository ********/environment-rhithm-dev-staging with ref 1d124ca5c71bde6d6518b87c6c0f38a046dadbd0
WARNING: Failed to query the Pull Request last commit status for https://github.com/********/environment-rhithm-dev-staging/pull/5 ref 1d124ca5c71bde6d6518b87c6c0f38a046dadbd0 Could not find a status for repository ********/environment-rhithm-dev-staging with ref 1d124ca5c71bde6d6518b87c6c0f38a046dadbd0
WARNING: Failed to query the Pull Request last commit status for https://github.com/********/environment-rhithm-dev-staging/pull/5 ref 1d124ca5c71bde6d6518b87c6c0f38a046dadbd0 Could not find a status for repository ********/environment-rhithm-dev-staging with ref 1d124ca5c71bde6d6518b87c6c0f38a046dadbd0
WARNING: Failed to query the Pull Request last commit status for https://github.com/********/environment-rhithm-dev-staging/pull/5 ref 1d124ca5c71bde6d6518b87c6c0f38a046dadbd0 Could not find a status for repository ********/environment-rhithm-dev-staging with ref 1d124ca5c71bde6d6518b87c6c0f38a046dadbd0
WARNING: Failed to query the Pull Request last commit status for https://github.com/********/environment-rhithm-dev-staging/pull/5 ref 1d124ca5c71bde6d6518b87c6c0f38a046dadbd0 Could not find a status for repository ********/environment-rhithm-dev-staging with ref 1d124ca5c71bde6d6518b87c6c0f38a046dadbd0
WARNING: Failed to query the Pull Request last commit status for https://github.com/********/environment-rhithm-dev-staging/pull/5 ref 1d124ca5c71bde6d6518b87c6c0f38a046dadbd0 Could not find a status for repository ********/environment-rhithm-dev-staging with ref 1d124ca5c71bde6d6518b87c6c0f38a046dadbd0
WARNING: Failed to query the Pull Request last commit status for https://github.com/********/environment-rhithm-dev-staging/pull/5 ref 1d124ca5c71bde6d6518b87c6c0f38a046dadbd0 Could not find a status for repository ********/environment-rhithm-dev-staging with ref 1d124ca5c71bde6d6518b87c6c0f38a046dadbd0
WARNING: Failed to query the Pull Request last commit status for https://github.com/********/environment-rhithm-dev-staging/pull/5 ref 1d124ca5c71bde6d6518b87c6c0f38a046dadbd0 Could not find a status for repository ********/environment-rhithm-dev-staging with ref 1d124ca5c71bde6d6518b87c6c0f38a046dadbd0
WARNING: Failed to query the Pull Request last commit status for https://github.com/********/environment-rhithm-dev-staging/pull/5 ref 1d124ca5c71bde6d6518b87c6c0f38a046dadbd0 Could not find a status for repository ********/environment-rhithm-dev-staging with ref 1d124ca5c71bde6d6518b87c6c0f38a046dadbd0
WARNING: Failed to query the Pull Request last commit status for https://github.com/********/environment-rhithm-dev-staging/pull/5 ref 1d124ca5c71bde6d6518b87c6c0f38a046dadbd0 Could not find a status for repository ********/environment-rhithm-dev-staging with ref 1d124ca5c71bde6d6518b87c6c0f38a046dadbd0
WARNING: Failed to query the Pull Request last commit status for https://github.com/********/environment-rhithm-dev-staging/pull/5 ref 1d124ca5c71bde6d6518b87c6c0f38a046dadbd0 Could not find a status for repository ********/environment-rhithm-dev-staging with ref 1d124ca5c71bde6d6518b87c6c0f38a046dadbd0
WARNING: Failed to query the Pull Request last commit status for https://github.com/********/environment-rhithm-dev-staging/pull/5 ref 1d124ca5c71bde6d6518b87c6c0f38a046dadbd0 Could not find a status for repository ********/environment-rhithm-dev-staging with ref 1d124ca5c71bde6d6518b87c6c0f38a046dadbd0
WARNING: Failed to query the Pull Request last commit status for https://github.com/********/environment-rhithm-dev-staging/pull/5 ref 1d124ca5c71bde6d6518b87c6c0f38a046dadbd0 Could not find a status for repository ********/environment-rhithm-dev-staging with ref 1d124ca5c71bde6d6518b87c6c0f38a046dadbd0
WARNING: Failed to query the Pull Request last commit status for https://github.com/********/environment-rhithm-dev-staging/pull/5 ref 1d124ca5c71bde6d6518b87c6c0f38a046dadbd0 Could not find a status for repository ********/environment-rhithm-dev-staging with ref 1d124ca5c71bde6d6518b87c6c0f38a046dadbd0
WARNING: Failed to query the Pull Request last commit status for https://github.com/********/environment-rhithm-dev-staging/pull/5 ref 1d124ca5c71bde6d6518b87c6c0f38a046dadbd0 Could not find a status for repository ********/environment-rhithm-dev-staging with ref 1d124ca5c71bde6d6518b87c6c0f38a046dadbd0
WARNING: Failed to query the Pull Request last commit status for https://github.com/********/environment-rhithm-dev-staging/pull/5 ref 1d124ca5c71bde6d6518b87c6c0f38a046dadbd0 Could not find a status for repository ********/environment-rhithm-dev-staging with ref 1d124ca5c71bde6d6518b87c6c0f38a046dadbd0
WARNING: Failed to query the Pull Request last commit status for https://github.com/********/environment-rhithm-dev-staging/pull/5 ref 1d124ca5c71bde6d6518b87c6c0f38a046dadbd0 Could not find a status for repository ********/environment-rhithm-dev-staging with ref 1d124ca5c71bde6d6518b87c6c0f38a046dadbd0
WARNING: Failed to query the Pull Request last commit status for https://github.com/********/environment-rhithm-dev-staging/pull/5 ref 1d124ca5c71bde6d6518b87c6c0f38a046dadbd0 Could not find a status for repository ********/environment-rhithm-dev-staging with ref 1d124ca5c71bde6d6518b87c6c0f38a046dadbd0
WARNING: Failed to query the Pull Request last commit status for https://github.com/********/environment-rhithm-dev-staging/pull/5 ref 1d124ca5c71bde6d6518b87c6c0f38a046dadbd0 Could not find a status for repository ********/environment-rhithm-dev-staging with ref 1d124ca5c71bde6d6518b87c6c0f38a046dadbd0
WARNING: Failed to query the Pull Request last commit status for https://github.com/********/environment-rhithm-dev-staging/pull/5 ref 1d124ca5c71bde6d6518b87c6c0f38a046dadbd0 Could not find a status for repository ********/environment-rhithm-dev-staging with ref 1d124ca5c71bde6d6518b87c6c0f38a046dadbd0
WARNING: Failed to query the Pull Request last commit status for https://github.com/********/environment-rhithm-dev-staging/pull/5 ref 1d124ca5c71bde6d6518b87c6c0f38a046dadbd0 Could not find a status for repository ********/environment-rhithm-dev-staging with ref 1d124ca5c71bde6d6518b87c6c0f38a046dadbd0
WARNING: Failed to query the Pull Request last commit status for https://github.com/********/environment-rhithm-dev-staging/pull/5 ref 1d124ca5c71bde6d6518b87c6c0f38a046dadbd0 Could not find a status for repository ********/environment-rhithm-dev-staging with ref 1d124ca5c71bde6d6518b87c6c0f38a046dadbd0
WARNING: Failed to query the Pull Request last commit status for https://github.com/********/environment-rhithm-dev-staging/pull/5 ref 1d124ca5c71bde6d6518b87c6c0f38a046dadbd0 Could not find a status for repository ********/environment-rhithm-dev-staging with ref 1d124ca5c71bde6d6518b87c6c0f38a046dadbd0
WARNING: Failed to query the Pull Request last commit status for https://github.com/********/environment-rhithm-dev-staging/pull/5 ref 1d124ca5c71bde6d6518b87c6c0f38a046dadbd0 Could not find a status for repository ********/environment-rhithm-dev-staging with ref 1d124ca5c71bde6d6518b87c6c0f38a046dadbd0
WARNING: Failed to query the Pull Request last commit status for https://github.com/********/environment-rhithm-dev-staging/pull/5 ref 1d124ca5c71bde6d6518b87c6c0f38a046dadbd0 Could not find a status for repository ********/environment-rhithm-dev-staging with ref 1d124ca5c71bde6d6518b87c6c0f38a046dadbd0
WARNING: Failed to query the Pull Request last commit status for https://github.com/********/environment-rhithm-dev-staging/pull/5 ref 1d124ca5c71bde6d6518b87c6c0f38a046dadbd0 Could not find a status for repository ********/environment-rhithm-dev-staging with ref 1d124ca5c71bde6d6518b87c6c0f38a046dadbd0
WARNING: Failed to query the Pull Request last commit status for https://github.com/********/environment-rhithm-dev-staging/pull/5 ref 1d124ca5c71bde6d6518b87c6c0f38a046dadbd0 Could not find a status for repository ********/environment-rhithm-dev-staging with ref 1d124ca5c71bde6d6518b87c6c0f38a046dadbd0
WARNING: Failed to query the Pull Request last commit status for https://github.com/********/environment-rhithm-dev-staging/pull/5 ref 1d124ca5c71bde6d6518b87c6c0f38a046dadbd0 Could not find a status for repository ********/environment-rhithm-dev-staging with ref 1d124ca5c71bde6d6518b87c6c0f38a046dadbd0
WARNING: Failed to query the Pull Request last commit status for https://github.com/********/environment-rhithm-dev-staging/pull/5 ref 1d124ca5c71bde6d6518b87c6c0f38a046dadbd0 Could not find a status for repository ********/environment-rhithm-dev-staging with ref 1d124ca5c71bde6d6518b87c6c0f38a046dadbd0
WARNING: Failed to query the Pull Request last commit status for https://github.com/********/environment-rhithm-dev-staging/pull/5 ref 1d124ca5c71bde6d6518b87c6c0f38a046dadbd0 Could not find a status for repository ********/environment-rhithm-dev-staging with ref 1d124ca5c71bde6d6518b87c6c0f38a046dadbd0
WARNING: Failed to query the Pull Request last commit status for https://github.com/********/environment-rhithm-dev-staging/pull/5 ref 1d124ca5c71bde6d6518b87c6c0f38a046dadbd0 Could not find a status for repository ********/environment-rhithm-dev-staging with ref 1d124ca5c71bde6d6518b87c6c0f38a046dadbd0
WARNING: Failed to query the Pull Request last commit status for https://github.com/********/environment-rhithm-dev-staging/pull/5 ref 1d124ca5c71bde6d6518b87c6c0f38a046dadbd0 Could not find a status for repository ********/environment-rhithm-dev-staging with ref 1d124ca5c71bde6d6518b87c6c0f38a046dadbd0
WARNING: Failed to query the Pull Request last commit status for https://github.com/********/environment-rhithm-dev-staging/pull/5 ref 1d124ca5c71bde6d6518b87c6c0f38a046dadbd0 Could not find a status for repository ********/environment-rhithm-dev-staging with ref 1d124ca5c71bde6d6518b87c6c0f38a046dadbd0
WARNING: Failed to query the Pull Request last commit status for https://github.com/********/environment-rhithm-dev-staging/pull/5 ref 1d124ca5c71bde6d6518b87c6c0f38a046dadbd0 Could not find a status for repository ********/environment-rhithm-dev-staging with ref 1d124ca5c71bde6d6518b87c6c0f38a046dadbd0
WARNING: Failed to query the Pull Request last commit status for https://github.com/********/environment-rhithm-dev-staging/pull/5 ref 1d124ca5c71bde6d6518b87c6c0f38a046dadbd0 Could not find a status for repository ********/environment-rhithm-dev-staging with ref 1d124ca5c71bde6d6518b87c6c0f38a046dadbd0
WARNING: Failed to query the Pull Request last commit status for https://github.com/********/environment-rhithm-dev-staging/pull/5 ref 1d124ca5c71bde6d6518b87c6c0f38a046dadbd0 Could not find a status for repository ********/environment-rhithm-dev-staging with ref 1d124ca5c71bde6d6518b87c6c0f38a046dadbd0
WARNING: Failed to query the Pull Request last commit status for https://github.com/********/environment-rhithm-dev-staging/pull/5 ref 1d124ca5c71bde6d6518b87c6c0f38a046dadbd0 Could not find a status for repository ********/environment-rhithm-dev-staging with ref 1d124ca5c71bde6d6518b87c6c0f38a046dadbd0
WARNING: Failed to query the Pull Request last commit status for https://github.com/********/environment-rhithm-dev-staging/pull/5 ref 1d124ca5c71bde6d6518b87c6c0f38a046dadbd0 Could not find a status for repository ********/environment-rhithm-dev-staging with ref 1d124ca5c71bde6d6518b87c6c0f38a046dadbd0
WARNING: Failed to query the Pull Request last commit status for https://github.com/********/environment-rhithm-dev-staging/pull/5 ref 1d124ca5c71bde6d6518b87c6c0f38a046dadbd0 Could not find a status for repository ********/environment-rhithm-dev-staging with ref 1d124ca5c71bde6d6518b87c6c0f38a046dadbd0
WARNING: Failed to query the Pull Request last commit status for https://github.com/********/environment-rhithm-dev-staging/pull/5 ref 1d124ca5c71bde6d6518b87c6c0f38a046dadbd0 Could not find a status for repository ********/environment-rhithm-dev-staging with ref 1d124ca5c71bde6d6518b87c6c0f38a046dadbd0
WARNING: Failed to query the Pull Request last commit status for https://github.com/********/environment-rhithm-dev-staging/pull/5 ref 1d124ca5c71bde6d6518b87c6c0f38a046dadbd0 Could not find a status for repository ********/environment-rhithm-dev-staging with ref 1d124ca5c71bde6d6518b87c6c0f38a046dadbd0
WARNING: Failed to query the Pull Request last commit status for https://github.com/********/environment-rhithm-dev-staging/pull/5 ref 1d124ca5c71bde6d6518b87c6c0f38a046dadbd0 Could not find a status for repository ********/environment-rhithm-dev-staging with ref 1d124ca5c71bde6d6518b87c6c0f38a046dadbd0
WARNING: Failed to query the Pull Request last commit status for https://github.com/********/environment-rhithm-dev-staging/pull/5 ref 1d124ca5c71bde6d6518b87c6c0f38a046dadbd0 Could not find a status for repository ********/environment-rhithm-dev-staging with ref 1d124ca5c71bde6d6518b87c6c0f38a046dadbd0
WARNING: Failed to query the Pull Request last commit status for https://github.com/********/environment-rhithm-dev-staging/pull/5 ref 1d124ca5c71bde6d6518b87c6c0f38a046dadbd0 Could not find a status for repository ********/environment-rhithm-dev-staging with ref 1d124ca5c71bde6d6518b87c6c0f38a046dadbd0
WARNING: Failed to query the Pull Request last commit status for https://github.com/********/environment-rhithm-dev-staging/pull/5 ref 1d124ca5c71bde6d6518b87c6c0f38a046dadbd0 Could not find a status for repository ********/environment-rhithm-dev-staging with ref 1d124ca5c71bde6d6518b87c6c0f38a046dadbd0
WARNING: Failed to query the Pull Request last commit status for https://github.com/********/environment-rhithm-dev-staging/pull/5 ref 1d124ca5c71bde6d6518b87c6c0f38a046dadbd0 Could not find a status for repository ********/environment-rhithm-dev-staging with ref 1d124ca5c71bde6d6518b87c6c0f38a046dadbd0
WARNING: Failed to query the Pull Request last commit status for https://github.com/********/environment-rhithm-dev-staging/pull/5 ref 1d124ca5c71bde6d6518b87c6c0f38a046dadbd0 Could not find a status for repository ********/environment-rhithm-dev-staging with ref 1d124ca5c71bde6d6518b87c6c0f38a046dadbd0
WARNING: Failed to query the Pull Request last commit status for https://github.com/********/environment-rhithm-dev-staging/pull/5 ref 1d124ca5c71bde6d6518b87c6c0f38a046dadbd0 Could not find a status for repository ********/environment-rhithm-dev-staging with ref 1d124ca5c71bde6d6518b87c6c0f38a046dadbd0
WARNING: Failed to query the Pull Request last commit status for https://github.com/********/environment-rhithm-dev-staging/pull/5 ref 1d124ca5c71bde6d6518b87c6c0f38a046dadbd0 Could not find a status for repository ********/environment-rhithm-dev-staging with ref 1d124ca5c71bde6d6518b87c6c0f38a046dadbd0
WARNING: Failed to query the Pull Request last commit status for https://github.com/********/environment-rhithm-dev-staging/pull/5 ref 1d124ca5c71bde6d6518b87c6c0f38a046dadbd0 Could not find a status for repository ********/environment-rhithm-dev-staging with ref 1d124ca5c71bde6d6518b87c6c0f38a046dadbd0
WARNING: Failed to query the Pull Request last commit status for https://github.com/********/environment-rhithm-dev-staging/pull/5 ref 1d124ca5c71bde6d6518b87c6c0f38a046dadbd0 Could not find a status for repository ********/environment-rhithm-dev-staging with ref 1d124ca5c71bde6d6518b87c6c0f38a046dadbd0
WARNING: Failed to query the Pull Request last commit status for https://github.com/********/environment-rhithm-dev-staging/pull/5 ref 1d124ca5c71bde6d6518b87c6c0f38a046dadbd0 Could not find a status for repository ********/environment-rhithm-dev-staging with ref 1d124ca5c71bde6d6518b87c6c0f38a046dadbd0
WARNING: Failed to query the Pull Request last commit status for https://github.com/********/environment-rhithm-dev-staging/pull/5 ref 1d124ca5c71bde6d6518b87c6c0f38a046dadbd0 Could not find a status for repository ********/environment-rhithm-dev-staging with ref 1d124ca5c71bde6d6518b87c6c0f38a046dadbd0
WARNING: Failed to query the Pull Request last commit status for https://github.com/********/environment-rhithm-dev-staging/pull/5 ref 1d124ca5c71bde6d6518b87c6c0f38a046dadbd0 Could not find a status for repository ********/environment-rhithm-dev-staging with ref 1d124ca5c71bde6d6518b87c6c0f38a046dadbd0
WARNING: Failed to query the Pull Request last commit status for https://github.com/********/environment-rhithm-dev-staging/pull/5 ref 1d124ca5c71bde6d6518b87c6c0f38a046dadbd0 Could not find a status for repository ********/environment-rhithm-dev-staging with ref 1d124ca5c71bde6d6518b87c6c0f38a046dadbd0
WARNING: Failed to query the Pull Request last commit status for https://github.com/********/environment-rhithm-dev-staging/pull/5 ref 1d124ca5c71bde6d6518b87c6c0f38a046dadbd0 Could not find a status for repository ********/environment-rhithm-dev-staging with ref 1d124ca5c71bde6d6518b87c6c0f38a046dadbd0
WARNING: Failed to query the Pull Request last commit status for https://github.com/********/environment-rhithm-dev-staging/pull/5 ref 1d124ca5c71bde6d6518b87c6c0f38a046dadbd0 Could not find a status for repository ********/environment-rhithm-dev-staging with ref 1d124ca5c71bde6d6518b87c6c0f38a046dadbd0
WARNING: Failed to query the Pull Request last commit status for https://github.com/********/environment-rhithm-dev-staging/pull/5 ref 1d124ca5c71bde6d6518b87c6c0f38a046dadbd0 Could not find a status for repository ********/environment-rhithm-dev-staging with ref 1d124ca5c71bde6d6518b87c6c0f38a046dadbd0
WARNING: Failed to query the Pull Request last commit status for https://github.com/********/environment-rhithm-dev-staging/pull/5 ref 1d124ca5c71bde6d6518b87c6c0f38a046dadbd0 Could not find a status for repository ********/environment-rhithm-dev-staging with ref 1d124ca5c71bde6d6518b87c6c0f38a046dadbd0
WARNING: Failed to query the Pull Request last commit status for https://github.com/********/environment-rhithm-dev-staging/pull/5 ref 1d124ca5c71bde6d6518b87c6c0f38a046dadbd0 Could not find a status for repository ********/environment-rhithm-dev-staging with ref 1d124ca5c71bde6d6518b87c6c0f38a046dadbd0
WARNING: Failed to query the Pull Request last commit status for https://github.com/********/environment-rhithm-dev-staging/pull/5 ref 1d124ca5c71bde6d6518b87c6c0f38a046dadbd0 Could not find a status for repository ********/environment-rhithm-dev-staging with ref 1d124ca5c71bde6d6518b87c6c0f38a046dadbd0
WARNING: Failed to query the Pull Request last commit status for https://github.com/********/environment-rhithm-dev-staging/pull/5 ref 1d124ca5c71bde6d6518b87c6c0f38a046dadbd0 Could not find a status for repository ********/environment-rhithm-dev-staging with ref 1d124ca5c71bde6d6518b87c6c0f38a046dadbd0
WARNING: Failed to query the Pull Request last commit status for https://github.com/********/environment-rhithm-dev-staging/pull/5 ref 1d124ca5c71bde6d6518b87c6c0f38a046dadbd0 Could not find a status for repository ********/environment-rhithm-dev-staging with ref 1d124ca5c71bde6d6518b87c6c0f38a046dadbd0
WARNING: Failed to query the Pull Request last commit status for https://github.com/********/environment-rhithm-dev-staging/pull/5 ref 1d124ca5c71bde6d6518b87c6c0f38a046dadbd0 Could not find a status for repository ********/environment-rhithm-dev-staging with ref 1d124ca5c71bde6d6518b87c6c0f38a046dadbd0
WARNING: Failed to query the Pull Request last commit status for https://github.com/********/environment-rhithm-dev-staging/pull/5 ref 1d124ca5c71bde6d6518b87c6c0f38a046dadbd0 Could not find a status for repository ********/environment-rhithm-dev-staging with ref 1d124ca5c71bde6d6518b87c6c0f38a046dadbd0
WARNING: Failed to query the Pull Request last commit status for https://github.com/********/environment-rhithm-dev-staging/pull/5 ref 1d124ca5c71bde6d6518b87c6c0f38a046dadbd0 Could not find a status for repository ********/environment-rhithm-dev-staging with ref 1d124ca5c71bde6d6518b87c6c0f38a046dadbd0
WARNING: Failed to query the Pull Request last commit status for https://github.com/********/environment-rhithm-dev-staging/pull/5 ref 1d124ca5c71bde6d6518b87c6c0f38a046dadbd0 Could not find a status for repository ********/environment-rhithm-dev-staging with ref 1d124ca5c71bde6d6518b87c6c0f38a046dadbd0
WARNING: Failed to query the Pull Request last commit status for https://github.com/********/environment-rhithm-dev-staging/pull/5 ref 1d124ca5c71bde6d6518b87c6c0f38a046dadbd0 Could not find a status for repository ********/environment-rhithm-dev-staging with ref 1d124ca5c71bde6d6518b87c6c0f38a046dadbd0
WARNING: Failed to query the Pull Request last commit status for https://github.com/********/environment-rhithm-dev-staging/pull/5 ref 1d124ca5c71bde6d6518b87c6c0f38a046dadbd0 Could not find a status for repository ********/environment-rhithm-dev-staging with ref 1d124ca5c71bde6d6518b87c6c0f38a046dadbd0
WARNING: Failed to query the Pull Request last commit status for https://github.com/********/environment-rhithm-dev-staging/pull/5 ref 1d124ca5c71bde6d6518b87c6c0f38a046dadbd0 Could not find a status for repository ********/environment-rhithm-dev-staging with ref 1d124ca5c71bde6d6518b87c6c0f38a046dadbd0
WARNING: Failed to query the Pull Request last commit status for https://github.com/********/environment-rhithm-dev-staging/pull/5 ref 1d124ca5c71bde6d6518b87c6c0f38a046dadbd0 Could not find a status for repository ********/environment-rhithm-dev-staging with ref 1d124ca5c71bde6d6518b87c6c0f38a046dadbd0
WARNING: Failed to query the Pull Request last commit status for https://github.com/********/environment-rhithm-dev-staging/pull/5 ref 1d124ca5c71bde6d6518b87c6c0f38a046dadbd0 Could not find a status for repository ********/environment-rhithm-dev-staging with ref 1d124ca5c71bde6d6518b87c6c0f38a046dadbd0
WARNING: Failed to query the Pull Request last commit status for https://github.com/********/environment-rhithm-dev-staging/pull/5 ref 1d124ca5c71bde6d6518b87c6c0f38a046dadbd0 Could not find a status for repository ********/environment-rhithm-dev-staging with ref 1d124ca5c71bde6d6518b87c6c0f38a046dadbd0
WARNING: Failed to query the Pull Request last commit status for https://github.com/********/environment-rhithm-dev-staging/pull/5 ref 1d124ca5c71bde6d6518b87c6c0f38a046dadbd0 Could not find a status for repository ********/environment-rhithm-dev-staging with ref 1d124ca5c71bde6d6518b87c6c0f38a046dadbd0
WARNING: Failed to query the Pull Request last commit status for https://github.com/********/environment-rhithm-dev-staging/pull/5 ref 1d124ca5c71bde6d6518b87c6c0f38a046dadbd0 Could not find a status for repository ********/environment-rhithm-dev-staging with ref 1d124ca5c71bde6d6518b87c6c0f38a046dadbd0
WARNING: Failed to query the Pull Request last commit status for https://github.com/********/environment-rhithm-dev-staging/pull/5 ref 1d124ca5c71bde6d6518b87c6c0f38a046dadbd0 Could not find a status for repository ********/environment-rhithm-dev-staging with ref 1d124ca5c71bde6d6518b87c6c0f38a046dadbd0
WARNING: Failed to query the Pull Request last commit status for https://github.com/********/environment-rhithm-dev-staging/pull/5 ref 1d124ca5c71bde6d6518b87c6c0f38a046dadbd0 Could not find a status for repository ********/environment-rhithm-dev-staging with ref 1d124ca5c71bde6d6518b87c6c0f38a046dadbd0
WARNING: Failed to query the Pull Request last commit status for https://github.com/********/environment-rhithm-dev-staging/pull/5 ref 1d124ca5c71bde6d6518b87c6c0f38a046dadbd0 Could not find a status for repository ********/environment-rhithm-dev-staging with ref 1d124ca5c71bde6d6518b87c6c0f38a046dadbd0
WARNING: Failed to query the Pull Request last commit status for https://github.com/********/environment-rhithm-dev-staging/pull/5 ref 1d124ca5c71bde6d6518b87c6c0f38a046dadbd0 Could not find a status for repository ********/environment-rhithm-dev-staging with ref 1d124ca5c71bde6d6518b87c6c0f38a046dadbd0
WARNING: Failed to query the Pull Request last commit status for https://github.com/********/environment-rhithm-dev-staging/pull/5 ref 1d124ca5c71bde6d6518b87c6c0f38a046dadbd0 Could not find a status for repository ********/environment-rhithm-dev-staging with ref 1d124ca5c71bde6d6518b87c6c0f38a046dadbd0
WARNING: Failed to query the Pull Request last commit status for https://github.com/********/environment-rhithm-dev-staging/pull/5 ref 1d124ca5c71bde6d6518b87c6c0f38a046dadbd0 Could not find a status for repository ********/environment-rhithm-dev-staging with ref 1d124ca5c71bde6d6518b87c6c0f38a046dadbd0
WARNING: Failed to query the Pull Request last commit status for https://github.com/********/environment-rhithm-dev-staging/pull/5 ref 1d124ca5c71bde6d6518b87c6c0f38a046dadbd0 Could not find a status for repository ********/environment-rhithm-dev-staging with ref 1d124ca5c71bde6d6518b87c6c0f38a046dadbd0
WARNING: Failed to query the Pull Request last commit status for https://github.com/********/environment-rhithm-dev-staging/pull/5 ref 1d124ca5c71bde6d6518b87c6c0f38a046dadbd0 Could not find a status for repository ********/environment-rhithm-dev-staging with ref 1d124ca5c71bde6d6518b87c6c0f38a046dadbd0
WARNING: Failed to query the Pull Request last commit status for https://github.com/********/environment-rhithm-dev-staging/pull/5 ref 1d124ca5c71bde6d6518b87c6c0f38a046dadbd0 Could not find a status for repository ********/environment-rhithm-dev-staging with ref 1d124ca5c71bde6d6518b87c6c0f38a046dadbd0
WARNING: Failed to query the Pull Request last commit status for https://github.com/********/environment-rhithm-dev-staging/pull/5 ref 1d124ca5c71bde6d6518b87c6c0f38a046dadbd0 Could not find a status for repository ********/environment-rhithm-dev-staging with ref 1d124ca5c71bde6d6518b87c6c0f38a046dadbd0
WARNING: Failed to query the Pull Request last commit status for https://github.com/********/environment-rhithm-dev-staging/pull/5 ref 1d124ca5c71bde6d6518b87c6c0f38a046dadbd0 Could not find a status for repository ********/environment-rhithm-dev-staging with ref 1d124ca5c71bde6d6518b87c6c0f38a046dadbd0
WARNING: Failed to query the Pull Request last commit status for https://github.com/********/environment-rhithm-dev-staging/pull/5 ref 1d124ca5c71bde6d6518b87c6c0f38a046dadbd0 Could not find a status for repository ********/environment-rhithm-dev-staging with ref 1d124ca5c71bde6d6518b87c6c0f38a046dadbd0
WARNING: Failed to query the Pull Request last commit status for https://github.com/********/environment-rhithm-dev-staging/pull/5 ref 1d124ca5c71bde6d6518b87c6c0f38a046dadbd0 Could not find a status for repository ********/environment-rhithm-dev-staging with ref 1d124ca5c71bde6d6518b87c6c0f38a046dadbd0
WARNING: Failed to query the Pull Request last commit status for https://github.com/********/environment-rhithm-dev-staging/pull/5 ref 1d124ca5c71bde6d6518b87c6c0f38a046dadbd0 Could not find a status for repository ********/environment-rhithm-dev-staging with ref 1d124ca5c71bde6d6518b87c6c0f38a046dadbd0
WARNING: Failed to query the Pull Request last commit status for https://github.com/********/environment-rhithm-dev-staging/pull/5 ref 1d124ca5c71bde6d6518b87c6c0f38a046dadbd0 Could not find a status for repository ********/environment-rhithm-dev-staging with ref 1d124ca5c71bde6d6518b87c6c0f38a046dadbd0
WARNING: Failed to query the Pull Request last commit status for https://github.com/********/environment-rhithm-dev-staging/pull/5 ref 1d124ca5c71bde6d6518b87c6c0f38a046dadbd0 Could not find a status for repository ********/environment-rhithm-dev-staging with ref 1d124ca5c71bde6d6518b87c6c0f38a046dadbd0
WARNING: Failed to query the Pull Request last commit status for https://github.com/********/environment-rhithm-dev-staging/pull/5 ref 1d124ca5c71bde6d6518b87c6c0f38a046dadbd0 Could not find a status for repository ********/environment-rhithm-dev-staging with ref 1d124ca5c71bde6d6518b87c6c0f38a046dadbd0
WARNING: Failed to query the Pull Request last commit status for https://github.com/********/environment-rhithm-dev-staging/pull/5 ref 1d124ca5c71bde6d6518b87c6c0f38a046dadbd0 Could not find a status for repository ********/environment-rhithm-dev-staging with ref 1d124ca5c71bde6d6518b87c6c0f38a046dadbd0
WARNING: Failed to query the Pull Request last commit status for https://github.com/********/environment-rhithm-dev-staging/pull/5 ref 1d124ca5c71bde6d6518b87c6c0f38a046dadbd0 Could not find a status for repository ********/environment-rhithm-dev-staging with ref 1d124ca5c71bde6d6518b87c6c0f38a046dadbd0
WARNING: Failed to query the Pull Request last commit status for https://github.com/********/environment-rhithm-dev-staging/pull/5 ref 1d124ca5c71bde6d6518b87c6c0f38a046dadbd0 Could not find a status for repository ********/environment-rhithm-dev-staging with ref 1d124ca5c71bde6d6518b87c6c0f38a046dadbd0
WARNING: Failed to query the Pull Request last commit status for https://github.com/********/environment-rhithm-dev-staging/pull/5 ref 1d124ca5c71bde6d6518b87c6c0f38a046dadbd0 Could not find a status for repository ********/environment-rhithm-dev-staging with ref 1d124ca5c71bde6d6518b87c6c0f38a046dadbd0
WARNING: Failed to query the Pull Request last commit status for https://github.com/********/environment-rhithm-dev-staging/pull/5 ref 1d124ca5c71bde6d6518b87c6c0f38a046dadbd0 Could not find a status for repository ********/environment-rhithm-dev-staging with ref 1d124ca5c71bde6d6518b87c6c0f38a046dadbd0
WARNING: Failed to query the Pull Request last commit status for https://github.com/********/environment-rhithm-dev-staging/pull/5 ref 1d124ca5c71bde6d6518b87c6c0f38a046dadbd0 Could not find a status for repository ********/environment-rhithm-dev-staging with ref 1d124ca5c71bde6d6518b87c6c0f38a046dadbd0
WARNING: Failed to query the Pull Request last commit status for https://github.com/********/environment-rhithm-dev-staging/pull/5 ref 1d124ca5c71bde6d6518b87c6c0f38a046dadbd0 Could not find a status for repository ********/environment-rhithm-dev-staging with ref 1d124ca5c71bde6d6518b87c6c0f38a046dadbd0
WARNING: Failed to query the Pull Request last commit status for https://github.com/********/environment-rhithm-dev-staging/pull/5 ref 1d124ca5c71bde6d6518b87c6c0f38a046dadbd0 Could not find a status for repository ********/environment-rhithm-dev-staging with ref 1d124ca5c71bde6d6518b87c6c0f38a046dadbd0
WARNING: Failed to query the Pull Request last commit status for https://github.com/********/environment-rhithm-dev-staging/pull/5 ref 1d124ca5c71bde6d6518b87c6c0f38a046dadbd0 Could not find a status for repository ********/environment-rhithm-dev-staging with ref 1d124ca5c71bde6d6518b87c6c0f38a046dadbd0
WARNING: Failed to query the Pull Request last commit status for https://github.com/********/environment-rhithm-dev-staging/pull/5 ref 1d124ca5c71bde6d6518b87c6c0f38a046dadbd0 Could not find a status for repository ********/environment-rhithm-dev-staging with ref 1d124ca5c71bde6d6518b87c6c0f38a046dadbd0
WARNING: Failed to query the Pull Request last commit status for https://github.com/********/environment-rhithm-dev-staging/pull/5 ref 1d124ca5c71bde6d6518b87c6c0f38a046dadbd0 Could not find a status for repository ********/environment-rhithm-dev-staging with ref 1d124ca5c71bde6d6518b87c6c0f38a046dadbd0
WARNING: Failed to query the Pull Request last commit status for https://github.com/********/environment-rhithm-dev-staging/pull/5 ref 1d124ca5c71bde6d6518b87c6c0f38a046dadbd0 Could not find a status for repository ********/environment-rhithm-dev-staging with ref 1d124ca5c71bde6d6518b87c6c0f38a046dadbd0
WARNING: Failed to query the Pull Request last commit status for https://github.com/********/environment-rhithm-dev-staging/pull/5 ref 1d124ca5c71bde6d6518b87c6c0f38a046dadbd0 Could not find a status for repository ********/environment-rhithm-dev-staging with ref 1d124ca5c71bde6d6518b87c6c0f38a046dadbd0
WARNING: Failed to query the Pull Request last commit status for https://github.com/********/environment-rhithm-dev-staging/pull/5 ref 1d124ca5c71bde6d6518b87c6c0f38a046dadbd0 Could not find a status for repository ********/environment-rhithm-dev-staging with ref 1d124ca5c71bde6d6518b87c6c0f38a046dadbd0
WARNING: Failed to query the Pull Request last commit status for https://github.com/********/environment-rhithm-dev-staging/pull/5 ref 1d124ca5c71bde6d6518b87c6c0f38a046dadbd0 Could not find a status for repository ********/environment-rhithm-dev-staging with ref 1d124ca5c71bde6d6518b87c6c0f38a046dadbd0
WARNING: Failed to query the Pull Request last commit status for https://github.com/********/environment-rhithm-dev-staging/pull/5 ref 1d124ca5c71bde6d6518b87c6c0f38a046dadbd0 Could not find a status for repository ********/environment-rhithm-dev-staging with ref 1d124ca5c71bde6d6518b87c6c0f38a046dadbd0
WARNING: Failed to query the Pull Request last commit status for https://github.com/********/environment-rhithm-dev-staging/pull/5 ref 1d124ca5c71bde6d6518b87c6c0f38a046dadbd0 Could not find a status for repository ********/environment-rhithm-dev-staging with ref 1d124ca5c71bde6d6518b87c6c0f38a046dadbd0
WARNING: Failed to query the Pull Request last commit status for https://github.com/********/environment-rhithm-dev-staging/pull/5 ref 1d124ca5c71bde6d6518b87c6c0f38a046dadbd0 Could not find a status for repository ********/environment-rhithm-dev-staging with ref 1d124ca5c71bde6d6518b87c6c0f38a046dadbd0
WARNING: Failed to query the Pull Request last commit status for https://github.com/********/environment-rhithm-dev-staging/pull/5 ref 1d124ca5c71bde6d6518b87c6c0f38a046dadbd0 Could not find a status for repository ********/environment-rhithm-dev-staging with ref 1d124ca5c71bde6d6518b87c6c0f38a046dadbd0
WARNING: Failed to query the Pull Request last commit status for https://github.com/********/environment-rhithm-dev-staging/pull/5 ref 1d124ca5c71bde6d6518b87c6c0f38a046dadbd0 Could not find a status for repository ********/environment-rhithm-dev-staging with ref 1d124ca5c71bde6d6518b87c6c0f38a046dadbd0
WARNING: Failed to query the Pull Request last commit status for https://github.com/********/environment-rhithm-dev-staging/pull/5 ref 1d124ca5c71bde6d6518b87c6c0f38a046dadbd0 Could not find a status for repository ********/environment-rhithm-dev-staging with ref 1d124ca5c71bde6d6518b87c6c0f38a046dadbd0
WARNING: Failed to query the Pull Request last commit status for https://github.com/********/environment-rhithm-dev-staging/pull/5 ref 1d124ca5c71bde6d6518b87c6c0f38a046dadbd0 Could not find a status for repository ********/environment-rhithm-dev-staging with ref 1d124ca5c71bde6d6518b87c6c0f38a046dadbd0
WARNING: Failed to query the Pull Request last commit status for https://github.com/********/environment-rhithm-dev-staging/pull/5 ref 1d124ca5c71bde6d6518b87c6c0f38a046dadbd0 Could not find a status for repository ********/environment-rhithm-dev-staging with ref 1d124ca5c71bde6d6518b87c6c0f38a046dadbd0
WARNING: Failed to query the Pull Request last commit status for https://github.com/********/environment-rhithm-dev-staging/pull/5 ref 1d124ca5c71bde6d6518b87c6c0f38a046dadbd0 Could not find a status for repository ********/environment-rhithm-dev-staging with ref 1d124ca5c71bde6d6518b87c6c0f38a046dadbd0
WARNING: Failed to query the Pull Request last commit status for https://github.com/********/environment-rhithm-dev-staging/pull/5 ref 1d124ca5c71bde6d6518b87c6c0f38a046dadbd0 Could not find a status for repository ********/environment-rhithm-dev-staging with ref 1d124ca5c71bde6d6518b87c6c0f38a046dadbd0
WARNING: Failed to query the Pull Request last commit status for https://github.com/********/environment-rhithm-dev-staging/pull/5 ref 1d124ca5c71bde6d6518b87c6c0f38a046dadbd0 Could not find a status for repository ********/environment-rhithm-dev-staging with ref 1d124ca5c71bde6d6518b87c6c0f38a046dadbd0
WARNING: Failed to query the Pull Request last commit status for https://github.com/********/environment-rhithm-dev-staging/pull/5 ref 1d124ca5c71bde6d6518b87c6c0f38a046dadbd0 Could not find a status for repository ********/environment-rhithm-dev-staging with ref 1d124ca5c71bde6d6518b87c6c0f38a046dadbd0
WARNING: Failed to query the Pull Request last commit status for https://github.com/********/environment-rhithm-dev-staging/pull/5 ref 1d124ca5c71bde6d6518b87c6c0f38a046dadbd0 Could not find a status for repository ********/environment-rhithm-dev-staging with ref 1d124ca5c71bde6d6518b87c6c0f38a046dadbd0
WARNING: Failed to query the Pull Request last commit status for https://github.com/********/environment-rhithm-dev-staging/pull/5 ref 1d124ca5c71bde6d6518b87c6c0f38a046dadbd0 Could not find a status for repository ********/environment-rhithm-dev-staging with ref 1d124ca5c71bde6d6518b87c6c0f38a046dadbd0
WARNING: Failed to query the Pull Request last commit status for https://github.com/********/environment-rhithm-dev-staging/pull/5 ref 1d124ca5c71bde6d6518b87c6c0f38a046dadbd0 Could not find a status for repository ********/environment-rhithm-dev-staging with ref 1d124ca5c71bde6d6518b87c6c0f38a046dadbd0
WARNING: Failed to query the Pull Request last commit status for https://github.com/********/environment-rhithm-dev-staging/pull/5 ref 1d124ca5c71bde6d6518b87c6c0f38a046dadbd0 Could not find a status for repository ********/environment-rhithm-dev-staging with ref 1d124ca5c71bde6d6518b87c6c0f38a046dadbd0
WARNING: Failed to query the Pull Request last commit status for https://github.com/********/environment-rhithm-dev-staging/pull/5 ref 1d124ca5c71bde6d6518b87c6c0f38a046dadbd0 Could not find a status for repository ********/environment-rhithm-dev-staging with ref 1d124ca5c71bde6d6518b87c6c0f38a046dadbd0
WARNING: Failed to query the Pull Request last commit status for https://github.com/********/environment-rhithm-dev-staging/pull/5 ref 1d124ca5c71bde6d6518b87c6c0f38a046dadbd0 Could not find a status for repository ********/environment-rhithm-dev-staging with ref 1d124ca5c71bde6d6518b87c6c0f38a046dadbd0
WARNING: Failed to query the Pull Request last commit status for https://github.com/********/environment-rhithm-dev-staging/pull/5 ref 1d124ca5c71bde6d6518b87c6c0f38a046dadbd0 Could not find a status for repository ********/environment-rhithm-dev-staging with ref 1d124ca5c71bde6d6518b87c6c0f38a046dadbd0
WARNING: Failed to query the Pull Request last commit status for https://github.com/********/environment-rhithm-dev-staging/pull/5 ref 1d124ca5c71bde6d6518b87c6c0f38a046dadbd0 Could not find a status for repository ********/environment-rhithm-dev-staging with ref 1d124ca5c71bde6d6518b87c6c0f38a046dadbd0
WARNING: Failed to query the Pull Request last commit status for https://github.com/********/environment-rhithm-dev-staging/pull/5 ref 1d124ca5c71bde6d6518b87c6c0f38a046dadbd0 Could not find a status for repository ********/environment-rhithm-dev-staging with ref 1d124ca5c71bde6d6518b87c6c0f38a046dadbd0
WARNING: Failed to query the Pull Request last commit status for https://github.com/********/environment-rhithm-dev-staging/pull/5 ref 1d124ca5c71bde6d6518b87c6c0f38a046dadbd0 Could not find a status for repository ********/environment-rhithm-dev-staging with ref 1d124ca5c71bde6d6518b87c6c0f38a046dadbd0
WARNING: Failed to query the Pull Request last commit status for https://github.com/********/environment-rhithm-dev-staging/pull/5 ref 1d124ca5c71bde6d6518b87c6c0f38a046dadbd0 Could not find a status for repository ********/environment-rhithm-dev-staging with ref 1d124ca5c71bde6d6518b87c6c0f38a046dadbd0
error: Timed out waiting for pull request https://github.com/********/environment-rhithm-dev-staging/pull/5 to merge. Waited 1h0m0s
[31m
Pipeline failed on stage 'from-build-pack' : container 'step-promote-jx-promote'. The execution of the pipeline has stopped.[0m
