
Showing logs for build [32mpolasekr-go-http-master-wgmdk-39[0m stage [32mfrom-build-pack[0m and container [32mstep-credential-initializer-hpxqr[0m
{"level":"warn","ts":1585339082.8273437,"logger":"fallback-logger","caller":"logging/config.go:69","msg":"Fetch GitHub commit ID from kodata failed: \"ref: refs/heads/0.8.0-**-support-backwards-incompats\" is not a valid GitHub commit ID"}
{"level":"info","ts":1585339082.8278408,"logger":"fallback-logger","caller":"creds-init/main.go:40","msg":"Credentials initialized."}

Showing logs for build [32mpolasekr-go-http-master-wgmdk-39[0m stage [32mfrom-build-pack[0m and container [32mstep-working-dir-initializer-n6fb8[0m
{"level":"warn","ts":1585339083.799981,"logger":"fallback-logger","caller":"logging/config.go:69","msg":"Fetch GitHub commit ID from kodata failed: open /var/run/ko/HEAD: no such file or directory"}
{"level":"info","ts":1585339083.801671,"logger":"fallback-logger","caller":"bash/main.go:64","msg":"Successfully executed command \"sh -c mkdir -p /workspace/source\"; output "}

Showing logs for build [32mpolasekr-go-http-master-wgmdk-39[0m stage [32mfrom-build-pack[0m and container [32mstep-place-tools[0m

Showing logs for build [32mpolasekr-go-http-master-wgmdk-39[0m stage [32mfrom-build-pack[0m and container [32mstep-git-source-polasekr-go-http-master-wgmdk-bt5j2[0m
{"level":"warn","ts":1585339089.8710332,"logger":"fallback-logger","caller":"logging/config.go:69","msg":"Fetch GitHub commit ID from kodata failed: \"ref: refs/heads/0.8.0-**-support-backwards-incompats\" is not a valid GitHub commit ID"}
{"level":"info","ts":1585339090.320705,"logger":"fallback-logger","caller":"git/git.go:103","msg":"Successfully cloned https://github.com/********/go-http.git @ v0.0.49 in path /workspace/source"}

Showing logs for build [32mpolasekr-go-http-master-wgmdk-39[0m stage [32mfrom-build-pack[0m and container [32mstep-git-merge[0m
Using SHAs from PULL_REFS=master:3206dd32f1537415db329ffa1c6b694c7808852d
WARNING: no SHAs to merge, falling back to initial cloned commit

Showing logs for build [32mpolasekr-go-http-master-wgmdk-39[0m stage [32mfrom-build-pack[0m and container [32mstep-setup-jx-git-credentials[0m
failed to get helm version: failed to run 'helm version --short' command in directory '', output: 'Client: v2.14.3+g0e7f3b6
Error: could not find tiller'
old helm binary on the PATH so replacing with helm 3
Generated Git credentials file /workspace/xdg_config/git/credentials

Showing logs for build [32mpolasekr-go-http-master-wgmdk-39[0m stage [32mfrom-build-pack[0m and container [32mstep-build-make-build[0m
CGO_ENABLED=0 GO15VENDOREXPERIMENT=1 go build -ldflags '' -o bin/go-http main.go

Showing logs for build [32mpolasekr-go-http-master-wgmdk-39[0m stage [32mfrom-build-pack[0m and container [32mstep-build-container-build[0m
[36mINFO[0m[0000] No base image, nothing to extract            
[36mINFO[0m[0000] cmd: EXPOSE                                  
[36mINFO[0m[0000] Adding exposed port: 8080/tcp                
[36mINFO[0m[0000] Using files from context: [/workspace/source/bin] 
[36mINFO[0m[0000] Skipping unpacking as no commands require it. 
[36mINFO[0m[0000] Taking snapshot of full filesystem...        
[36mINFO[0m[0000] EXPOSE 8080                                  
[36mINFO[0m[0000] cmd: EXPOSE                                  
[36mINFO[0m[0000] Adding exposed port: 8080/tcp                
[36mINFO[0m[0000] No files changed in this command, skipping snapshotting. 
[36mINFO[0m[0000] ENTRYPOINT ["/go-http"]                      
[36mINFO[0m[0000] No files changed in this command, skipping snapshotting. 
[36mINFO[0m[0000] Using files from context: [/workspace/source/bin] 
[36mINFO[0m[0000] COPY ./bin/ /                                
[36mINFO[0m[0000] Taking snapshot of files...                  
2020/03/27 19:58:22 pushed blob: sha256:9e4595cda68a18df452769a7fd1c70b26670f695b2eb6b5a65b569e21f490312
2020/03/27 19:58:23 pushed blob: sha256:07be8361e80b15ff0b9e264b269ea2b130e629ca2aed0e6220ca8cf9052f62cb
2020/03/27 19:58:23 index.docker.io/rhithmapp/go-http:0.0.49: digest: sha256:15509afaa00aff57816941acbc7b0fa1021e2e18b805ef47208e1e64ddc7c882 size: 428

Showing logs for build [32mpolasekr-go-http-master-wgmdk-39[0m stage [32mfrom-build-pack[0m and container [32mstep-build-post-build[0m
no CVE provider running in the current ** namespace so skip adding image to be analysed

Showing logs for build [32mpolasekr-go-http-master-wgmdk-39[0m stage [32mfrom-build-pack[0m and container [32mstep-promote-changelog[0m
Converted /workspace/source/charts/go-http to an unshallow repository
Generating change log from git ref dda88a667ee646b9472fa5f4d90fb61ee155452d => 11c15fd88f74f20827f7f13ae369a461779a98f7
WARNING: No release found for ********/go-http and tag v0.0.49 so creating a new release
Updated the release information at https://github.com/********/go-http/releases/tag/v0.0.49
generated: /workspace/source/charts/go-http/templates/release.yaml
Created Release go-http-0-0-49 resource in namespace **
Updating PipelineActivity ********-go-http-master-39 with version 0.0.49
Updated PipelineActivities ********-go-http-master-39 with release notes URL: https://github.com/********/go-http/releases/tag/v0.0.49

Showing logs for build [32mpolasekr-go-http-master-wgmdk-39[0m stage [32mfrom-build-pack[0m and container [32mstep-promote-helm-release[0m
WARNING: No $CHART_REPOSITORY defined so using the default value of: http://jenkins-x-chartmuseum:8080
Adding missing Helm repo: storage.googleapis.com https://storage.googleapis.com/chartmuseum.jenkins-x.io
Successfully added Helm repository storage.googleapis.com.
Adding missing Helm repo: jenkins-x-chartmuseum http://jenkins-x-chartmuseum:8080
Successfully added Helm repository jenkins-x-chartmuseum.
WARNING: No $CHART_REPOSITORY defined so using the default value of: http://jenkins-x-chartmuseum:8080
Uploading chart file go-http-0.0.49.tgz to http://jenkins-x-chartmuseum:8080/api/charts
Received 201 response: {"saved":true}

Showing logs for build [32mpolasekr-go-http-master-wgmdk-39[0m stage [32mfrom-build-pack[0m and container [32mstep-promote-jx-promote[0m
WARNING: prow based install so skip waiting for the merge of Pull Requests to go green as currently there is an issue with gettingstatuses from the PR, see https://github.com/jenkins-x/**/issues/2410
WARNING: No $CHART_REPOSITORY defined so using the default value of: http://jenkins-x-chartmuseum:8080
Promoting app go-http version 0.0.49 to namespace **-staging
WARNING: 
Created Pull Request: https://github.com/********/environment-rhithm-dev-staging/pull/6
Added label updatebot to Pull Request https://github.com/********/environment-rhithm-dev-staging/pull/6
WARNING: Failed to query the Pull Request last commit status for https://github.com/********/environment-rhithm-dev-staging/pull/6 ref 1955e18f7bfc81d77cf17cbdf4e86b2819ebcaf5 Could not find a status for repository ********/environment-rhithm-dev-staging with ref 1955e18f7bfc81d77cf17cbdf4e86b2819ebcaf5
WARNING: Failed to query the Pull Request last commit status for https://github.com/********/environment-rhithm-dev-staging/pull/6 ref 1955e18f7bfc81d77cf17cbdf4e86b2819ebcaf5 Could not find a status for repository ********/environment-rhithm-dev-staging with ref 1955e18f7bfc81d77cf17cbdf4e86b2819ebcaf5
WARNING: Failed to query the Pull Request last commit status for https://github.com/********/environment-rhithm-dev-staging/pull/6 ref 1955e18f7bfc81d77cf17cbdf4e86b2819ebcaf5 Could not find a status for repository ********/environment-rhithm-dev-staging with ref 1955e18f7bfc81d77cf17cbdf4e86b2819ebcaf5
WARNING: Failed to query the Pull Request last commit status for https://github.com/********/environment-rhithm-dev-staging/pull/6 ref 1955e18f7bfc81d77cf17cbdf4e86b2819ebcaf5 Could not find a status for repository ********/environment-rhithm-dev-staging with ref 1955e18f7bfc81d77cf17cbdf4e86b2819ebcaf5
WARNING: Failed to query the Pull Request last commit status for https://github.com/********/environment-rhithm-dev-staging/pull/6 ref 1955e18f7bfc81d77cf17cbdf4e86b2819ebcaf5 Could not find a status for repository ********/environment-rhithm-dev-staging with ref 1955e18f7bfc81d77cf17cbdf4e86b2819ebcaf5
WARNING: Failed to query the Pull Request last commit status for https://github.com/********/environment-rhithm-dev-staging/pull/6 ref 1955e18f7bfc81d77cf17cbdf4e86b2819ebcaf5 Could not find a status for repository ********/environment-rhithm-dev-staging with ref 1955e18f7bfc81d77cf17cbdf4e86b2819ebcaf5
WARNING: Failed to query the Pull Request last commit status for https://github.com/********/environment-rhithm-dev-staging/pull/6 ref 1955e18f7bfc81d77cf17cbdf4e86b2819ebcaf5 Could not find a status for repository ********/environment-rhithm-dev-staging with ref 1955e18f7bfc81d77cf17cbdf4e86b2819ebcaf5
WARNING: Failed to query the Pull Request last commit status for https://github.com/********/environment-rhithm-dev-staging/pull/6 ref 1955e18f7bfc81d77cf17cbdf4e86b2819ebcaf5 Could not find a status for repository ********/environment-rhithm-dev-staging with ref 1955e18f7bfc81d77cf17cbdf4e86b2819ebcaf5
WARNING: Failed to query the Pull Request last commit status for https://github.com/********/environment-rhithm-dev-staging/pull/6 ref 1955e18f7bfc81d77cf17cbdf4e86b2819ebcaf5 Could not find a status for repository ********/environment-rhithm-dev-staging with ref 1955e18f7bfc81d77cf17cbdf4e86b2819ebcaf5
WARNING: Failed to query the Pull Request last commit status for https://github.com/********/environment-rhithm-dev-staging/pull/6 ref 1955e18f7bfc81d77cf17cbdf4e86b2819ebcaf5 Could not find a status for repository ********/environment-rhithm-dev-staging with ref 1955e18f7bfc81d77cf17cbdf4e86b2819ebcaf5
WARNING: Failed to query the Pull Request last commit status for https://github.com/********/environment-rhithm-dev-staging/pull/6 ref 1955e18f7bfc81d77cf17cbdf4e86b2819ebcaf5 Could not find a status for repository ********/environment-rhithm-dev-staging with ref 1955e18f7bfc81d77cf17cbdf4e86b2819ebcaf5
WARNING: Failed to query the Pull Request last commit status for https://github.com/********/environment-rhithm-dev-staging/pull/6 ref 1955e18f7bfc81d77cf17cbdf4e86b2819ebcaf5 Could not find a status for repository ********/environment-rhithm-dev-staging with ref 1955e18f7bfc81d77cf17cbdf4e86b2819ebcaf5
WARNING: Failed to query the Pull Request last commit status for https://github.com/********/environment-rhithm-dev-staging/pull/6 ref 1955e18f7bfc81d77cf17cbdf4e86b2819ebcaf5 Could not find a status for repository ********/environment-rhithm-dev-staging with ref 1955e18f7bfc81d77cf17cbdf4e86b2819ebcaf5
WARNING: Failed to query the Pull Request last commit status for https://github.com/********/environment-rhithm-dev-staging/pull/6 ref 1955e18f7bfc81d77cf17cbdf4e86b2819ebcaf5 Could not find a status for repository ********/environment-rhithm-dev-staging with ref 1955e18f7bfc81d77cf17cbdf4e86b2819ebcaf5
WARNING: Failed to query the Pull Request last commit status for https://github.com/********/environment-rhithm-dev-staging/pull/6 ref 1955e18f7bfc81d77cf17cbdf4e86b2819ebcaf5 Could not find a status for repository ********/environment-rhithm-dev-staging with ref 1955e18f7bfc81d77cf17cbdf4e86b2819ebcaf5
WARNING: Failed to query the Pull Request last commit status for https://github.com/********/environment-rhithm-dev-staging/pull/6 ref 1955e18f7bfc81d77cf17cbdf4e86b2819ebcaf5 Could not find a status for repository ********/environment-rhithm-dev-staging with ref 1955e18f7bfc81d77cf17cbdf4e86b2819ebcaf5
WARNING: Failed to query the Pull Request last commit status for https://github.com/********/environment-rhithm-dev-staging/pull/6 ref 1955e18f7bfc81d77cf17cbdf4e86b2819ebcaf5 Could not find a status for repository ********/environment-rhithm-dev-staging with ref 1955e18f7bfc81d77cf17cbdf4e86b2819ebcaf5
WARNING: Failed to query the Pull Request last commit status for https://github.com/********/environment-rhithm-dev-staging/pull/6 ref 1955e18f7bfc81d77cf17cbdf4e86b2819ebcaf5 Could not find a status for repository ********/environment-rhithm-dev-staging with ref 1955e18f7bfc81d77cf17cbdf4e86b2819ebcaf5
WARNING: Failed to query the Pull Request last commit status for https://github.com/********/environment-rhithm-dev-staging/pull/6 ref 1955e18f7bfc81d77cf17cbdf4e86b2819ebcaf5 Could not find a status for repository ********/environment-rhithm-dev-staging with ref 1955e18f7bfc81d77cf17cbdf4e86b2819ebcaf5
WARNING: Failed to query the Pull Request last commit status for https://github.com/********/environment-rhithm-dev-staging/pull/6 ref 1955e18f7bfc81d77cf17cbdf4e86b2819ebcaf5 Could not find a status for repository ********/environment-rhithm-dev-staging with ref 1955e18f7bfc81d77cf17cbdf4e86b2819ebcaf5
WARNING: Failed to query the Pull Request last commit status for https://github.com/********/environment-rhithm-dev-staging/pull/6 ref 1955e18f7bfc81d77cf17cbdf4e86b2819ebcaf5 Could not find a status for repository ********/environment-rhithm-dev-staging with ref 1955e18f7bfc81d77cf17cbdf4e86b2819ebcaf5
WARNING: Failed to query the Pull Request last commit status for https://github.com/********/environment-rhithm-dev-staging/pull/6 ref 1955e18f7bfc81d77cf17cbdf4e86b2819ebcaf5 Could not find a status for repository ********/environment-rhithm-dev-staging with ref 1955e18f7bfc81d77cf17cbdf4e86b2819ebcaf5
WARNING: Failed to query the Pull Request last commit status for https://github.com/********/environment-rhithm-dev-staging/pull/6 ref 1955e18f7bfc81d77cf17cbdf4e86b2819ebcaf5 Could not find a status for repository ********/environment-rhithm-dev-staging with ref 1955e18f7bfc81d77cf17cbdf4e86b2819ebcaf5
WARNING: Failed to query the Pull Request last commit status for https://github.com/********/environment-rhithm-dev-staging/pull/6 ref 1955e18f7bfc81d77cf17cbdf4e86b2819ebcaf5 Could not find a status for repository ********/environment-rhithm-dev-staging with ref 1955e18f7bfc81d77cf17cbdf4e86b2819ebcaf5
WARNING: Failed to query the Pull Request last commit status for https://github.com/********/environment-rhithm-dev-staging/pull/6 ref 1955e18f7bfc81d77cf17cbdf4e86b2819ebcaf5 Could not find a status for repository ********/environment-rhithm-dev-staging with ref 1955e18f7bfc81d77cf17cbdf4e86b2819ebcaf5
WARNING: Failed to query the Pull Request last commit status for https://github.com/********/environment-rhithm-dev-staging/pull/6 ref 1955e18f7bfc81d77cf17cbdf4e86b2819ebcaf5 Could not find a status for repository ********/environment-rhithm-dev-staging with ref 1955e18f7bfc81d77cf17cbdf4e86b2819ebcaf5
WARNING: Failed to query the Pull Request last commit status for https://github.com/********/environment-rhithm-dev-staging/pull/6 ref 1955e18f7bfc81d77cf17cbdf4e86b2819ebcaf5 Could not find a status for repository ********/environment-rhithm-dev-staging with ref 1955e18f7bfc81d77cf17cbdf4e86b2819ebcaf5
WARNING: Failed to query the Pull Request last commit status for https://github.com/********/environment-rhithm-dev-staging/pull/6 ref 1955e18f7bfc81d77cf17cbdf4e86b2819ebcaf5 Could not find a status for repository ********/environment-rhithm-dev-staging with ref 1955e18f7bfc81d77cf17cbdf4e86b2819ebcaf5
WARNING: Failed to query the Pull Request last commit status for https://github.com/********/environment-rhithm-dev-staging/pull/6 ref 1955e18f7bfc81d77cf17cbdf4e86b2819ebcaf5 Could not find a status for repository ********/environment-rhithm-dev-staging with ref 1955e18f7bfc81d77cf17cbdf4e86b2819ebcaf5
WARNING: Failed to query the Pull Request last commit status for https://github.com/********/environment-rhithm-dev-staging/pull/6 ref 1955e18f7bfc81d77cf17cbdf4e86b2819ebcaf5 Could not find a status for repository ********/environment-rhithm-dev-staging with ref 1955e18f7bfc81d77cf17cbdf4e86b2819ebcaf5
WARNING: Failed to query the Pull Request last commit status for https://github.com/********/environment-rhithm-dev-staging/pull/6 ref 1955e18f7bfc81d77cf17cbdf4e86b2819ebcaf5 Could not find a status for repository ********/environment-rhithm-dev-staging with ref 1955e18f7bfc81d77cf17cbdf4e86b2819ebcaf5
WARNING: Failed to query the Pull Request last commit status for https://github.com/********/environment-rhithm-dev-staging/pull/6 ref 1955e18f7bfc81d77cf17cbdf4e86b2819ebcaf5 Could not find a status for repository ********/environment-rhithm-dev-staging with ref 1955e18f7bfc81d77cf17cbdf4e86b2819ebcaf5
WARNING: Failed to query the Pull Request last commit status for https://github.com/********/environment-rhithm-dev-staging/pull/6 ref 1955e18f7bfc81d77cf17cbdf4e86b2819ebcaf5 Could not find a status for repository ********/environment-rhithm-dev-staging with ref 1955e18f7bfc81d77cf17cbdf4e86b2819ebcaf5
WARNING: Failed to query the Pull Request last commit status for https://github.com/********/environment-rhithm-dev-staging/pull/6 ref 1955e18f7bfc81d77cf17cbdf4e86b2819ebcaf5 Could not find a status for repository ********/environment-rhithm-dev-staging with ref 1955e18f7bfc81d77cf17cbdf4e86b2819ebcaf5
WARNING: Failed to query the Pull Request last commit status for https://github.com/********/environment-rhithm-dev-staging/pull/6 ref 1955e18f7bfc81d77cf17cbdf4e86b2819ebcaf5 Could not find a status for repository ********/environment-rhithm-dev-staging with ref 1955e18f7bfc81d77cf17cbdf4e86b2819ebcaf5
WARNING: Failed to query the Pull Request last commit status for https://github.com/********/environment-rhithm-dev-staging/pull/6 ref 1955e18f7bfc81d77cf17cbdf4e86b2819ebcaf5 Could not find a status for repository ********/environment-rhithm-dev-staging with ref 1955e18f7bfc81d77cf17cbdf4e86b2819ebcaf5
WARNING: Failed to query the Pull Request last commit status for https://github.com/********/environment-rhithm-dev-staging/pull/6 ref 1955e18f7bfc81d77cf17cbdf4e86b2819ebcaf5 Could not find a status for repository ********/environment-rhithm-dev-staging with ref 1955e18f7bfc81d77cf17cbdf4e86b2819ebcaf5
WARNING: Failed to query the Pull Request last commit status for https://github.com/********/environment-rhithm-dev-staging/pull/6 ref 1955e18f7bfc81d77cf17cbdf4e86b2819ebcaf5 Could not find a status for repository ********/environment-rhithm-dev-staging with ref 1955e18f7bfc81d77cf17cbdf4e86b2819ebcaf5
WARNING: Failed to query the Pull Request last commit status for https://github.com/********/environment-rhithm-dev-staging/pull/6 ref 1955e18f7bfc81d77cf17cbdf4e86b2819ebcaf5 Could not find a status for repository ********/environment-rhithm-dev-staging with ref 1955e18f7bfc81d77cf17cbdf4e86b2819ebcaf5
WARNING: Failed to query the Pull Request last commit status for https://github.com/********/environment-rhithm-dev-staging/pull/6 ref 1955e18f7bfc81d77cf17cbdf4e86b2819ebcaf5 Could not find a status for repository ********/environment-rhithm-dev-staging with ref 1955e18f7bfc81d77cf17cbdf4e86b2819ebcaf5
WARNING: Failed to query the Pull Request last commit status for https://github.com/********/environment-rhithm-dev-staging/pull/6 ref 1955e18f7bfc81d77cf17cbdf4e86b2819ebcaf5 Could not find a status for repository ********/environment-rhithm-dev-staging with ref 1955e18f7bfc81d77cf17cbdf4e86b2819ebcaf5
WARNING: Failed to query the Pull Request last commit status for https://github.com/********/environment-rhithm-dev-staging/pull/6 ref 1955e18f7bfc81d77cf17cbdf4e86b2819ebcaf5 Could not find a status for repository ********/environment-rhithm-dev-staging with ref 1955e18f7bfc81d77cf17cbdf4e86b2819ebcaf5
WARNING: Failed to query the Pull Request last commit status for https://github.com/********/environment-rhithm-dev-staging/pull/6 ref 1955e18f7bfc81d77cf17cbdf4e86b2819ebcaf5 Could not find a status for repository ********/environment-rhithm-dev-staging with ref 1955e18f7bfc81d77cf17cbdf4e86b2819ebcaf5
WARNING: Failed to query the Pull Request last commit status for https://github.com/********/environment-rhithm-dev-staging/pull/6 ref 1955e18f7bfc81d77cf17cbdf4e86b2819ebcaf5 Could not find a status for repository ********/environment-rhithm-dev-staging with ref 1955e18f7bfc81d77cf17cbdf4e86b2819ebcaf5
WARNING: Failed to query the Pull Request last commit status for https://github.com/********/environment-rhithm-dev-staging/pull/6 ref 1955e18f7bfc81d77cf17cbdf4e86b2819ebcaf5 Could not find a status for repository ********/environment-rhithm-dev-staging with ref 1955e18f7bfc81d77cf17cbdf4e86b2819ebcaf5
WARNING: Failed to query the Pull Request last commit status for https://github.com/********/environment-rhithm-dev-staging/pull/6 ref 1955e18f7bfc81d77cf17cbdf4e86b2819ebcaf5 Could not find a status for repository ********/environment-rhithm-dev-staging with ref 1955e18f7bfc81d77cf17cbdf4e86b2819ebcaf5
WARNING: Failed to query the Pull Request last commit status for https://github.com/********/environment-rhithm-dev-staging/pull/6 ref 1955e18f7bfc81d77cf17cbdf4e86b2819ebcaf5 Could not find a status for repository ********/environment-rhithm-dev-staging with ref 1955e18f7bfc81d77cf17cbdf4e86b2819ebcaf5
WARNING: Failed to query the Pull Request last commit status for https://github.com/********/environment-rhithm-dev-staging/pull/6 ref 1955e18f7bfc81d77cf17cbdf4e86b2819ebcaf5 Could not find a status for repository ********/environment-rhithm-dev-staging with ref 1955e18f7bfc81d77cf17cbdf4e86b2819ebcaf5
WARNING: Failed to query the Pull Request last commit status for https://github.com/********/environment-rhithm-dev-staging/pull/6 ref 1955e18f7bfc81d77cf17cbdf4e86b2819ebcaf5 Could not find a status for repository ********/environment-rhithm-dev-staging with ref 1955e18f7bfc81d77cf17cbdf4e86b2819ebcaf5
WARNING: Failed to query the Pull Request last commit status for https://github.com/********/environment-rhithm-dev-staging/pull/6 ref 1955e18f7bfc81d77cf17cbdf4e86b2819ebcaf5 Could not find a status for repository ********/environment-rhithm-dev-staging with ref 1955e18f7bfc81d77cf17cbdf4e86b2819ebcaf5
WARNING: Failed to query the Pull Request last commit status for https://github.com/********/environment-rhithm-dev-staging/pull/6 ref 1955e18f7bfc81d77cf17cbdf4e86b2819ebcaf5 Could not find a status for repository ********/environment-rhithm-dev-staging with ref 1955e18f7bfc81d77cf17cbdf4e86b2819ebcaf5
WARNING: Failed to query the Pull Request last commit status for https://github.com/********/environment-rhithm-dev-staging/pull/6 ref 1955e18f7bfc81d77cf17cbdf4e86b2819ebcaf5 Could not find a status for repository ********/environment-rhithm-dev-staging with ref 1955e18f7bfc81d77cf17cbdf4e86b2819ebcaf5
WARNING: Failed to query the Pull Request last commit status for https://github.com/********/environment-rhithm-dev-staging/pull/6 ref 1955e18f7bfc81d77cf17cbdf4e86b2819ebcaf5 Could not find a status for repository ********/environment-rhithm-dev-staging with ref 1955e18f7bfc81d77cf17cbdf4e86b2819ebcaf5
WARNING: Failed to query the Pull Request last commit status for https://github.com/********/environment-rhithm-dev-staging/pull/6 ref 1955e18f7bfc81d77cf17cbdf4e86b2819ebcaf5 Could not find a status for repository ********/environment-rhithm-dev-staging with ref 1955e18f7bfc81d77cf17cbdf4e86b2819ebcaf5
WARNING: Failed to query the Pull Request last commit status for https://github.com/********/environment-rhithm-dev-staging/pull/6 ref 1955e18f7bfc81d77cf17cbdf4e86b2819ebcaf5 Could not find a status for repository ********/environment-rhithm-dev-staging with ref 1955e18f7bfc81d77cf17cbdf4e86b2819ebcaf5
WARNING: Failed to query the Pull Request last commit status for https://github.com/********/environment-rhithm-dev-staging/pull/6 ref 1955e18f7bfc81d77cf17cbdf4e86b2819ebcaf5 Could not find a status for repository ********/environment-rhithm-dev-staging with ref 1955e18f7bfc81d77cf17cbdf4e86b2819ebcaf5
WARNING: Failed to query the Pull Request last commit status for https://github.com/********/environment-rhithm-dev-staging/pull/6 ref 1955e18f7bfc81d77cf17cbdf4e86b2819ebcaf5 Could not find a status for repository ********/environment-rhithm-dev-staging with ref 1955e18f7bfc81d77cf17cbdf4e86b2819ebcaf5
WARNING: Failed to query the Pull Request last commit status for https://github.com/********/environment-rhithm-dev-staging/pull/6 ref 1955e18f7bfc81d77cf17cbdf4e86b2819ebcaf5 Could not find a status for repository ********/environment-rhithm-dev-staging with ref 1955e18f7bfc81d77cf17cbdf4e86b2819ebcaf5
WARNING: Failed to query the Pull Request last commit status for https://github.com/********/environment-rhithm-dev-staging/pull/6 ref 1955e18f7bfc81d77cf17cbdf4e86b2819ebcaf5 Could not find a status for repository ********/environment-rhithm-dev-staging with ref 1955e18f7bfc81d77cf17cbdf4e86b2819ebcaf5
WARNING: Failed to query the Pull Request last commit status for https://github.com/********/environment-rhithm-dev-staging/pull/6 ref 1955e18f7bfc81d77cf17cbdf4e86b2819ebcaf5 Could not find a status for repository ********/environment-rhithm-dev-staging with ref 1955e18f7bfc81d77cf17cbdf4e86b2819ebcaf5
WARNING: Failed to query the Pull Request last commit status for https://github.com/********/environment-rhithm-dev-staging/pull/6 ref 1955e18f7bfc81d77cf17cbdf4e86b2819ebcaf5 Could not find a status for repository ********/environment-rhithm-dev-staging with ref 1955e18f7bfc81d77cf17cbdf4e86b2819ebcaf5
WARNING: Failed to query the Pull Request last commit status for https://github.com/********/environment-rhithm-dev-staging/pull/6 ref 1955e18f7bfc81d77cf17cbdf4e86b2819ebcaf5 Could not find a status for repository ********/environment-rhithm-dev-staging with ref 1955e18f7bfc81d77cf17cbdf4e86b2819ebcaf5
WARNING: Failed to query the Pull Request last commit status for https://github.com/********/environment-rhithm-dev-staging/pull/6 ref 1955e18f7bfc81d77cf17cbdf4e86b2819ebcaf5 Could not find a status for repository ********/environment-rhithm-dev-staging with ref 1955e18f7bfc81d77cf17cbdf4e86b2819ebcaf5
WARNING: Failed to query the Pull Request last commit status for https://github.com/********/environment-rhithm-dev-staging/pull/6 ref 1955e18f7bfc81d77cf17cbdf4e86b2819ebcaf5 Could not find a status for repository ********/environment-rhithm-dev-staging with ref 1955e18f7bfc81d77cf17cbdf4e86b2819ebcaf5
WARNING: Failed to query the Pull Request last commit status for https://github.com/********/environment-rhithm-dev-staging/pull/6 ref 1955e18f7bfc81d77cf17cbdf4e86b2819ebcaf5 Could not find a status for repository ********/environment-rhithm-dev-staging with ref 1955e18f7bfc81d77cf17cbdf4e86b2819ebcaf5
WARNING: Failed to query the Pull Request last commit status for https://github.com/********/environment-rhithm-dev-staging/pull/6 ref 1955e18f7bfc81d77cf17cbdf4e86b2819ebcaf5 Could not find a status for repository ********/environment-rhithm-dev-staging with ref 1955e18f7bfc81d77cf17cbdf4e86b2819ebcaf5
WARNING: Failed to query the Pull Request last commit status for https://github.com/********/environment-rhithm-dev-staging/pull/6 ref 1955e18f7bfc81d77cf17cbdf4e86b2819ebcaf5 Could not find a status for repository ********/environment-rhithm-dev-staging with ref 1955e18f7bfc81d77cf17cbdf4e86b2819ebcaf5
WARNING: Failed to query the Pull Request last commit status for https://github.com/********/environment-rhithm-dev-staging/pull/6 ref 1955e18f7bfc81d77cf17cbdf4e86b2819ebcaf5 Could not find a status for repository ********/environment-rhithm-dev-staging with ref 1955e18f7bfc81d77cf17cbdf4e86b2819ebcaf5
WARNING: Failed to query the Pull Request last commit status for https://github.com/********/environment-rhithm-dev-staging/pull/6 ref 1955e18f7bfc81d77cf17cbdf4e86b2819ebcaf5 Could not find a status for repository ********/environment-rhithm-dev-staging with ref 1955e18f7bfc81d77cf17cbdf4e86b2819ebcaf5
WARNING: Failed to query the Pull Request last commit status for https://github.com/********/environment-rhithm-dev-staging/pull/6 ref 1955e18f7bfc81d77cf17cbdf4e86b2819ebcaf5 Could not find a status for repository ********/environment-rhithm-dev-staging with ref 1955e18f7bfc81d77cf17cbdf4e86b2819ebcaf5
WARNING: Failed to query the Pull Request last commit status for https://github.com/********/environment-rhithm-dev-staging/pull/6 ref 1955e18f7bfc81d77cf17cbdf4e86b2819ebcaf5 Could not find a status for repository ********/environment-rhithm-dev-staging with ref 1955e18f7bfc81d77cf17cbdf4e86b2819ebcaf5
WARNING: Failed to query the Pull Request last commit status for https://github.com/********/environment-rhithm-dev-staging/pull/6 ref 1955e18f7bfc81d77cf17cbdf4e86b2819ebcaf5 Could not find a status for repository ********/environment-rhithm-dev-staging with ref 1955e18f7bfc81d77cf17cbdf4e86b2819ebcaf5
WARNING: Failed to query the Pull Request last commit status for https://github.com/********/environment-rhithm-dev-staging/pull/6 ref 1955e18f7bfc81d77cf17cbdf4e86b2819ebcaf5 Could not find a status for repository ********/environment-rhithm-dev-staging with ref 1955e18f7bfc81d77cf17cbdf4e86b2819ebcaf5
WARNING: Failed to query the Pull Request last commit status for https://github.com/********/environment-rhithm-dev-staging/pull/6 ref 1955e18f7bfc81d77cf17cbdf4e86b2819ebcaf5 Could not find a status for repository ********/environment-rhithm-dev-staging with ref 1955e18f7bfc81d77cf17cbdf4e86b2819ebcaf5
WARNING: Failed to query the Pull Request last commit status for https://github.com/********/environment-rhithm-dev-staging/pull/6 ref 1955e18f7bfc81d77cf17cbdf4e86b2819ebcaf5 Could not find a status for repository ********/environment-rhithm-dev-staging with ref 1955e18f7bfc81d77cf17cbdf4e86b2819ebcaf5
WARNING: Failed to query the Pull Request last commit status for https://github.com/********/environment-rhithm-dev-staging/pull/6 ref 1955e18f7bfc81d77cf17cbdf4e86b2819ebcaf5 Could not find a status for repository ********/environment-rhithm-dev-staging with ref 1955e18f7bfc81d77cf17cbdf4e86b2819ebcaf5
WARNING: Failed to query the Pull Request last commit status for https://github.com/********/environment-rhithm-dev-staging/pull/6 ref 1955e18f7bfc81d77cf17cbdf4e86b2819ebcaf5 Could not find a status for repository ********/environment-rhithm-dev-staging with ref 1955e18f7bfc81d77cf17cbdf4e86b2819ebcaf5
WARNING: Failed to query the Pull Request last commit status for https://github.com/********/environment-rhithm-dev-staging/pull/6 ref 1955e18f7bfc81d77cf17cbdf4e86b2819ebcaf5 Could not find a status for repository ********/environment-rhithm-dev-staging with ref 1955e18f7bfc81d77cf17cbdf4e86b2819ebcaf5
WARNING: Failed to query the Pull Request last commit status for https://github.com/********/environment-rhithm-dev-staging/pull/6 ref 1955e18f7bfc81d77cf17cbdf4e86b2819ebcaf5 Could not find a status for repository ********/environment-rhithm-dev-staging with ref 1955e18f7bfc81d77cf17cbdf4e86b2819ebcaf5
WARNING: Failed to query the Pull Request last commit status for https://github.com/********/environment-rhithm-dev-staging/pull/6 ref 1955e18f7bfc81d77cf17cbdf4e86b2819ebcaf5 Could not find a status for repository ********/environment-rhithm-dev-staging with ref 1955e18f7bfc81d77cf17cbdf4e86b2819ebcaf5
WARNING: Failed to query the Pull Request last commit status for https://github.com/********/environment-rhithm-dev-staging/pull/6 ref 1955e18f7bfc81d77cf17cbdf4e86b2819ebcaf5 Could not find a status for repository ********/environment-rhithm-dev-staging with ref 1955e18f7bfc81d77cf17cbdf4e86b2819ebcaf5
WARNING: Failed to query the Pull Request last commit status for https://github.com/********/environment-rhithm-dev-staging/pull/6 ref 1955e18f7bfc81d77cf17cbdf4e86b2819ebcaf5 Could not find a status for repository ********/environment-rhithm-dev-staging with ref 1955e18f7bfc81d77cf17cbdf4e86b2819ebcaf5
WARNING: Failed to query the Pull Request last commit status for https://github.com/********/environment-rhithm-dev-staging/pull/6 ref 1955e18f7bfc81d77cf17cbdf4e86b2819ebcaf5 Could not find a status for repository ********/environment-rhithm-dev-staging with ref 1955e18f7bfc81d77cf17cbdf4e86b2819ebcaf5
WARNING: Failed to query the Pull Request last commit status for https://github.com/********/environment-rhithm-dev-staging/pull/6 ref 1955e18f7bfc81d77cf17cbdf4e86b2819ebcaf5 Could not find a status for repository ********/environment-rhithm-dev-staging with ref 1955e18f7bfc81d77cf17cbdf4e86b2819ebcaf5
WARNING: Failed to query the Pull Request last commit status for https://github.com/********/environment-rhithm-dev-staging/pull/6 ref 1955e18f7bfc81d77cf17cbdf4e86b2819ebcaf5 Could not find a status for repository ********/environment-rhithm-dev-staging with ref 1955e18f7bfc81d77cf17cbdf4e86b2819ebcaf5
WARNING: Failed to query the Pull Request last commit status for https://github.com/********/environment-rhithm-dev-staging/pull/6 ref 1955e18f7bfc81d77cf17cbdf4e86b2819ebcaf5 Could not find a status for repository ********/environment-rhithm-dev-staging with ref 1955e18f7bfc81d77cf17cbdf4e86b2819ebcaf5
WARNING: Failed to query the Pull Request last commit status for https://github.com/********/environment-rhithm-dev-staging/pull/6 ref 1955e18f7bfc81d77cf17cbdf4e86b2819ebcaf5 Could not find a status for repository ********/environment-rhithm-dev-staging with ref 1955e18f7bfc81d77cf17cbdf4e86b2819ebcaf5
WARNING: Failed to query the Pull Request last commit status for https://github.com/********/environment-rhithm-dev-staging/pull/6 ref 1955e18f7bfc81d77cf17cbdf4e86b2819ebcaf5 Could not find a status for repository ********/environment-rhithm-dev-staging with ref 1955e18f7bfc81d77cf17cbdf4e86b2819ebcaf5
WARNING: Failed to query the Pull Request last commit status for https://github.com/********/environment-rhithm-dev-staging/pull/6 ref 1955e18f7bfc81d77cf17cbdf4e86b2819ebcaf5 Could not find a status for repository ********/environment-rhithm-dev-staging with ref 1955e18f7bfc81d77cf17cbdf4e86b2819ebcaf5
WARNING: Failed to query the Pull Request last commit status for https://github.com/********/environment-rhithm-dev-staging/pull/6 ref 1955e18f7bfc81d77cf17cbdf4e86b2819ebcaf5 Could not find a status for repository ********/environment-rhithm-dev-staging with ref 1955e18f7bfc81d77cf17cbdf4e86b2819ebcaf5
WARNING: Failed to query the Pull Request last commit status for https://github.com/********/environment-rhithm-dev-staging/pull/6 ref 1955e18f7bfc81d77cf17cbdf4e86b2819ebcaf5 Could not find a status for repository ********/environment-rhithm-dev-staging with ref 1955e18f7bfc81d77cf17cbdf4e86b2819ebcaf5
WARNING: Failed to query the Pull Request last commit status for https://github.com/********/environment-rhithm-dev-staging/pull/6 ref 1955e18f7bfc81d77cf17cbdf4e86b2819ebcaf5 Could not find a status for repository ********/environment-rhithm-dev-staging with ref 1955e18f7bfc81d77cf17cbdf4e86b2819ebcaf5
WARNING: Failed to query the Pull Request last commit status for https://github.com/********/environment-rhithm-dev-staging/pull/6 ref 1955e18f7bfc81d77cf17cbdf4e86b2819ebcaf5 Could not find a status for repository ********/environment-rhithm-dev-staging with ref 1955e18f7bfc81d77cf17cbdf4e86b2819ebcaf5
WARNING: Failed to query the Pull Request last commit status for https://github.com/********/environment-rhithm-dev-staging/pull/6 ref 1955e18f7bfc81d77cf17cbdf4e86b2819ebcaf5 Could not find a status for repository ********/environment-rhithm-dev-staging with ref 1955e18f7bfc81d77cf17cbdf4e86b2819ebcaf5
WARNING: Failed to query the Pull Request last commit status for https://github.com/********/environment-rhithm-dev-staging/pull/6 ref 1955e18f7bfc81d77cf17cbdf4e86b2819ebcaf5 Could not find a status for repository ********/environment-rhithm-dev-staging with ref 1955e18f7bfc81d77cf17cbdf4e86b2819ebcaf5
WARNING: Failed to query the Pull Request last commit status for https://github.com/********/environment-rhithm-dev-staging/pull/6 ref 1955e18f7bfc81d77cf17cbdf4e86b2819ebcaf5 Could not find a status for repository ********/environment-rhithm-dev-staging with ref 1955e18f7bfc81d77cf17cbdf4e86b2819ebcaf5
WARNING: Failed to query the Pull Request last commit status for https://github.com/********/environment-rhithm-dev-staging/pull/6 ref 1955e18f7bfc81d77cf17cbdf4e86b2819ebcaf5 Could not find a status for repository ********/environment-rhithm-dev-staging with ref 1955e18f7bfc81d77cf17cbdf4e86b2819ebcaf5
WARNING: Failed to query the Pull Request last commit status for https://github.com/********/environment-rhithm-dev-staging/pull/6 ref 1955e18f7bfc81d77cf17cbdf4e86b2819ebcaf5 Could not find a status for repository ********/environment-rhithm-dev-staging with ref 1955e18f7bfc81d77cf17cbdf4e86b2819ebcaf5
WARNING: Failed to query the Pull Request last commit status for https://github.com/********/environment-rhithm-dev-staging/pull/6 ref 1955e18f7bfc81d77cf17cbdf4e86b2819ebcaf5 Could not find a status for repository ********/environment-rhithm-dev-staging with ref 1955e18f7bfc81d77cf17cbdf4e86b2819ebcaf5
WARNING: Failed to query the Pull Request last commit status for https://github.com/********/environment-rhithm-dev-staging/pull/6 ref 1955e18f7bfc81d77cf17cbdf4e86b2819ebcaf5 Could not find a status for repository ********/environment-rhithm-dev-staging with ref 1955e18f7bfc81d77cf17cbdf4e86b2819ebcaf5
WARNING: Failed to query the Pull Request last commit status for https://github.com/********/environment-rhithm-dev-staging/pull/6 ref 1955e18f7bfc81d77cf17cbdf4e86b2819ebcaf5 Could not find a status for repository ********/environment-rhithm-dev-staging with ref 1955e18f7bfc81d77cf17cbdf4e86b2819ebcaf5
WARNING: Failed to query the Pull Request last commit status for https://github.com/********/environment-rhithm-dev-staging/pull/6 ref 1955e18f7bfc81d77cf17cbdf4e86b2819ebcaf5 Could not find a status for repository ********/environment-rhithm-dev-staging with ref 1955e18f7bfc81d77cf17cbdf4e86b2819ebcaf5
WARNING: Failed to query the Pull Request last commit status for https://github.com/********/environment-rhithm-dev-staging/pull/6 ref 1955e18f7bfc81d77cf17cbdf4e86b2819ebcaf5 Could not find a status for repository ********/environment-rhithm-dev-staging with ref 1955e18f7bfc81d77cf17cbdf4e86b2819ebcaf5
WARNING: Failed to query the Pull Request last commit status for https://github.com/********/environment-rhithm-dev-staging/pull/6 ref 1955e18f7bfc81d77cf17cbdf4e86b2819ebcaf5 Could not find a status for repository ********/environment-rhithm-dev-staging with ref 1955e18f7bfc81d77cf17cbdf4e86b2819ebcaf5
WARNING: Failed to query the Pull Request last commit status for https://github.com/********/environment-rhithm-dev-staging/pull/6 ref 1955e18f7bfc81d77cf17cbdf4e86b2819ebcaf5 Could not find a status for repository ********/environment-rhithm-dev-staging with ref 1955e18f7bfc81d77cf17cbdf4e86b2819ebcaf5
WARNING: Failed to query the Pull Request last commit status for https://github.com/********/environment-rhithm-dev-staging/pull/6 ref 1955e18f7bfc81d77cf17cbdf4e86b2819ebcaf5 Could not find a status for repository ********/environment-rhithm-dev-staging with ref 1955e18f7bfc81d77cf17cbdf4e86b2819ebcaf5
WARNING: Failed to query the Pull Request last commit status for https://github.com/********/environment-rhithm-dev-staging/pull/6 ref 1955e18f7bfc81d77cf17cbdf4e86b2819ebcaf5 Could not find a status for repository ********/environment-rhithm-dev-staging with ref 1955e18f7bfc81d77cf17cbdf4e86b2819ebcaf5
WARNING: Failed to query the Pull Request last commit status for https://github.com/********/environment-rhithm-dev-staging/pull/6 ref 1955e18f7bfc81d77cf17cbdf4e86b2819ebcaf5 Could not find a status for repository ********/environment-rhithm-dev-staging with ref 1955e18f7bfc81d77cf17cbdf4e86b2819ebcaf5
WARNING: Failed to query the Pull Request last commit status for https://github.com/********/environment-rhithm-dev-staging/pull/6 ref 1955e18f7bfc81d77cf17cbdf4e86b2819ebcaf5 Could not find a status for repository ********/environment-rhithm-dev-staging with ref 1955e18f7bfc81d77cf17cbdf4e86b2819ebcaf5
WARNING: Failed to query the Pull Request last commit status for https://github.com/********/environment-rhithm-dev-staging/pull/6 ref 1955e18f7bfc81d77cf17cbdf4e86b2819ebcaf5 Could not find a status for repository ********/environment-rhithm-dev-staging with ref 1955e18f7bfc81d77cf17cbdf4e86b2819ebcaf5
WARNING: Failed to query the Pull Request last commit status for https://github.com/********/environment-rhithm-dev-staging/pull/6 ref 1955e18f7bfc81d77cf17cbdf4e86b2819ebcaf5 Could not find a status for repository ********/environment-rhithm-dev-staging with ref 1955e18f7bfc81d77cf17cbdf4e86b2819ebcaf5
WARNING: Failed to query the Pull Request last commit status for https://github.com/********/environment-rhithm-dev-staging/pull/6 ref 1955e18f7bfc81d77cf17cbdf4e86b2819ebcaf5 Could not find a status for repository ********/environment-rhithm-dev-staging with ref 1955e18f7bfc81d77cf17cbdf4e86b2819ebcaf5
WARNING: Failed to query the Pull Request last commit status for https://github.com/********/environment-rhithm-dev-staging/pull/6 ref 1955e18f7bfc81d77cf17cbdf4e86b2819ebcaf5 Could not find a status for repository ********/environment-rhithm-dev-staging with ref 1955e18f7bfc81d77cf17cbdf4e86b2819ebcaf5
WARNING: Failed to query the Pull Request last commit status for https://github.com/********/environment-rhithm-dev-staging/pull/6 ref 1955e18f7bfc81d77cf17cbdf4e86b2819ebcaf5 Could not find a status for repository ********/environment-rhithm-dev-staging with ref 1955e18f7bfc81d77cf17cbdf4e86b2819ebcaf5
WARNING: Failed to query the Pull Request last commit status for https://github.com/********/environment-rhithm-dev-staging/pull/6 ref 1955e18f7bfc81d77cf17cbdf4e86b2819ebcaf5 Could not find a status for repository ********/environment-rhithm-dev-staging with ref 1955e18f7bfc81d77cf17cbdf4e86b2819ebcaf5
WARNING: Failed to query the Pull Request last commit status for https://github.com/********/environment-rhithm-dev-staging/pull/6 ref 1955e18f7bfc81d77cf17cbdf4e86b2819ebcaf5 Could not find a status for repository ********/environment-rhithm-dev-staging with ref 1955e18f7bfc81d77cf17cbdf4e86b2819ebcaf5
WARNING: Failed to query the Pull Request last commit status for https://github.com/********/environment-rhithm-dev-staging/pull/6 ref 1955e18f7bfc81d77cf17cbdf4e86b2819ebcaf5 Could not find a status for repository ********/environment-rhithm-dev-staging with ref 1955e18f7bfc81d77cf17cbdf4e86b2819ebcaf5
WARNING: Failed to query the Pull Request last commit status for https://github.com/********/environment-rhithm-dev-staging/pull/6 ref 1955e18f7bfc81d77cf17cbdf4e86b2819ebcaf5 Could not find a status for repository ********/environment-rhithm-dev-staging with ref 1955e18f7bfc81d77cf17cbdf4e86b2819ebcaf5
WARNING: Failed to query the Pull Request last commit status for https://github.com/********/environment-rhithm-dev-staging/pull/6 ref 1955e18f7bfc81d77cf17cbdf4e86b2819ebcaf5 Could not find a status for repository ********/environment-rhithm-dev-staging with ref 1955e18f7bfc81d77cf17cbdf4e86b2819ebcaf5
WARNING: Failed to query the Pull Request last commit status for https://github.com/********/environment-rhithm-dev-staging/pull/6 ref 1955e18f7bfc81d77cf17cbdf4e86b2819ebcaf5 Could not find a status for repository ********/environment-rhithm-dev-staging with ref 1955e18f7bfc81d77cf17cbdf4e86b2819ebcaf5
WARNING: Failed to query the Pull Request last commit status for https://github.com/********/environment-rhithm-dev-staging/pull/6 ref 1955e18f7bfc81d77cf17cbdf4e86b2819ebcaf5 Could not find a status for repository ********/environment-rhithm-dev-staging with ref 1955e18f7bfc81d77cf17cbdf4e86b2819ebcaf5
WARNING: Failed to query the Pull Request last commit status for https://github.com/********/environment-rhithm-dev-staging/pull/6 ref 1955e18f7bfc81d77cf17cbdf4e86b2819ebcaf5 Could not find a status for repository ********/environment-rhithm-dev-staging with ref 1955e18f7bfc81d77cf17cbdf4e86b2819ebcaf5
WARNING: Failed to query the Pull Request last commit status for https://github.com/********/environment-rhithm-dev-staging/pull/6 ref 1955e18f7bfc81d77cf17cbdf4e86b2819ebcaf5 Could not find a status for repository ********/environment-rhithm-dev-staging with ref 1955e18f7bfc81d77cf17cbdf4e86b2819ebcaf5
WARNING: Failed to query the Pull Request last commit status for https://github.com/********/environment-rhithm-dev-staging/pull/6 ref 1955e18f7bfc81d77cf17cbdf4e86b2819ebcaf5 Could not find a status for repository ********/environment-rhithm-dev-staging with ref 1955e18f7bfc81d77cf17cbdf4e86b2819ebcaf5
WARNING: Failed to query the Pull Request last commit status for https://github.com/********/environment-rhithm-dev-staging/pull/6 ref 1955e18f7bfc81d77cf17cbdf4e86b2819ebcaf5 Could not find a status for repository ********/environment-rhithm-dev-staging with ref 1955e18f7bfc81d77cf17cbdf4e86b2819ebcaf5
WARNING: Failed to query the Pull Request last commit status for https://github.com/********/environment-rhithm-dev-staging/pull/6 ref 1955e18f7bfc81d77cf17cbdf4e86b2819ebcaf5 Could not find a status for repository ********/environment-rhithm-dev-staging with ref 1955e18f7bfc81d77cf17cbdf4e86b2819ebcaf5
WARNING: Failed to query the Pull Request last commit status for https://github.com/********/environment-rhithm-dev-staging/pull/6 ref 1955e18f7bfc81d77cf17cbdf4e86b2819ebcaf5 Could not find a status for repository ********/environment-rhithm-dev-staging with ref 1955e18f7bfc81d77cf17cbdf4e86b2819ebcaf5
WARNING: Failed to query the Pull Request last commit status for https://github.com/********/environment-rhithm-dev-staging/pull/6 ref 1955e18f7bfc81d77cf17cbdf4e86b2819ebcaf5 Could not find a status for repository ********/environment-rhithm-dev-staging with ref 1955e18f7bfc81d77cf17cbdf4e86b2819ebcaf5
WARNING: Failed to query the Pull Request last commit status for https://github.com/********/environment-rhithm-dev-staging/pull/6 ref 1955e18f7bfc81d77cf17cbdf4e86b2819ebcaf5 Could not find a status for repository ********/environment-rhithm-dev-staging with ref 1955e18f7bfc81d77cf17cbdf4e86b2819ebcaf5
WARNING: Failed to query the Pull Request last commit status for https://github.com/********/environment-rhithm-dev-staging/pull/6 ref 1955e18f7bfc81d77cf17cbdf4e86b2819ebcaf5 Could not find a status for repository ********/environment-rhithm-dev-staging with ref 1955e18f7bfc81d77cf17cbdf4e86b2819ebcaf5
WARNING: Failed to query the Pull Request last commit status for https://github.com/********/environment-rhithm-dev-staging/pull/6 ref 1955e18f7bfc81d77cf17cbdf4e86b2819ebcaf5 Could not find a status for repository ********/environment-rhithm-dev-staging with ref 1955e18f7bfc81d77cf17cbdf4e86b2819ebcaf5
WARNING: Failed to query the Pull Request last commit status for https://github.com/********/environment-rhithm-dev-staging/pull/6 ref 1955e18f7bfc81d77cf17cbdf4e86b2819ebcaf5 Could not find a status for repository ********/environment-rhithm-dev-staging with ref 1955e18f7bfc81d77cf17cbdf4e86b2819ebcaf5
WARNING: Failed to query the Pull Request last commit status for https://github.com/********/environment-rhithm-dev-staging/pull/6 ref 1955e18f7bfc81d77cf17cbdf4e86b2819ebcaf5 Could not find a status for repository ********/environment-rhithm-dev-staging with ref 1955e18f7bfc81d77cf17cbdf4e86b2819ebcaf5
WARNING: Failed to query the Pull Request last commit status for https://github.com/********/environment-rhithm-dev-staging/pull/6 ref 1955e18f7bfc81d77cf17cbdf4e86b2819ebcaf5 Could not find a status for repository ********/environment-rhithm-dev-staging with ref 1955e18f7bfc81d77cf17cbdf4e86b2819ebcaf5
WARNING: Failed to query the Pull Request last commit status for https://github.com/********/environment-rhithm-dev-staging/pull/6 ref 1955e18f7bfc81d77cf17cbdf4e86b2819ebcaf5 Could not find a status for repository ********/environment-rhithm-dev-staging with ref 1955e18f7bfc81d77cf17cbdf4e86b2819ebcaf5
WARNING: Failed to query the Pull Request last commit status for https://github.com/********/environment-rhithm-dev-staging/pull/6 ref 1955e18f7bfc81d77cf17cbdf4e86b2819ebcaf5 Could not find a status for repository ********/environment-rhithm-dev-staging with ref 1955e18f7bfc81d77cf17cbdf4e86b2819ebcaf5
WARNING: Failed to query the Pull Request last commit status for https://github.com/********/environment-rhithm-dev-staging/pull/6 ref 1955e18f7bfc81d77cf17cbdf4e86b2819ebcaf5 Could not find a status for repository ********/environment-rhithm-dev-staging with ref 1955e18f7bfc81d77cf17cbdf4e86b2819ebcaf5
WARNING: Failed to query the Pull Request last commit status for https://github.com/********/environment-rhithm-dev-staging/pull/6 ref 1955e18f7bfc81d77cf17cbdf4e86b2819ebcaf5 Could not find a status for repository ********/environment-rhithm-dev-staging with ref 1955e18f7bfc81d77cf17cbdf4e86b2819ebcaf5
WARNING: Failed to query the Pull Request last commit status for https://github.com/********/environment-rhithm-dev-staging/pull/6 ref 1955e18f7bfc81d77cf17cbdf4e86b2819ebcaf5 Could not find a status for repository ********/environment-rhithm-dev-staging with ref 1955e18f7bfc81d77cf17cbdf4e86b2819ebcaf5
WARNING: Failed to query the Pull Request last commit status for https://github.com/********/environment-rhithm-dev-staging/pull/6 ref 1955e18f7bfc81d77cf17cbdf4e86b2819ebcaf5 Could not find a status for repository ********/environment-rhithm-dev-staging with ref 1955e18f7bfc81d77cf17cbdf4e86b2819ebcaf5
WARNING: Failed to query the Pull Request last commit status for https://github.com/********/environment-rhithm-dev-staging/pull/6 ref 1955e18f7bfc81d77cf17cbdf4e86b2819ebcaf5 Could not find a status for repository ********/environment-rhithm-dev-staging with ref 1955e18f7bfc81d77cf17cbdf4e86b2819ebcaf5
WARNING: Failed to query the Pull Request last commit status for https://github.com/********/environment-rhithm-dev-staging/pull/6 ref 1955e18f7bfc81d77cf17cbdf4e86b2819ebcaf5 Could not find a status for repository ********/environment-rhithm-dev-staging with ref 1955e18f7bfc81d77cf17cbdf4e86b2819ebcaf5
WARNING: Failed to query the Pull Request last commit status for https://github.com/********/environment-rhithm-dev-staging/pull/6 ref 1955e18f7bfc81d77cf17cbdf4e86b2819ebcaf5 Could not find a status for repository ********/environment-rhithm-dev-staging with ref 1955e18f7bfc81d77cf17cbdf4e86b2819ebcaf5
WARNING: Failed to query the Pull Request last commit status for https://github.com/********/environment-rhithm-dev-staging/pull/6 ref 1955e18f7bfc81d77cf17cbdf4e86b2819ebcaf5 Could not find a status for repository ********/environment-rhithm-dev-staging with ref 1955e18f7bfc81d77cf17cbdf4e86b2819ebcaf5
WARNING: Failed to query the Pull Request last commit status for https://github.com/********/environment-rhithm-dev-staging/pull/6 ref 1955e18f7bfc81d77cf17cbdf4e86b2819ebcaf5 Could not find a status for repository ********/environment-rhithm-dev-staging with ref 1955e18f7bfc81d77cf17cbdf4e86b2819ebcaf5
WARNING: Failed to query the Pull Request last commit status for https://github.com/********/environment-rhithm-dev-staging/pull/6 ref 1955e18f7bfc81d77cf17cbdf4e86b2819ebcaf5 Could not find a status for repository ********/environment-rhithm-dev-staging with ref 1955e18f7bfc81d77cf17cbdf4e86b2819ebcaf5
WARNING: Failed to query the Pull Request last commit status for https://github.com/********/environment-rhithm-dev-staging/pull/6 ref 1955e18f7bfc81d77cf17cbdf4e86b2819ebcaf5 Could not find a status for repository ********/environment-rhithm-dev-staging with ref 1955e18f7bfc81d77cf17cbdf4e86b2819ebcaf5
WARNING: Failed to query the Pull Request last commit status for https://github.com/********/environment-rhithm-dev-staging/pull/6 ref 1955e18f7bfc81d77cf17cbdf4e86b2819ebcaf5 Could not find a status for repository ********/environment-rhithm-dev-staging with ref 1955e18f7bfc81d77cf17cbdf4e86b2819ebcaf5
WARNING: Failed to query the Pull Request last commit status for https://github.com/********/environment-rhithm-dev-staging/pull/6 ref 1955e18f7bfc81d77cf17cbdf4e86b2819ebcaf5 Could not find a status for repository ********/environment-rhithm-dev-staging with ref 1955e18f7bfc81d77cf17cbdf4e86b2819ebcaf5
WARNING: Failed to query the Pull Request last commit status for https://github.com/********/environment-rhithm-dev-staging/pull/6 ref 1955e18f7bfc81d77cf17cbdf4e86b2819ebcaf5 Could not find a status for repository ********/environment-rhithm-dev-staging with ref 1955e18f7bfc81d77cf17cbdf4e86b2819ebcaf5
WARNING: Failed to query the Pull Request last commit status for https://github.com/********/environment-rhithm-dev-staging/pull/6 ref 1955e18f7bfc81d77cf17cbdf4e86b2819ebcaf5 Could not find a status for repository ********/environment-rhithm-dev-staging with ref 1955e18f7bfc81d77cf17cbdf4e86b2819ebcaf5
WARNING: Failed to query the Pull Request last commit status for https://github.com/********/environment-rhithm-dev-staging/pull/6 ref 1955e18f7bfc81d77cf17cbdf4e86b2819ebcaf5 Could not find a status for repository ********/environment-rhithm-dev-staging with ref 1955e18f7bfc81d77cf17cbdf4e86b2819ebcaf5
WARNING: Failed to query the Pull Request last commit status for https://github.com/********/environment-rhithm-dev-staging/pull/6 ref 1955e18f7bfc81d77cf17cbdf4e86b2819ebcaf5 Could not find a status for repository ********/environment-rhithm-dev-staging with ref 1955e18f7bfc81d77cf17cbdf4e86b2819ebcaf5
WARNING: Failed to query the Pull Request last commit status for https://github.com/********/environment-rhithm-dev-staging/pull/6 ref 1955e18f7bfc81d77cf17cbdf4e86b2819ebcaf5 Could not find a status for repository ********/environment-rhithm-dev-staging with ref 1955e18f7bfc81d77cf17cbdf4e86b2819ebcaf5
WARNING: Failed to query the Pull Request last commit status for https://github.com/********/environment-rhithm-dev-staging/pull/6 ref 1955e18f7bfc81d77cf17cbdf4e86b2819ebcaf5 Could not find a status for repository ********/environment-rhithm-dev-staging with ref 1955e18f7bfc81d77cf17cbdf4e86b2819ebcaf5
WARNING: Failed to query the Pull Request last commit status for https://github.com/********/environment-rhithm-dev-staging/pull/6 ref 1955e18f7bfc81d77cf17cbdf4e86b2819ebcaf5 Could not find a status for repository ********/environment-rhithm-dev-staging with ref 1955e18f7bfc81d77cf17cbdf4e86b2819ebcaf5
WARNING: Failed to query the Pull Request last commit status for https://github.com/********/environment-rhithm-dev-staging/pull/6 ref 1955e18f7bfc81d77cf17cbdf4e86b2819ebcaf5 Could not find a status for repository ********/environment-rhithm-dev-staging with ref 1955e18f7bfc81d77cf17cbdf4e86b2819ebcaf5
WARNING: Failed to query the Pull Request last commit status for https://github.com/********/environment-rhithm-dev-staging/pull/6 ref 1955e18f7bfc81d77cf17cbdf4e86b2819ebcaf5 Could not find a status for repository ********/environment-rhithm-dev-staging with ref 1955e18f7bfc81d77cf17cbdf4e86b2819ebcaf5
WARNING: Failed to query the Pull Request last commit status for https://github.com/********/environment-rhithm-dev-staging/pull/6 ref 1955e18f7bfc81d77cf17cbdf4e86b2819ebcaf5 Could not find a status for repository ********/environment-rhithm-dev-staging with ref 1955e18f7bfc81d77cf17cbdf4e86b2819ebcaf5
WARNING: Failed to query the Pull Request last commit status for https://github.com/********/environment-rhithm-dev-staging/pull/6 ref 1955e18f7bfc81d77cf17cbdf4e86b2819ebcaf5 Could not find a status for repository ********/environment-rhithm-dev-staging with ref 1955e18f7bfc81d77cf17cbdf4e86b2819ebcaf5
WARNING: Failed to query the Pull Request last commit status for https://github.com/********/environment-rhithm-dev-staging/pull/6 ref 1955e18f7bfc81d77cf17cbdf4e86b2819ebcaf5 Could not find a status for repository ********/environment-rhithm-dev-staging with ref 1955e18f7bfc81d77cf17cbdf4e86b2819ebcaf5
WARNING: Failed to query the Pull Request last commit status for https://github.com/********/environment-rhithm-dev-staging/pull/6 ref 1955e18f7bfc81d77cf17cbdf4e86b2819ebcaf5 Could not find a status for repository ********/environment-rhithm-dev-staging with ref 1955e18f7bfc81d77cf17cbdf4e86b2819ebcaf5
WARNING: Failed to query the Pull Request last commit status for https://github.com/********/environment-rhithm-dev-staging/pull/6 ref 1955e18f7bfc81d77cf17cbdf4e86b2819ebcaf5 Could not find a status for repository ********/environment-rhithm-dev-staging with ref 1955e18f7bfc81d77cf17cbdf4e86b2819ebcaf5
WARNING: Failed to query the Pull Request last commit status for https://github.com/********/environment-rhithm-dev-staging/pull/6 ref 1955e18f7bfc81d77cf17cbdf4e86b2819ebcaf5 Could not find a status for repository ********/environment-rhithm-dev-staging with ref 1955e18f7bfc81d77cf17cbdf4e86b2819ebcaf5
WARNING: Failed to query the Pull Request last commit status for https://github.com/********/environment-rhithm-dev-staging/pull/6 ref 1955e18f7bfc81d77cf17cbdf4e86b2819ebcaf5 Could not find a status for repository ********/environment-rhithm-dev-staging with ref 1955e18f7bfc81d77cf17cbdf4e86b2819ebcaf5
WARNING: Failed to query the Pull Request last commit status for https://github.com/********/environment-rhithm-dev-staging/pull/6 ref 1955e18f7bfc81d77cf17cbdf4e86b2819ebcaf5 Could not find a status for repository ********/environment-rhithm-dev-staging with ref 1955e18f7bfc81d77cf17cbdf4e86b2819ebcaf5
WARNING: Failed to query the Pull Request last commit status for https://github.com/********/environment-rhithm-dev-staging/pull/6 ref 1955e18f7bfc81d77cf17cbdf4e86b2819ebcaf5 Could not find a status for repository ********/environment-rhithm-dev-staging with ref 1955e18f7bfc81d77cf17cbdf4e86b2819ebcaf5
WARNING: Failed to query the Pull Request last commit status for https://github.com/********/environment-rhithm-dev-staging/pull/6 ref 1955e18f7bfc81d77cf17cbdf4e86b2819ebcaf5 Could not find a status for repository ********/environment-rhithm-dev-staging with ref 1955e18f7bfc81d77cf17cbdf4e86b2819ebcaf5
WARNING: Failed to query the Pull Request last commit status for https://github.com/********/environment-rhithm-dev-staging/pull/6 ref 1955e18f7bfc81d77cf17cbdf4e86b2819ebcaf5 Could not find a status for repository ********/environment-rhithm-dev-staging with ref 1955e18f7bfc81d77cf17cbdf4e86b2819ebcaf5
WARNING: Failed to query the Pull Request last commit status for https://github.com/********/environment-rhithm-dev-staging/pull/6 ref 1955e18f7bfc81d77cf17cbdf4e86b2819ebcaf5 Could not find a status for repository ********/environment-rhithm-dev-staging with ref 1955e18f7bfc81d77cf17cbdf4e86b2819ebcaf5
WARNING: Failed to query the Pull Request last commit status for https://github.com/********/environment-rhithm-dev-staging/pull/6 ref 1955e18f7bfc81d77cf17cbdf4e86b2819ebcaf5 Could not find a status for repository ********/environment-rhithm-dev-staging with ref 1955e18f7bfc81d77cf17cbdf4e86b2819ebcaf5
WARNING: Failed to query the Pull Request last commit status for https://github.com/********/environment-rhithm-dev-staging/pull/6 ref 1955e18f7bfc81d77cf17cbdf4e86b2819ebcaf5 Could not find a status for repository ********/environment-rhithm-dev-staging with ref 1955e18f7bfc81d77cf17cbdf4e86b2819ebcaf5
WARNING: Failed to query the Pull Request last commit status for https://github.com/********/environment-rhithm-dev-staging/pull/6 ref 1955e18f7bfc81d77cf17cbdf4e86b2819ebcaf5 Could not find a status for repository ********/environment-rhithm-dev-staging with ref 1955e18f7bfc81d77cf17cbdf4e86b2819ebcaf5
WARNING: Failed to query the Pull Request last commit status for https://github.com/********/environment-rhithm-dev-staging/pull/6 ref 1955e18f7bfc81d77cf17cbdf4e86b2819ebcaf5 Could not find a status for repository ********/environment-rhithm-dev-staging with ref 1955e18f7bfc81d77cf17cbdf4e86b2819ebcaf5
WARNING: Failed to query the Pull Request last commit status for https://github.com/********/environment-rhithm-dev-staging/pull/6 ref 1955e18f7bfc81d77cf17cbdf4e86b2819ebcaf5 Could not find a status for repository ********/environment-rhithm-dev-staging with ref 1955e18f7bfc81d77cf17cbdf4e86b2819ebcaf5
WARNING: Failed to query the Pull Request last commit status for https://github.com/********/environment-rhithm-dev-staging/pull/6 ref 1955e18f7bfc81d77cf17cbdf4e86b2819ebcaf5 Could not find a status for repository ********/environment-rhithm-dev-staging with ref 1955e18f7bfc81d77cf17cbdf4e86b2819ebcaf5
WARNING: Failed to query the Pull Request last commit status for https://github.com/********/environment-rhithm-dev-staging/pull/6 ref 1955e18f7bfc81d77cf17cbdf4e86b2819ebcaf5 Could not find a status for repository ********/environment-rhithm-dev-staging with ref 1955e18f7bfc81d77cf17cbdf4e86b2819ebcaf5
WARNING: Failed to query the Pull Request last commit status for https://github.com/********/environment-rhithm-dev-staging/pull/6 ref 1955e18f7bfc81d77cf17cbdf4e86b2819ebcaf5 Could not find a status for repository ********/environment-rhithm-dev-staging with ref 1955e18f7bfc81d77cf17cbdf4e86b2819ebcaf5
error: Timed out waiting for pull request https://github.com/********/environment-rhithm-dev-staging/pull/6 to merge. Waited 1h0m0s
[31m
Pipeline failed on stage 'from-build-pack' : container 'step-promote-jx-promote'. The execution of the pipeline has stopped.[0m
